<Event xmlns="http://schemas.microsoft.com/win/2004/08/events/event"><System><Provider Name="Microsoft-Windows-WindowsUpdateClient" Guid="{945a8954-c147-4acd-923f-40c45405a658}"></Provider>
<EventID Qualifiers="">19</EventID>
<Version>1</Version>
<Level>4</Level>
<Task>1</Task>
<Opcode>13</Opcode>
<Keywords>0x8000000000000018</Keywords>
<TimeCreated SystemTime="2024-12-01 17:50:49.325878"></TimeCreated>
<EventRecordID>515</EventRecordID>
<Correlation ActivityID="{16dc60bd-4407-0001-8195-dc160744db01}" RelatedActivityID=""></Correlation>
<Execution ProcessID="968" ThreadID="4800"></Execution>
<Channel>System</Channel>
<Computer>DESKTOP-DMF0A8P</Computer>
<Security UserID="S-1-5-18"></Security>
</System>
<EventData><Data Name="updateTitle">9MZ95KL8MR0L-Microsoft.ScreenSketch</Data>
<Data Name="updateGuid">{473bde85-a146-4976-b9b4-b892e6088b8f}</Data>
<Data Name="updateRevisionNumber">1</Data>
<Data Name="serviceGuid">{855e8a7c-ecb4-4ca3-b045-1dfa50104289}</Data>
</EventData>
</Event>

<Event xmlns="http://schemas.microsoft.com/win/2004/08/events/event"><System><Provider Name="Microsoft-Windows-WindowsUpdateClient" Guid="{945a8954-c147-4acd-923f-40c45405a658}"></Provider>
<EventID Qualifiers="">44</EventID>
<Version>1</Version>
<Level>4</Level>
<Task>1</Task>
<Opcode>12</Opcode>
<Keywords>0x8000000000002004</Keywords>
<TimeCreated SystemTime="2024-12-01 17:50:53.400764"></TimeCreated>
<EventRecordID>516</EventRecordID>
<Correlation ActivityID="{16dc60bd-4407-0000-1e96-dc160744db01}" RelatedActivityID=""></Correlation>
<Execution ProcessID="968" ThreadID="2608"></Execution>
<Channel>System</Channel>
<Computer>DESKTOP-DMF0A8P</Computer>
<Security UserID="S-1-5-18"></Security>
</System>
<EventData><Data Name="updateTitle">9NSTH9KHZDLQ-Microsoft.UI.Xaml.2.8</Data>
<Data Name="updateGuid">{9ffb5e7d-d2e9-43a1-ad40-7bcc5c4f74f8}</Data>
<Data Name="updateRevisionNumber">1</Data>
</EventData>
</Event>

<Event xmlns="http://schemas.microsoft.com/win/2004/08/events/event"><System><Provider Name="Microsoft-Windows-WindowsUpdateClient" Guid="{945a8954-c147-4acd-923f-40c45405a658}"></Provider>
<EventID Qualifiers="">44</EventID>
<Version>1</Version>
<Level>4</Level>
<Task>1</Task>
<Opcode>12</Opcode>
<Keywords>0x8000000000002004</Keywords>
<TimeCreated SystemTime="2024-12-01 17:50:53.400766"></TimeCreated>
<EventRecordID>517</EventRecordID>
<Correlation ActivityID="{16dc60bd-4407-0000-1e96-dc160744db01}" RelatedActivityID=""></Correlation>
<Execution ProcessID="968" ThreadID="2608"></Execution>
<Channel>System</Channel>
<Computer>DESKTOP-DMF0A8P</Computer>
<Security UserID="S-1-5-18"></Security>
</System>
<EventData><Data Name="updateTitle">9WZDNCRFJBH4-Microsoft.Windows.Photos</Data>
<Data Name="updateGuid">{4bc02304-ab93-4aaf-91d4-b60144c8c860}</Data>
<Data Name="updateRevisionNumber">1</Data>
</EventData>
</Event>

<Event xmlns="http://schemas.microsoft.com/win/2004/08/events/event"><System><Provider Name="Microsoft-Windows-WindowsUpdateClient" Guid="{945a8954-c147-4acd-923f-40c45405a658}"></Provider>
<EventID Qualifiers="">44</EventID>
<Version>1</Version>
<Level>4</Level>
<Task>1</Task>
<Opcode>12</Opcode>
<Keywords>0x8000000000002004</Keywords>
<TimeCreated SystemTime="2024-12-01 17:50:53.400768"></TimeCreated>
<EventRecordID>518</EventRecordID>
<Correlation ActivityID="{16dc60bd-4407-0000-1e96-dc160744db01}" RelatedActivityID=""></Correlation>
<Execution ProcessID="968" ThreadID="2608"></Execution>
<Channel>System</Channel>
<Computer>DESKTOP-DMF0A8P</Computer>
<Security UserID="S-1-5-18"></Security>
</System>
<EventData><Data Name="updateTitle">9NBLGGH3FRZM-Microsoft.VCLibs.140.00</Data>
<Data Name="updateGuid">{7c4b0956-b3f1-40ac-a633-668abc5d6af2}</Data>
<Data Name="updateRevisionNumber">1</Data>
</EventData>
</Event>

<Event xmlns="http://schemas.microsoft.com/win/2004/08/events/event"><System><Provider Name="Microsoft-Windows-WindowsUpdateClient" Guid="{945a8954-c147-4acd-923f-40c45405a658}"></Provider>
<EventID Qualifiers="">44</EventID>
<Version>1</Version>
<Level>4</Level>
<Task>1</Task>
<Opcode>12</Opcode>
<Keywords>0x8000000000002004</Keywords>
<TimeCreated SystemTime="2024-12-01 17:50:53.400768"></TimeCreated>
<EventRecordID>519</EventRecordID>
<Correlation ActivityID="{16dc60bd-4407-0000-1e96-dc160744db01}" RelatedActivityID=""></Correlation>
<Execution ProcessID="968" ThreadID="2608"></Execution>
<Channel>System</Channel>
<Computer>DESKTOP-DMF0A8P</Computer>
<Security UserID="S-1-5-18"></Security>
</System>
<EventData><Data Name="updateTitle">9WZDNCRFJBH4-Microsoft.Windows.Photos</Data>
<Data Name="updateGuid">{4bc02304-ab93-4aaf-91d4-b60144c8c860}</Data>
<Data Name="updateRevisionNumber">1</Data>
</EventData>
</Event>

<Event xmlns="http://schemas.microsoft.com/win/2004/08/events/event"><System><Provider Name="Microsoft-Windows-WindowsUpdateClient" Guid="{945a8954-c147-4acd-923f-40c45405a658}"></Provider>
<EventID Qualifiers="">44</EventID>
<Version>1</Version>
<Level>4</Level>
<Task>1</Task>
<Opcode>12</Opcode>
<Keywords>0x8000000000002004</Keywords>
<TimeCreated SystemTime="2024-12-01 17:50:53.400770"></TimeCreated>
<EventRecordID>520</EventRecordID>
<Correlation ActivityID="{16dc60bd-4407-0000-1e96-dc160744db01}" RelatedActivityID=""></Correlation>
<Execution ProcessID="968" ThreadID="2608"></Execution>
<Channel>System</Channel>
<Computer>DESKTOP-DMF0A8P</Computer>
<Security UserID="S-1-5-18"></Security>
</System>
<EventData><Data Name="updateTitle">9NBLGGH3FRZM-Microsoft.VCLibs.140.00</Data>
<Data Name="updateGuid">{7c4b0956-b3f1-40ac-a633-668abc5d6af2}</Data>
<Data Name="updateRevisionNumber">1</Data>
</EventData>
</Event>

<Event xmlns="http://schemas.microsoft.com/win/2004/08/events/event"><System><Provider Name="Microsoft-Windows-WindowsUpdateClient" Guid="{945a8954-c147-4acd-923f-40c45405a658}"></Provider>
<EventID Qualifiers="">44</EventID>
<Version>1</Version>
<Level>4</Level>
<Task>1</Task>
<Opcode>12</Opcode>
<Keywords>0x8000000000002004</Keywords>
<TimeCreated SystemTime="2024-12-01 17:50:55.057833"></TimeCreated>
<EventRecordID>521</EventRecordID>
<Correlation ActivityID="{16dc60bd-4407-0000-1e96-dc160744db01}" RelatedActivityID=""></Correlation>
<Execution ProcessID="968" ThreadID="2608"></Execution>
<Channel>System</Channel>
<Computer>DESKTOP-DMF0A8P</Computer>
<Security UserID="S-1-5-18"></Security>
</System>
<EventData><Data Name="updateTitle">9PLL735RFDSM-Microsoft.NET.Native.Runtime.2.2</Data>
<Data Name="updateGuid">{9c137291-4059-4cb8-b650-12b07bbe1da1}</Data>
<Data Name="updateRevisionNumber">1</Data>
</EventData>
</Event>

<Event xmlns="http://schemas.microsoft.com/win/2004/08/events/event"><System><Provider Name="Microsoft-Windows-WindowsUpdateClient" Guid="{945a8954-c147-4acd-923f-40c45405a658}"></Provider>
<EventID Qualifiers="">44</EventID>
<Version>1</Version>
<Level>4</Level>
<Task>1</Task>
<Opcode>12</Opcode>
<Keywords>0x8000000000002004</Keywords>
<TimeCreated SystemTime="2024-12-01 17:50:55.057835"></TimeCreated>
<EventRecordID>522</EventRecordID>
<Correlation ActivityID="{16dc60bd-4407-0000-1e96-dc160744db01}" RelatedActivityID=""></Correlation>
<Execution ProcessID="968" ThreadID="2608"></Execution>
<Channel>System</Channel>
<Computer>DESKTOP-DMF0A8P</Computer>
<Security UserID="S-1-5-18"></Security>
</System>
<EventData><Data Name="updateTitle">9PLL735RFDSM-Microsoft.NET.Native.Runtime.2.2</Data>
<Data Name="updateGuid">{9c137291-4059-4cb8-b650-12b07bbe1da1}</Data>
<Data Name="updateRevisionNumber">1</Data>
</EventData>
</Event>

<Event xmlns="http://schemas.microsoft.com/win/2004/08/events/event"><System><Provider Name="Microsoft-Windows-WindowsUpdateClient" Guid="{945a8954-c147-4acd-923f-40c45405a658}"></Provider>
<EventID Qualifiers="">44</EventID>
<Version>1</Version>
<Level>4</Level>
<Task>1</Task>
<Opcode>12</Opcode>
<Keywords>0x8000000000002004</Keywords>
<TimeCreated SystemTime="2024-12-01 17:50:59.819227"></TimeCreated>
<EventRecordID>523</EventRecordID>
<Correlation ActivityID="{16dc60bd-4407-0000-1e96-dc160744db01}" RelatedActivityID=""></Correlation>
<Execution ProcessID="968" ThreadID="2608"></Execution>
<Channel>System</Channel>
<Computer>DESKTOP-DMF0A8P</Computer>
<Security UserID="S-1-5-18"></Security>
</System>
<EventData><Data Name="updateTitle">9MW2LKJ0TPJF-Microsoft.NET.Native.Framework.2.2</Data>
<Data Name="updateGuid">{bfa7d40d-2cdf-4c15-98cf-85c847517da3}</Data>
<Data Name="updateRevisionNumber">1</Data>
</EventData>
</Event>

<Event xmlns="http://schemas.microsoft.com/win/2004/08/events/event"><System><Provider Name="Microsoft-Windows-WindowsUpdateClient" Guid="{945a8954-c147-4acd-923f-40c45405a658}"></Provider>
<EventID Qualifiers="">44</EventID>
<Version>1</Version>
<Level>4</Level>
<Task>1</Task>
<Opcode>12</Opcode>
<Keywords>0x8000000000002004</Keywords>
<TimeCreated SystemTime="2024-12-01 17:50:59.819229"></TimeCreated>
<EventRecordID>524</EventRecordID>
<Correlation ActivityID="{16dc60bd-4407-0000-1e96-dc160744db01}" RelatedActivityID=""></Correlation>
<Execution ProcessID="968" ThreadID="2608"></Execution>
<Channel>System</Channel>
<Computer>DESKTOP-DMF0A8P</Computer>
<Security UserID="S-1-5-18"></Security>
</System>
<EventData><Data Name="updateTitle">9MW2LKJ0TPJF-Microsoft.NET.Native.Framework.2.2</Data>
<Data Name="updateGuid">{bfa7d40d-2cdf-4c15-98cf-85c847517da3}</Data>
<Data Name="updateRevisionNumber">1</Data>
</EventData>
</Event>

<Event xmlns="http://schemas.microsoft.com/win/2004/08/events/event"><System><Provider Name="Microsoft-Windows-WindowsUpdateClient" Guid="{945a8954-c147-4acd-923f-40c45405a658}"></Provider>
<EventID Qualifiers="">44</EventID>
<Version>1</Version>
<Level>4</Level>
<Task>1</Task>
<Opcode>12</Opcode>
<Keywords>0x8000000000002004</Keywords>
<TimeCreated SystemTime="2024-12-01 17:51:06.193306"></TimeCreated>
<EventRecordID>525</EventRecordID>
<Correlation ActivityID="{16dc60bd-4407-0000-1e96-dc160744db01}" RelatedActivityID=""></Correlation>
<Execution ProcessID="968" ThreadID="2608"></Execution>
<Channel>System</Channel>
<Computer>DESKTOP-DMF0A8P</Computer>
<Security UserID="S-1-5-18"></Security>
</System>
<EventData><Data Name="updateTitle">9WZDNCRFHWD2-Microsoft.MicrosoftSolitaireCollection</Data>
<Data Name="updateGuid">{dd9520d5-63db-4e24-a332-1b6f5a8c1b38}</Data>
<Data Name="updateRevisionNumber">1</Data>
</EventData>
</Event>

<Event xmlns="http://schemas.microsoft.com/win/2004/08/events/event"><System><Provider Name="Microsoft-Windows-Kernel-General" Guid="{a68ca8b7-004f-d7b6-a698-07e2de0f1f5d}"></Provider>
<EventID Qualifiers="">16</EventID>
<Version>0</Version>
<Level>4</Level>
<Task>0</Task>
<Opcode>0</Opcode>
<Keywords>0x8000000000000000</Keywords>
<TimeCreated SystemTime="2024-12-01 17:52:28.981171"></TimeCreated>
<EventRecordID>526</EventRecordID>
<Correlation ActivityID="" RelatedActivityID=""></Correlation>
<Execution ProcessID="4464" ThreadID="2248"></Execution>
<Channel>System</Channel>
<Computer>DESKTOP-DMF0A8P</Computer>
<Security UserID="S-1-5-18"></Security>
</System>
<EventData><Data Name="HiveNameLength">142</Data>
<Data Name="HiveName">\??\C:\ProgramData\Microsoft\Windows\AppRepository\Packages\Microsoft.Windows.Photos_2024.11100.16009.0_x64__8wekyb3d8bbwe\ActivationStore.dat</Data>
<Data Name="KeysUpdated">0</Data>
<Data Name="DirtyPages">0</Data>
</EventData>
</Event>

<Event xmlns="http://schemas.microsoft.com/win/2004/08/events/event"><System><Provider Name="Microsoft-Windows-WindowsUpdateClient" Guid="{945a8954-c147-4acd-923f-40c45405a658}"></Provider>
<EventID Qualifiers="">44</EventID>
<Version>1</Version>
<Level>4</Level>
<Task>1</Task>
<Opcode>12</Opcode>
<Keywords>0x8000000000002004</Keywords>
<TimeCreated SystemTime="2024-12-01 17:52:35.420719"></TimeCreated>
<EventRecordID>527</EventRecordID>
<Correlation ActivityID="{16dc60bd-4407-0000-1e96-dc160744db01}" RelatedActivityID=""></Correlation>
<Execution ProcessID="968" ThreadID="2608"></Execution>
<Channel>System</Channel>
<Computer>DESKTOP-DMF0A8P</Computer>
<Security UserID="S-1-5-18"></Security>
</System>
<EventData><Data Name="updateTitle">9NH2SW16MQ7F-Microsoft.WindowsAppRuntime.1.5</Data>
<Data Name="updateGuid">{8773522e-91d4-4492-bde6-bbb32e34cc4e}</Data>
<Data Name="updateRevisionNumber">1</Data>
</EventData>
</Event>

<Event xmlns="http://schemas.microsoft.com/win/2004/08/events/event"><System><Provider Name="Microsoft-Windows-WindowsUpdateClient" Guid="{945a8954-c147-4acd-923f-40c45405a658}"></Provider>
<EventID Qualifiers="">44</EventID>
<Version>1</Version>
<Level>4</Level>
<Task>1</Task>
<Opcode>12</Opcode>
<Keywords>0x8000000000002004</Keywords>
<TimeCreated SystemTime="2024-12-01 17:52:35.420721"></TimeCreated>
<EventRecordID>528</EventRecordID>
<Correlation ActivityID="{16dc60bd-4407-0000-1e96-dc160744db01}" RelatedActivityID=""></Correlation>
<Execution ProcessID="968" ThreadID="2608"></Execution>
<Channel>System</Channel>
<Computer>DESKTOP-DMF0A8P</Computer>
<Security UserID="S-1-5-18"></Security>
</System>
<EventData><Data Name="updateTitle">9NH2SW16MQ7F-Microsoft.WindowsAppRuntime.1.5</Data>
<Data Name="updateGuid">{8773522e-91d4-4492-bde6-bbb32e34cc4e}</Data>
<Data Name="updateRevisionNumber">1</Data>
</EventData>
</Event>

<Event xmlns="http://schemas.microsoft.com/win/2004/08/events/event"><System><Provider Name="Microsoft-Windows-WindowsUpdateClient" Guid="{945a8954-c147-4acd-923f-40c45405a658}"></Provider>
<EventID Qualifiers="">43</EventID>
<Version>1</Version>
<Level>4</Level>
<Task>1</Task>
<Opcode>13</Opcode>
<Keywords>0x8000000000002008</Keywords>
<TimeCreated SystemTime="2024-12-01 17:52:35.420799"></TimeCreated>
<EventRecordID>529</EventRecordID>
<Correlation ActivityID="{16dc60bd-4407-0000-1e96-dc160744db01}" RelatedActivityID=""></Correlation>
<Execution ProcessID="968" ThreadID="2608"></Execution>
<Channel>System</Channel>
<Computer>DESKTOP-DMF0A8P</Computer>
<Security UserID="S-1-5-18"></Security>
</System>
<EventData><Data Name="updateTitle">9WZDNCRFJBH4-Microsoft.Windows.Photos</Data>
<Data Name="updateGuid">{4bc02304-ab93-4aaf-91d4-b60144c8c860}</Data>
<Data Name="updateRevisionNumber">1</Data>
</EventData>
</Event>

<Event xmlns="http://schemas.microsoft.com/win/2004/08/events/event"><System><Provider Name="Microsoft-Windows-WindowsUpdateClient" Guid="{945a8954-c147-4acd-923f-40c45405a658}"></Provider>
<EventID Qualifiers="">19</EventID>
<Version>1</Version>
<Level>4</Level>
<Task>1</Task>
<Opcode>13</Opcode>
<Keywords>0x8000000000000018</Keywords>
<TimeCreated SystemTime="2024-12-01 17:52:36.988228"></TimeCreated>
<EventRecordID>530</EventRecordID>
<Correlation ActivityID="{16dc60bd-4407-0001-e395-dc160744db01}" RelatedActivityID=""></Correlation>
<Execution ProcessID="968" ThreadID="6100"></Execution>
<Channel>System</Channel>
<Computer>DESKTOP-DMF0A8P</Computer>
<Security UserID="S-1-5-18"></Security>
</System>
<EventData><Data Name="updateTitle">9WZDNCRFJBH4-Microsoft.Windows.Photos</Data>
<Data Name="updateGuid">{4bc02304-ab93-4aaf-91d4-b60144c8c860}</Data>
<Data Name="updateRevisionNumber">1</Data>
<Data Name="serviceGuid">{855e8a7c-ecb4-4ca3-b045-1dfa50104289}</Data>
</EventData>
</Event>

<Event xmlns="http://schemas.microsoft.com/win/2004/08/events/event"><System><Provider Name="Microsoft-Windows-WindowsUpdateClient" Guid="{945a8954-c147-4acd-923f-40c45405a658}"></Provider>
<EventID Qualifiers="">44</EventID>
<Version>1</Version>
<Level>4</Level>
<Task>1</Task>
<Opcode>12</Opcode>
<Keywords>0x8000000000002004</Keywords>
<TimeCreated SystemTime="2024-12-01 17:52:42.626282"></TimeCreated>
<EventRecordID>531</EventRecordID>
<Correlation ActivityID="{16dc60bd-4407-0000-1e96-dc160744db01}" RelatedActivityID=""></Correlation>
<Execution ProcessID="968" ThreadID="2608"></Execution>
<Channel>System</Channel>
<Computer>DESKTOP-DMF0A8P</Computer>
<Security UserID="S-1-5-18"></Security>
</System>
<EventData><Data Name="updateTitle">9PMMSR1CGPWG-Microsoft.HEIFImageExtension</Data>
<Data Name="updateGuid">{af84ab07-3c9b-4eec-992f-d5281445da6e}</Data>
<Data Name="updateRevisionNumber">1</Data>
</EventData>
</Event>

<Event xmlns="http://schemas.microsoft.com/win/2004/08/events/event"><System><Provider Name="Microsoft-Windows-WindowsUpdateClient" Guid="{945a8954-c147-4acd-923f-40c45405a658}"></Provider>
<EventID Qualifiers="">43</EventID>
<Version>1</Version>
<Level>4</Level>
<Task>1</Task>
<Opcode>13</Opcode>
<Keywords>0x8000000000002008</Keywords>
<TimeCreated SystemTime="2024-12-01 17:52:43.503748"></TimeCreated>
<EventRecordID>532</EventRecordID>
<Correlation ActivityID="" RelatedActivityID=""></Correlation>
<Execution ProcessID="968" ThreadID="2868"></Execution>
<Channel>System</Channel>
<Computer>DESKTOP-DMF0A8P</Computer>
<Security UserID="S-1-5-18"></Security>
</System>
<EventData><Data Name="updateTitle">9PMMSR1CGPWG-Microsoft.HEIFImageExtension</Data>
<Data Name="updateGuid">{af84ab07-3c9b-4eec-992f-d5281445da6e}</Data>
<Data Name="updateRevisionNumber">1</Data>
</EventData>
</Event>

<Event xmlns="http://schemas.microsoft.com/win/2004/08/events/event"><System><Provider Name="Microsoft-Windows-Kernel-General" Guid="{a68ca8b7-004f-d7b6-a698-07e2de0f1f5d}"></Provider>
<EventID Qualifiers="">16</EventID>
<Version>0</Version>
<Level>4</Level>
<Task>0</Task>
<Opcode>0</Opcode>
<Keywords>0x8000000000000000</Keywords>
<TimeCreated SystemTime="2024-12-01 17:52:43.642269"></TimeCreated>
<EventRecordID>533</EventRecordID>
<Correlation ActivityID="" RelatedActivityID=""></Correlation>
<Execution ProcessID="4464" ThreadID="2248"></Execution>
<Channel>System</Channel>
<Computer>DESKTOP-DMF0A8P</Computer>
<Security UserID="S-1-5-21-136699128-1468578893-72476632-1001"></Security>
</System>
<EventData><Data Name="HiveNameLength">107</Data>
<Data Name="HiveName">\??\C:\Users\Hacker\AppData\Local\Packages\Microsoft.HEIFImageExtension_8wekyb3d8bbwe\Settings\settings.dat</Data>
<Data Name="KeysUpdated">3</Data>
<Data Name="DirtyPages">1</Data>
</EventData>
</Event>

<Event xmlns="http://schemas.microsoft.com/win/2004/08/events/event"><System><Provider Name="Microsoft-Windows-WindowsUpdateClient" Guid="{945a8954-c147-4acd-923f-40c45405a658}"></Provider>
<EventID Qualifiers="">19</EventID>
<Version>1</Version>
<Level>4</Level>
<Task>1</Task>
<Opcode>13</Opcode>
<Keywords>0x8000000000000018</Keywords>
<TimeCreated SystemTime="2024-12-01 17:52:43.968447"></TimeCreated>
<EventRecordID>534</EventRecordID>
<Correlation ActivityID="{16dc60bd-4407-0000-0b9a-dc160744db01}" RelatedActivityID=""></Correlation>
<Execution ProcessID="968" ThreadID="2868"></Execution>
<Channel>System</Channel>
<Computer>DESKTOP-DMF0A8P</Computer>
<Security UserID="S-1-5-18"></Security>
</System>
<EventData><Data Name="updateTitle">9PMMSR1CGPWG-Microsoft.HEIFImageExtension</Data>
<Data Name="updateGuid">{af84ab07-3c9b-4eec-992f-d5281445da6e}</Data>
<Data Name="updateRevisionNumber">1</Data>
<Data Name="serviceGuid">{855e8a7c-ecb4-4ca3-b045-1dfa50104289}</Data>
</EventData>
</Event>

<Event xmlns="http://schemas.microsoft.com/win/2004/08/events/event"><System><Provider Name="Microsoft-Windows-WindowsUpdateClient" Guid="{945a8954-c147-4acd-923f-40c45405a658}"></Provider>
<EventID Qualifiers="">44</EventID>
<Version>1</Version>
<Level>4</Level>
<Task>1</Task>
<Opcode>12</Opcode>
<Keywords>0x8000000000002004</Keywords>
<TimeCreated SystemTime="2024-12-01 17:52:49.831413"></TimeCreated>
<EventRecordID>535</EventRecordID>
<Correlation ActivityID="{16dc60bd-4407-0000-1e96-dc160744db01}" RelatedActivityID=""></Correlation>
<Execution ProcessID="968" ThreadID="2608"></Execution>
<Channel>System</Channel>
<Computer>DESKTOP-DMF0A8P</Computer>
<Security UserID="S-1-5-18"></Security>
</System>
<EventData><Data Name="updateTitle">9NSTH9KHZDLQ-Microsoft.UI.Xaml.2.8</Data>
<Data Name="updateGuid">{9ffb5e7d-d2e9-43a1-ad40-7bcc5c4f74f8}</Data>
<Data Name="updateRevisionNumber">1</Data>
</EventData>
</Event>

<Event xmlns="http://schemas.microsoft.com/win/2004/08/events/event"><System><Provider Name="Microsoft-Windows-WindowsUpdateClient" Guid="{945a8954-c147-4acd-923f-40c45405a658}"></Provider>
<EventID Qualifiers="">44</EventID>
<Version>1</Version>
<Level>4</Level>
<Task>1</Task>
<Opcode>12</Opcode>
<Keywords>0x8000000000002004</Keywords>
<TimeCreated SystemTime="2024-12-01 17:52:49.831419"></TimeCreated>
<EventRecordID>536</EventRecordID>
<Correlation ActivityID="{16dc60bd-4407-0000-1e96-dc160744db01}" RelatedActivityID=""></Correlation>
<Execution ProcessID="968" ThreadID="2608"></Execution>
<Channel>System</Channel>
<Computer>DESKTOP-DMF0A8P</Computer>
<Security UserID="S-1-5-18"></Security>
</System>
<EventData><Data Name="updateTitle">9WZDNCRFHWD2-Microsoft.MicrosoftSolitaireCollection</Data>
<Data Name="updateGuid">{dd9520d5-63db-4e24-a332-1b6f5a8c1b38}</Data>
<Data Name="updateRevisionNumber">1</Data>
</EventData>
</Event>

<Event xmlns="http://schemas.microsoft.com/win/2004/08/events/event"><System><Provider Name="Microsoft-Windows-WindowsUpdateClient" Guid="{945a8954-c147-4acd-923f-40c45405a658}"></Provider>
<EventID Qualifiers="">44</EventID>
<Version>1</Version>
<Level>4</Level>
<Task>1</Task>
<Opcode>12</Opcode>
<Keywords>0x8000000000002004</Keywords>
<TimeCreated SystemTime="2024-12-01 17:52:49.831423"></TimeCreated>
<EventRecordID>537</EventRecordID>
<Correlation ActivityID="{16dc60bd-4407-0000-1e96-dc160744db01}" RelatedActivityID=""></Correlation>
<Execution ProcessID="968" ThreadID="2608"></Execution>
<Channel>System</Channel>
<Computer>DESKTOP-DMF0A8P</Computer>
<Security UserID="S-1-5-18"></Security>
</System>
<EventData><Data Name="updateTitle">9NBLGGH4NNS1-Microsoft.DesktopAppInstaller</Data>
<Data Name="updateGuid">{3e695059-10d9-46e1-8684-4407b6814dc5}</Data>
<Data Name="updateRevisionNumber">1</Data>
</EventData>
</Event>

<Event xmlns="http://schemas.microsoft.com/win/2004/08/events/event"><System><Provider Name="Microsoft-Windows-Kernel-General" Guid="{a68ca8b7-004f-d7b6-a698-07e2de0f1f5d}"></Provider>
<EventID Qualifiers="">16</EventID>
<Version>0</Version>
<Level>4</Level>
<Task>0</Task>
<Opcode>0</Opcode>
<Keywords>0x8000000000000000</Keywords>
<TimeCreated SystemTime="2024-12-01 17:53:34.830900"></TimeCreated>
<EventRecordID>538</EventRecordID>
<Correlation ActivityID="" RelatedActivityID=""></Correlation>
<Execution ProcessID="4464" ThreadID="424"></Execution>
<Channel>System</Channel>
<Computer>DESKTOP-DMF0A8P</Computer>
<Security UserID="S-1-5-18"></Security>
</System>
<EventData><Data Name="HiveNameLength">150</Data>
<Data Name="HiveName">\??\C:\ProgramData\Microsoft\Windows\AppRepository\Packages\Microsoft.MicrosoftSolitaireCollection_4.21.11061.0_x64__8wekyb3d8bbwe\ActivationStore.dat</Data>
<Data Name="KeysUpdated">0</Data>
<Data Name="DirtyPages">0</Data>
</EventData>
</Event>

<Event xmlns="http://schemas.microsoft.com/win/2004/08/events/event"><System><Provider Name="Microsoft-Windows-WindowsUpdateClient" Guid="{945a8954-c147-4acd-923f-40c45405a658}"></Provider>
<EventID Qualifiers="">43</EventID>
<Version>1</Version>
<Level>4</Level>
<Task>1</Task>
<Opcode>13</Opcode>
<Keywords>0x8000000000002008</Keywords>
<TimeCreated SystemTime="2024-12-01 17:53:36.722855"></TimeCreated>
<EventRecordID>539</EventRecordID>
<Correlation ActivityID="" RelatedActivityID=""></Correlation>
<Execution ProcessID="968" ThreadID="1464"></Execution>
<Channel>System</Channel>
<Computer>DESKTOP-DMF0A8P</Computer>
<Security UserID="S-1-5-18"></Security>
</System>
<EventData><Data Name="updateTitle">9WZDNCRFHWD2-Microsoft.MicrosoftSolitaireCollection</Data>
<Data Name="updateGuid">{dd9520d5-63db-4e24-a332-1b6f5a8c1b38}</Data>
<Data Name="updateRevisionNumber">1</Data>
</EventData>
</Event>

<Event xmlns="http://schemas.microsoft.com/win/2004/08/events/event"><System><Provider Name="Microsoft-Windows-Kernel-General" Guid="{a68ca8b7-004f-d7b6-a698-07e2de0f1f5d}"></Provider>
<EventID Qualifiers="">16</EventID>
<Version>0</Version>
<Level>4</Level>
<Task>0</Task>
<Opcode>0</Opcode>
<Keywords>0x8000000000000000</Keywords>
<TimeCreated SystemTime="2024-12-01 17:53:36.938747"></TimeCreated>
<EventRecordID>540</EventRecordID>
<Correlation ActivityID="" RelatedActivityID=""></Correlation>
<Execution ProcessID="4464" ThreadID="424"></Execution>
<Channel>System</Channel>
<Computer>DESKTOP-DMF0A8P</Computer>
<Security UserID="S-1-5-21-136699128-1468578893-72476632-1001"></Security>
</System>
<EventData><Data Name="HiveNameLength">117</Data>
<Data Name="HiveName">\??\C:\Users\Hacker\AppData\Local\Packages\Microsoft.MicrosoftSolitaireCollection_8wekyb3d8bbwe\Settings\settings.dat</Data>
<Data Name="KeysUpdated">3</Data>
<Data Name="DirtyPages">1</Data>
</EventData>
</Event>

<Event xmlns="http://schemas.microsoft.com/win/2004/08/events/event"><System><Provider Name="Microsoft-Windows-WindowsUpdateClient" Guid="{945a8954-c147-4acd-923f-40c45405a658}"></Provider>
<EventID Qualifiers="">19</EventID>
<Version>1</Version>
<Level>4</Level>
<Task>1</Task>
<Opcode>13</Opcode>
<Keywords>0x8000000000000018</Keywords>
<TimeCreated SystemTime="2024-12-01 17:53:37.438850"></TimeCreated>
<EventRecordID>541</EventRecordID>
<Correlation ActivityID="{16dc60bd-4407-0000-229a-dc160744db01}" RelatedActivityID=""></Correlation>
<Execution ProcessID="968" ThreadID="1464"></Execution>
<Channel>System</Channel>
<Computer>DESKTOP-DMF0A8P</Computer>
<Security UserID="S-1-5-18"></Security>
</System>
<EventData><Data Name="updateTitle">9WZDNCRFHWD2-Microsoft.MicrosoftSolitaireCollection</Data>
<Data Name="updateGuid">{dd9520d5-63db-4e24-a332-1b6f5a8c1b38}</Data>
<Data Name="updateRevisionNumber">1</Data>
<Data Name="serviceGuid">{855e8a7c-ecb4-4ca3-b045-1dfa50104289}</Data>
</EventData>
</Event>

<Event xmlns="http://schemas.microsoft.com/win/2004/08/events/event"><System><Provider Name="Microsoft-Windows-WindowsUpdateClient" Guid="{945a8954-c147-4acd-923f-40c45405a658}"></Provider>
<EventID Qualifiers="">44</EventID>
<Version>1</Version>
<Level>4</Level>
<Task>1</Task>
<Opcode>12</Opcode>
<Keywords>0x8000000000002004</Keywords>
<TimeCreated SystemTime="2024-12-01 17:53:43.596071"></TimeCreated>
<EventRecordID>542</EventRecordID>
<Correlation ActivityID="{16dc60bd-4407-0000-1e96-dc160744db01}" RelatedActivityID=""></Correlation>
<Execution ProcessID="968" ThreadID="2608"></Execution>
<Channel>System</Channel>
<Computer>DESKTOP-DMF0A8P</Computer>
<Security UserID="S-1-5-18"></Security>
</System>
<EventData><Data Name="updateTitle">9NBLGGH3FRZM-Microsoft.VCLibs.140.00</Data>
<Data Name="updateGuid">{7c4b0956-b3f1-40ac-a633-668abc5d6af2}</Data>
<Data Name="updateRevisionNumber">1</Data>
</EventData>
</Event>

<Event xmlns="http://schemas.microsoft.com/win/2004/08/events/event"><System><Provider Name="Microsoft-Windows-WindowsUpdateClient" Guid="{945a8954-c147-4acd-923f-40c45405a658}"></Provider>
<EventID Qualifiers="">44</EventID>
<Version>1</Version>
<Level>4</Level>
<Task>1</Task>
<Opcode>12</Opcode>
<Keywords>0x8000000000002004</Keywords>
<TimeCreated SystemTime="2024-12-01 17:53:49.895010"></TimeCreated>
<EventRecordID>543</EventRecordID>
<Correlation ActivityID="{16dc60bd-4407-0000-1e96-dc160744db01}" RelatedActivityID=""></Correlation>
<Execution ProcessID="968" ThreadID="2608"></Execution>
<Channel>System</Channel>
<Computer>DESKTOP-DMF0A8P</Computer>
<Security UserID="S-1-5-18"></Security>
</System>
<EventData><Data Name="updateTitle">9P5VK8KZB5QZ-Microsoft.UI.Xaml.2.7</Data>
<Data Name="updateGuid">{adffebde-66d8-4836-af4d-fec1ba3b55a7}</Data>
<Data Name="updateRevisionNumber">1</Data>
</EventData>
</Event>

<Event xmlns="http://schemas.microsoft.com/win/2004/08/events/event"><System><Provider Name="Microsoft-Windows-WindowsUpdateClient" Guid="{945a8954-c147-4acd-923f-40c45405a658}"></Provider>
<EventID Qualifiers="">44</EventID>
<Version>1</Version>
<Level>4</Level>
<Task>1</Task>
<Opcode>12</Opcode>
<Keywords>0x8000000000002004</Keywords>
<TimeCreated SystemTime="2024-12-01 17:53:49.895016"></TimeCreated>
<EventRecordID>544</EventRecordID>
<Correlation ActivityID="{16dc60bd-4407-0000-1e96-dc160744db01}" RelatedActivityID=""></Correlation>
<Execution ProcessID="968" ThreadID="2608"></Execution>
<Channel>System</Channel>
<Computer>DESKTOP-DMF0A8P</Computer>
<Security UserID="S-1-5-18"></Security>
</System>
<EventData><Data Name="updateTitle">9P5VK8KZB5QZ-Microsoft.UI.Xaml.2.7</Data>
<Data Name="updateGuid">{adffebde-66d8-4836-af4d-fec1ba3b55a7}</Data>
<Data Name="updateRevisionNumber">1</Data>
</EventData>
</Event>

<Event xmlns="http://schemas.microsoft.com/win/2004/08/events/event"><System><Provider Name="Microsoft-Windows-WindowsUpdateClient" Guid="{945a8954-c147-4acd-923f-40c45405a658}"></Provider>
<EventID Qualifiers="">44</EventID>
<Version>1</Version>
<Level>4</Level>
<Task>1</Task>
<Opcode>12</Opcode>
<Keywords>0x8000000000002004</Keywords>
<TimeCreated SystemTime="2024-12-01 17:53:54.990389"></TimeCreated>
<EventRecordID>545</EventRecordID>
<Correlation ActivityID="{16dc60bd-4407-0000-1e96-dc160744db01}" RelatedActivityID=""></Correlation>
<Execution ProcessID="968" ThreadID="2608"></Execution>
<Channel>System</Channel>
<Computer>DESKTOP-DMF0A8P</Computer>
<Security UserID="S-1-5-18"></Security>
</System>
<EventData><Data Name="updateTitle">9WZDNCRFHVQM-MICROSOFT.WINDOWSCOMMUNICATIONSAPPS</Data>
<Data Name="updateGuid">{e75a13aa-3907-426d-bc4c-85f0a19e3d39}</Data>
<Data Name="updateRevisionNumber">1</Data>
</EventData>
</Event>

<Event xmlns="http://schemas.microsoft.com/win/2004/08/events/event"><System><Provider Name="Microsoft-Windows-Kernel-General" Guid="{a68ca8b7-004f-d7b6-a698-07e2de0f1f5d}"></Provider>
<EventID Qualifiers="">16</EventID>
<Version>0</Version>
<Level>4</Level>
<Task>0</Task>
<Opcode>0</Opcode>
<Keywords>0x8000000000000000</Keywords>
<TimeCreated SystemTime="2024-12-01 17:54:17.188086"></TimeCreated>
<EventRecordID>546</EventRecordID>
<Correlation ActivityID="" RelatedActivityID=""></Correlation>
<Execution ProcessID="4464" ThreadID="424"></Execution>
<Channel>System</Channel>
<Computer>DESKTOP-DMF0A8P</Computer>
<Security UserID="S-1-5-18"></Security>
</System>
<EventData><Data Name="HiveNameLength">154</Data>
<Data Name="HiveName">\??\C:\ProgramData\Microsoft\Windows\AppRepository\Packages\microsoft.windowscommunicationsapps_16005.14326.22098.0_x64__8wekyb3d8bbwe\ActivationStore.dat</Data>
<Data Name="KeysUpdated">0</Data>
<Data Name="DirtyPages">0</Data>
</EventData>
</Event>

<Event xmlns="http://schemas.microsoft.com/win/2004/08/events/event"><System><Provider Name="Microsoft-Windows-WindowsUpdateClient" Guid="{945a8954-c147-4acd-923f-40c45405a658}"></Provider>
<EventID Qualifiers="">43</EventID>
<Version>1</Version>
<Level>4</Level>
<Task>1</Task>
<Opcode>13</Opcode>
<Keywords>0x8000000000002008</Keywords>
<TimeCreated SystemTime="2024-12-01 17:54:18.973289"></TimeCreated>
<EventRecordID>547</EventRecordID>
<Correlation ActivityID="" RelatedActivityID=""></Correlation>
<Execution ProcessID="968" ThreadID="2656"></Execution>
<Channel>System</Channel>
<Computer>DESKTOP-DMF0A8P</Computer>
<Security UserID="S-1-5-18"></Security>
</System>
<EventData><Data Name="updateTitle">9WZDNCRFHVQM-MICROSOFT.WINDOWSCOMMUNICATIONSAPPS</Data>
<Data Name="updateGuid">{e75a13aa-3907-426d-bc4c-85f0a19e3d39}</Data>
<Data Name="updateRevisionNumber">1</Data>
</EventData>
</Event>

<Event xmlns="http://schemas.microsoft.com/win/2004/08/events/event"><System><Provider Name="Microsoft-Windows-WindowsUpdateClient" Guid="{945a8954-c147-4acd-923f-40c45405a658}"></Provider>
<EventID Qualifiers="">19</EventID>
<Version>1</Version>
<Level>4</Level>
<Task>1</Task>
<Opcode>13</Opcode>
<Keywords>0x8000000000000018</Keywords>
<TimeCreated SystemTime="2024-12-01 17:54:20.889816"></TimeCreated>
<EventRecordID>548</EventRecordID>
<Correlation ActivityID="{16dc60bd-4407-0001-5596-dc160744db01}" RelatedActivityID=""></Correlation>
<Execution ProcessID="968" ThreadID="2656"></Execution>
<Channel>System</Channel>
<Computer>DESKTOP-DMF0A8P</Computer>
<Security UserID="S-1-5-18"></Security>
</System>
<EventData><Data Name="updateTitle">9WZDNCRFHVQM-MICROSOFT.WINDOWSCOMMUNICATIONSAPPS</Data>
<Data Name="updateGuid">{e75a13aa-3907-426d-bc4c-85f0a19e3d39}</Data>
<Data Name="updateRevisionNumber">1</Data>
<Data Name="serviceGuid">{855e8a7c-ecb4-4ca3-b045-1dfa50104289}</Data>
</EventData>
</Event>

<Event xmlns="http://schemas.microsoft.com/win/2004/08/events/event"><System><Provider Name="Microsoft-Windows-WindowsUpdateClient" Guid="{945a8954-c147-4acd-923f-40c45405a658}"></Provider>
<EventID Qualifiers="">44</EventID>
<Version>1</Version>
<Level>4</Level>
<Task>1</Task>
<Opcode>12</Opcode>
<Keywords>0x8000000000002004</Keywords>
<TimeCreated SystemTime="2024-12-01 17:54:25.738140"></TimeCreated>
<EventRecordID>549</EventRecordID>
<Correlation ActivityID="{16dc60bd-4407-0000-1e96-dc160744db01}" RelatedActivityID=""></Correlation>
<Execution ProcessID="968" ThreadID="2608"></Execution>
<Channel>System</Channel>
<Computer>DESKTOP-DMF0A8P</Computer>
<Security UserID="S-1-5-18"></Security>
</System>
<EventData><Data Name="updateTitle">9NH2SW16MQ7F-Microsoft.WindowsAppRuntime.1.5</Data>
<Data Name="updateGuid">{8773522e-91d4-4492-bde6-bbb32e34cc4e}</Data>
<Data Name="updateRevisionNumber">1</Data>
</EventData>
</Event>

<Event xmlns="http://schemas.microsoft.com/win/2004/08/events/event"><System><Provider Name="Microsoft-Windows-WindowsUpdateClient" Guid="{945a8954-c147-4acd-923f-40c45405a658}"></Provider>
<EventID Qualifiers="">44</EventID>
<Version>1</Version>
<Level>4</Level>
<Task>1</Task>
<Opcode>12</Opcode>
<Keywords>0x8000000000002004</Keywords>
<TimeCreated SystemTime="2024-12-01 17:54:25.738144"></TimeCreated>
<EventRecordID>550</EventRecordID>
<Correlation ActivityID="{16dc60bd-4407-0000-1e96-dc160744db01}" RelatedActivityID=""></Correlation>
<Execution ProcessID="968" ThreadID="2608"></Execution>
<Channel>System</Channel>
<Computer>DESKTOP-DMF0A8P</Computer>
<Security UserID="S-1-5-18"></Security>
</System>
<EventData><Data Name="updateTitle">9NH2SW16MQ7F-Microsoft.WindowsAppRuntime.1.5</Data>
<Data Name="updateGuid">{8773522e-91d4-4492-bde6-bbb32e34cc4e}</Data>
<Data Name="updateRevisionNumber">1</Data>
</EventData>
</Event>

<Event xmlns="http://schemas.microsoft.com/win/2004/08/events/event"><System><Provider Name="Microsoft-Windows-WindowsUpdateClient" Guid="{945a8954-c147-4acd-923f-40c45405a658}"></Provider>
<EventID Qualifiers="">44</EventID>
<Version>1</Version>
<Level>4</Level>
<Task>1</Task>
<Opcode>12</Opcode>
<Keywords>0x8000000000002004</Keywords>
<TimeCreated SystemTime="2024-12-01 17:54:31.048065"></TimeCreated>
<EventRecordID>551</EventRecordID>
<Correlation ActivityID="{16dc60bd-4407-0000-1e96-dc160744db01}" RelatedActivityID=""></Correlation>
<Execution ProcessID="968" ThreadID="2608"></Execution>
<Channel>System</Channel>
<Computer>DESKTOP-DMF0A8P</Computer>
<Security UserID="S-1-5-18"></Security>
</System>
<EventData><Data Name="updateTitle">9NMPJ99VJBWV-Microsoft.YourPhone</Data>
<Data Name="updateGuid">{29ebc248-ddc9-4ca7-9caa-9d9ec4da6f5e}</Data>
<Data Name="updateRevisionNumber">1</Data>
</EventData>
</Event>

<Event xmlns="http://schemas.microsoft.com/win/2004/08/events/event"><System><Provider Name="Microsoft-Windows-Kernel-General" Guid="{a68ca8b7-004f-d7b6-a698-07e2de0f1f5d}"></Provider>
<EventID Qualifiers="">16</EventID>
<Version>0</Version>
<Level>4</Level>
<Task>0</Task>
<Opcode>0</Opcode>
<Keywords>0x8000000000000000</Keywords>
<TimeCreated SystemTime="2024-12-01 17:55:19.288696"></TimeCreated>
<EventRecordID>552</EventRecordID>
<Correlation ActivityID="" RelatedActivityID=""></Correlation>
<Execution ProcessID="4464" ThreadID="424"></Execution>
<Channel>System</Channel>
<Computer>DESKTOP-DMF0A8P</Computer>
<Security UserID="S-1-5-18"></Security>
</System>
<EventData><Data Name="HiveNameLength">131</Data>
<Data Name="HiveName">\??\C:\ProgramData\Microsoft\Windows\AppRepository\Packages\Microsoft.YourPhone_1.24102.96.0_x64__8wekyb3d8bbwe\ActivationStore.dat</Data>
<Data Name="KeysUpdated">0</Data>
<Data Name="DirtyPages">0</Data>
</EventData>
</Event>

<Event xmlns="http://schemas.microsoft.com/win/2004/08/events/event"><System><Provider Name="Microsoft-Windows-WindowsUpdateClient" Guid="{945a8954-c147-4acd-923f-40c45405a658}"></Provider>
<EventID Qualifiers="">43</EventID>
<Version>1</Version>
<Level>4</Level>
<Task>1</Task>
<Opcode>13</Opcode>
<Keywords>0x8000000000002008</Keywords>
<TimeCreated SystemTime="2024-12-01 17:55:21.254053"></TimeCreated>
<EventRecordID>553</EventRecordID>
<Correlation ActivityID="" RelatedActivityID=""></Correlation>
<Execution ProcessID="968" ThreadID="5428"></Execution>
<Channel>System</Channel>
<Computer>DESKTOP-DMF0A8P</Computer>
<Security UserID="S-1-5-18"></Security>
</System>
<EventData><Data Name="updateTitle">9NMPJ99VJBWV-Microsoft.YourPhone</Data>
<Data Name="updateGuid">{29ebc248-ddc9-4ca7-9caa-9d9ec4da6f5e}</Data>
<Data Name="updateRevisionNumber">1</Data>
</EventData>
</Event>

<Event xmlns="http://schemas.microsoft.com/win/2004/08/events/event"><System><Provider Name="Microsoft-Windows-Kernel-General" Guid="{a68ca8b7-004f-d7b6-a698-07e2de0f1f5d}"></Provider>
<EventID Qualifiers="">16</EventID>
<Version>0</Version>
<Level>4</Level>
<Task>0</Task>
<Opcode>0</Opcode>
<Keywords>0x8000000000000000</Keywords>
<TimeCreated SystemTime="2024-12-01 17:55:21.659487"></TimeCreated>
<EventRecordID>554</EventRecordID>
<Correlation ActivityID="" RelatedActivityID=""></Correlation>
<Execution ProcessID="4464" ThreadID="424"></Execution>
<Channel>System</Channel>
<Computer>DESKTOP-DMF0A8P</Computer>
<Security UserID="S-1-5-21-136699128-1468578893-72476632-1001"></Security>
</System>
<EventData><Data Name="HiveNameLength">98</Data>
<Data Name="HiveName">\??\C:\Users\Hacker\AppData\Local\Packages\Microsoft.YourPhone_8wekyb3d8bbwe\Settings\settings.dat</Data>
<Data Name="KeysUpdated">3</Data>
<Data Name="DirtyPages">1</Data>
</EventData>
</Event>

<Event xmlns="http://schemas.microsoft.com/win/2004/08/events/event"><System><Provider Name="Microsoft-Windows-WindowsUpdateClient" Guid="{945a8954-c147-4acd-923f-40c45405a658}"></Provider>
<EventID Qualifiers="">19</EventID>
<Version>1</Version>
<Level>4</Level>
<Task>1</Task>
<Opcode>13</Opcode>
<Keywords>0x8000000000000018</Keywords>
<TimeCreated SystemTime="2024-12-01 17:55:22.183216"></TimeCreated>
<EventRecordID>555</EventRecordID>
<Correlation ActivityID="{16dc60bd-4407-0001-9696-dc160744db01}" RelatedActivityID=""></Correlation>
<Execution ProcessID="968" ThreadID="5428"></Execution>
<Channel>System</Channel>
<Computer>DESKTOP-DMF0A8P</Computer>
<Security UserID="S-1-5-18"></Security>
</System>
<EventData><Data Name="updateTitle">9NMPJ99VJBWV-Microsoft.YourPhone</Data>
<Data Name="updateGuid">{29ebc248-ddc9-4ca7-9caa-9d9ec4da6f5e}</Data>
<Data Name="updateRevisionNumber">1</Data>
<Data Name="serviceGuid">{855e8a7c-ecb4-4ca3-b045-1dfa50104289}</Data>
</EventData>
</Event>

<Event xmlns="http://schemas.microsoft.com/win/2004/08/events/event"><System><Provider Name="Microsoft-Windows-WindowsUpdateClient" Guid="{945a8954-c147-4acd-923f-40c45405a658}"></Provider>
<EventID Qualifiers="">44</EventID>
<Version>1</Version>
<Level>4</Level>
<Task>1</Task>
<Opcode>12</Opcode>
<Keywords>0x8000000000002004</Keywords>
<TimeCreated SystemTime="2024-12-01 17:55:26.197336"></TimeCreated>
<EventRecordID>556</EventRecordID>
<Correlation ActivityID="{16dc60bd-4407-0000-1e96-dc160744db01}" RelatedActivityID=""></Correlation>
<Execution ProcessID="968" ThreadID="2608"></Execution>
<Channel>System</Channel>
<Computer>DESKTOP-DMF0A8P</Computer>
<Security UserID="S-1-5-18"></Security>
</System>
<EventData><Data Name="updateTitle">9NBLGGH4NNS1-Microsoft.DesktopAppInstaller</Data>
<Data Name="updateGuid">{3e695059-10d9-46e1-8684-4407b6814dc5}</Data>
<Data Name="updateRevisionNumber">1</Data>
</EventData>
</Event>

<Event xmlns="http://schemas.microsoft.com/win/2004/08/events/event"><System><Provider Name="Microsoft-Windows-WindowsUpdateClient" Guid="{945a8954-c147-4acd-923f-40c45405a658}"></Provider>
<EventID Qualifiers="">44</EventID>
<Version>1</Version>
<Level>4</Level>
<Task>1</Task>
<Opcode>12</Opcode>
<Keywords>0x8000000000002004</Keywords>
<TimeCreated SystemTime="2024-12-01 17:55:26.197338"></TimeCreated>
<EventRecordID>557</EventRecordID>
<Correlation ActivityID="{16dc60bd-4407-0000-1e96-dc160744db01}" RelatedActivityID=""></Correlation>
<Execution ProcessID="968" ThreadID="2608"></Execution>
<Channel>System</Channel>
<Computer>DESKTOP-DMF0A8P</Computer>
<Security UserID="S-1-5-18"></Security>
</System>
<EventData><Data Name="updateTitle">9NSTH9KHZDLQ-Microsoft.UI.Xaml.2.8</Data>
<Data Name="updateGuid">{9ffb5e7d-d2e9-43a1-ad40-7bcc5c4f74f8}</Data>
<Data Name="updateRevisionNumber">1</Data>
</EventData>
</Event>

<Event xmlns="http://schemas.microsoft.com/win/2004/08/events/event"><System><Provider Name="Microsoft-Windows-WindowsUpdateClient" Guid="{945a8954-c147-4acd-923f-40c45405a658}"></Provider>
<EventID Qualifiers="">44</EventID>
<Version>1</Version>
<Level>4</Level>
<Task>1</Task>
<Opcode>12</Opcode>
<Keywords>0x8000000000002004</Keywords>
<TimeCreated SystemTime="2024-12-01 17:55:26.197340"></TimeCreated>
<EventRecordID>558</EventRecordID>
<Correlation ActivityID="{16dc60bd-4407-0000-1e96-dc160744db01}" RelatedActivityID=""></Correlation>
<Execution ProcessID="968" ThreadID="2608"></Execution>
<Channel>System</Channel>
<Computer>DESKTOP-DMF0A8P</Computer>
<Security UserID="S-1-5-18"></Security>
</System>
<EventData><Data Name="updateTitle">9NBLGGH3FRZM-Microsoft.VCLibs.140.00</Data>
<Data Name="updateGuid">{7c4b0956-b3f1-40ac-a633-668abc5d6af2}</Data>
<Data Name="updateRevisionNumber">1</Data>
</EventData>
</Event>

<Event xmlns="http://schemas.microsoft.com/win/2004/08/events/event"><System><Provider Name="Microsoft-Windows-WindowsUpdateClient" Guid="{945a8954-c147-4acd-923f-40c45405a658}"></Provider>
<EventID Qualifiers="">44</EventID>
<Version>1</Version>
<Level>4</Level>
<Task>1</Task>
<Opcode>12</Opcode>
<Keywords>0x8000000000002004</Keywords>
<TimeCreated SystemTime="2024-12-01 17:55:26.197344"></TimeCreated>
<EventRecordID>559</EventRecordID>
<Correlation ActivityID="{16dc60bd-4407-0000-1e96-dc160744db01}" RelatedActivityID=""></Correlation>
<Execution ProcessID="968" ThreadID="2608"></Execution>
<Channel>System</Channel>
<Computer>DESKTOP-DMF0A8P</Computer>
<Security UserID="S-1-5-18"></Security>
</System>
<EventData><Data Name="updateTitle">9NBLGGH3FRZM-Microsoft.VCLibs.140.00</Data>
<Data Name="updateGuid">{7c4b0956-b3f1-40ac-a633-668abc5d6af2}</Data>
<Data Name="updateRevisionNumber">1</Data>
</EventData>
</Event>

<Event xmlns="http://schemas.microsoft.com/win/2004/08/events/event"><System><Provider Name="Microsoft-Windows-WindowsUpdateClient" Guid="{945a8954-c147-4acd-923f-40c45405a658}"></Provider>
<EventID Qualifiers="">44</EventID>
<Version>1</Version>
<Level>4</Level>
<Task>1</Task>
<Opcode>12</Opcode>
<Keywords>0x8000000000002004</Keywords>
<TimeCreated SystemTime="2024-12-01 17:55:43.594912"></TimeCreated>
<EventRecordID>560</EventRecordID>
<Correlation ActivityID="{16dc60bd-4407-0000-1e96-dc160744db01}" RelatedActivityID=""></Correlation>
<Execution ProcessID="968" ThreadID="2608"></Execution>
<Channel>System</Channel>
<Computer>DESKTOP-DMF0A8P</Computer>
<Security UserID="S-1-5-18"></Security>
</System>
<EventData><Data Name="updateTitle">9PLL735RFDSM-Microsoft.NET.Native.Runtime.2.2</Data>
<Data Name="updateGuid">{9c137291-4059-4cb8-b650-12b07bbe1da1}</Data>
<Data Name="updateRevisionNumber">1</Data>
</EventData>
</Event>

<Event xmlns="http://schemas.microsoft.com/win/2004/08/events/event"><System><Provider Name="Microsoft-Windows-WindowsUpdateClient" Guid="{945a8954-c147-4acd-923f-40c45405a658}"></Provider>
<EventID Qualifiers="">44</EventID>
<Version>1</Version>
<Level>4</Level>
<Task>1</Task>
<Opcode>12</Opcode>
<Keywords>0x8000000000002004</Keywords>
<TimeCreated SystemTime="2024-12-01 17:55:43.594915"></TimeCreated>
<EventRecordID>561</EventRecordID>
<Correlation ActivityID="{16dc60bd-4407-0000-1e96-dc160744db01}" RelatedActivityID=""></Correlation>
<Execution ProcessID="968" ThreadID="2608"></Execution>
<Channel>System</Channel>
<Computer>DESKTOP-DMF0A8P</Computer>
<Security UserID="S-1-5-18"></Security>
</System>
<EventData><Data Name="updateTitle">9PLL735RFDSM-Microsoft.NET.Native.Runtime.2.2</Data>
<Data Name="updateGuid">{9c137291-4059-4cb8-b650-12b07bbe1da1}</Data>
<Data Name="updateRevisionNumber">1</Data>
</EventData>
</Event>

<Event xmlns="http://schemas.microsoft.com/win/2004/08/events/event"><System><Provider Name="Microsoft-Windows-WindowsUpdateClient" Guid="{945a8954-c147-4acd-923f-40c45405a658}"></Provider>
<EventID Qualifiers="">44</EventID>
<Version>1</Version>
<Level>4</Level>
<Task>1</Task>
<Opcode>12</Opcode>
<Keywords>0x8000000000002004</Keywords>
<TimeCreated SystemTime="2024-12-01 17:55:48.308193"></TimeCreated>
<EventRecordID>562</EventRecordID>
<Correlation ActivityID="{16dc60bd-4407-0000-1e96-dc160744db01}" RelatedActivityID=""></Correlation>
<Execution ProcessID="968" ThreadID="2608"></Execution>
<Channel>System</Channel>
<Computer>DESKTOP-DMF0A8P</Computer>
<Security UserID="S-1-5-18"></Security>
</System>
<EventData><Data Name="updateTitle">9MW2LKJ0TPJF-Microsoft.NET.Native.Framework.2.2</Data>
<Data Name="updateGuid">{bfa7d40d-2cdf-4c15-98cf-85c847517da3}</Data>
<Data Name="updateRevisionNumber">1</Data>
</EventData>
</Event>

<Event xmlns="http://schemas.microsoft.com/win/2004/08/events/event"><System><Provider Name="Microsoft-Windows-WindowsUpdateClient" Guid="{945a8954-c147-4acd-923f-40c45405a658}"></Provider>
<EventID Qualifiers="">44</EventID>
<Version>1</Version>
<Level>4</Level>
<Task>1</Task>
<Opcode>12</Opcode>
<Keywords>0x8000000000002004</Keywords>
<TimeCreated SystemTime="2024-12-01 17:55:48.308197"></TimeCreated>
<EventRecordID>563</EventRecordID>
<Correlation ActivityID="{16dc60bd-4407-0000-1e96-dc160744db01}" RelatedActivityID=""></Correlation>
<Execution ProcessID="968" ThreadID="2608"></Execution>
<Channel>System</Channel>
<Computer>DESKTOP-DMF0A8P</Computer>
<Security UserID="S-1-5-18"></Security>
</System>
<EventData><Data Name="updateTitle">9MW2LKJ0TPJF-Microsoft.NET.Native.Framework.2.2</Data>
<Data Name="updateGuid">{bfa7d40d-2cdf-4c15-98cf-85c847517da3}</Data>
<Data Name="updateRevisionNumber">1</Data>
</EventData>
</Event>

<Event xmlns="http://schemas.microsoft.com/win/2004/08/events/event"><System><Provider Name="Microsoft-Windows-WindowsUpdateClient" Guid="{945a8954-c147-4acd-923f-40c45405a658}"></Provider>
<EventID Qualifiers="">44</EventID>
<Version>1</Version>
<Level>4</Level>
<Task>1</Task>
<Opcode>12</Opcode>
<Keywords>0x8000000000002004</Keywords>
<TimeCreated SystemTime="2024-12-01 17:55:53.296610"></TimeCreated>
<EventRecordID>564</EventRecordID>
<Correlation ActivityID="{16dc60bd-4407-0000-1e96-dc160744db01}" RelatedActivityID=""></Correlation>
<Execution ProcessID="968" ThreadID="2608"></Execution>
<Channel>System</Channel>
<Computer>DESKTOP-DMF0A8P</Computer>
<Security UserID="S-1-5-18"></Security>
</System>
<EventData><Data Name="updateTitle">9WZDNCRFJBMP-MICROSOFT.WINDOWSSTORE</Data>
<Data Name="updateGuid">{79b62114-635d-41d7-b8d7-fa9cd64b2935}</Data>
<Data Name="updateRevisionNumber">1</Data>
</EventData>
</Event>

<Event xmlns="http://schemas.microsoft.com/win/2004/08/events/event"><System><Provider Name="Microsoft-Windows-Kernel-General" Guid="{a68ca8b7-004f-d7b6-a698-07e2de0f1f5d}"></Provider>
<EventID Qualifiers="">16</EventID>
<Version>0</Version>
<Level>4</Level>
<Task>0</Task>
<Opcode>0</Opcode>
<Keywords>0x8000000000000000</Keywords>
<TimeCreated SystemTime="2024-12-01 17:56:36.220591"></TimeCreated>
<EventRecordID>565</EventRecordID>
<Correlation ActivityID="" RelatedActivityID=""></Correlation>
<Execution ProcessID="4464" ThreadID="2248"></Execution>
<Channel>System</Channel>
<Computer>DESKTOP-DMF0A8P</Computer>
<Security UserID="S-1-5-18"></Security>
</System>
<EventData><Data Name="HiveNameLength">141</Data>
<Data Name="HiveName">\??\C:\ProgramData\Microsoft\Windows\AppRepository\Packages\Microsoft.DesktopAppInstaller_1.24.25200.0_x64__8wekyb3d8bbwe\ActivationStore.dat</Data>
<Data Name="KeysUpdated">0</Data>
<Data Name="DirtyPages">0</Data>
</EventData>
</Event>

<Event xmlns="http://schemas.microsoft.com/win/2004/08/events/event"><System><Provider Name="Microsoft-Windows-WindowsUpdateClient" Guid="{945a8954-c147-4acd-923f-40c45405a658}"></Provider>
<EventID Qualifiers="">43</EventID>
<Version>1</Version>
<Level>4</Level>
<Task>1</Task>
<Opcode>13</Opcode>
<Keywords>0x8000000000002008</Keywords>
<TimeCreated SystemTime="2024-12-01 17:56:37.784519"></TimeCreated>
<EventRecordID>566</EventRecordID>
<Correlation ActivityID="" RelatedActivityID=""></Correlation>
<Execution ProcessID="968" ThreadID="3808"></Execution>
<Channel>System</Channel>
<Computer>DESKTOP-DMF0A8P</Computer>
<Security UserID="S-1-5-18"></Security>
</System>
<EventData><Data Name="updateTitle">9NBLGGH4NNS1-Microsoft.DesktopAppInstaller</Data>
<Data Name="updateGuid">{3e695059-10d9-46e1-8684-4407b6814dc5}</Data>
<Data Name="updateRevisionNumber">1</Data>
</EventData>
</Event>

