<Event xmlns="http://schemas.microsoft.com/win/2004/08/events/event"><System><Provider Name="Microsoft-Windows-DistributedCOM" Guid="{1B562E86-B7AA-4131-BADC-B6F3A001407E}" EventSourceName="DCOM"></Provider>
<EventID Qualifiers="0">10016</EventID>
<Version>0</Version>
<Level>3</Level>
<Task>0</Task>
<Opcode>0</Opcode>
<Keywords>0x8080000000000000</Keywords>
<TimeCreated SystemTime="2024-12-01 15:44:15.397202"></TimeCreated>
<EventRecordID>258</EventRecordID>
<Correlation ActivityID="{cfd1641f-25e1-4e59-aa33-d6a69920e52d}" RelatedActivityID=""></Correlation>
<Execution ProcessID="856" ThreadID="3664"></Execution>
<Channel>System</Channel>
<Computer>DESKTOP-DMF0A8P</Computer>
<Security UserID="S-1-5-21-136699128-1468578893-72476632-1001"></Security>
</System>
<EventData><Data Name="param1">&#1087;&#1086; &#1091;&#1084;&#1086;&#1083;&#1095;&#1072;&#1085;&#1080;&#1102; &#1076;&#1083;&#1103; &#1082;&#1086;&#1084;&#1087;&#1100;&#1102;&#1090;&#1077;&#1088;&#1072;</Data>
<Data Name="param2">&#1051;&#1086;&#1082;&#1072;&#1083;&#1100;&#1085;&#1086;</Data>
<Data Name="param3">&#1040;&#1082;&#1090;&#1080;&#1074;&#1072;&#1094;&#1080;&#1103;</Data>
<Data Name="param4">{C2F03A33-21F5-47FA-B4BB-156362A2F239}</Data>
<Data Name="param5">{316CDED5-E4AE-4B15-9113-7055D84DCC97}</Data>
<Data Name="param6">DESKTOP-DMF0A8P</Data>
<Data Name="param7">Hacker</Data>
<Data Name="param8">S-1-5-21-136699128-1468578893-72476632-1001</Data>
<Data Name="param9">LocalHost (&#1089; &#1080;&#1089;&#1087;&#1086;&#1083;&#1100;&#1079;&#1086;&#1074;&#1072;&#1085;&#1080;&#1077;&#1084; LRPC)</Data>
<Data Name="param10">Microsoft.Windows.ShellExperienceHost_10.0.19041.5072_neutral_neutral_cw5n1h2txyewy</Data>
<Data Name="param11">S-1-15-2-155514346-2573954481-755741238-1654018636-1233331829-3075935687-2861478708</Data>
</EventData>
</Event>

<Event xmlns="http://schemas.microsoft.com/win/2004/08/events/event"><System><Provider Name="Service Control Manager" Guid="{555908d1-a6d7-4695-8e1e-26931d2012f4}" EventSourceName="Service Control Manager"></Provider>
<EventID Qualifiers="16384">7040</EventID>
<Version>0</Version>
<Level>4</Level>
<Task>0</Task>
<Opcode>0</Opcode>
<Keywords>0x8080000000000000</Keywords>
<TimeCreated SystemTime="2024-12-01 15:44:23.954231"></TimeCreated>
<EventRecordID>259</EventRecordID>
<Correlation ActivityID="" RelatedActivityID=""></Correlation>
<Execution ProcessID="612" ThreadID="5836"></Execution>
<Channel>System</Channel>
<Computer>DESKTOP-DMF0A8P</Computer>
<Security UserID="S-1-5-18"></Security>
</System>
<EventData><Data Name="param1">&#1060;&#1086;&#1085;&#1086;&#1074;&#1072;&#1103; &#1080;&#1085;&#1090;&#1077;&#1083;&#1083;&#1077;&#1082;&#1090;&#1091;&#1072;&#1083;&#1100;&#1085;&#1072;&#1103; &#1089;&#1083;&#1091;&#1078;&#1073;&#1072; &#1087;&#1077;&#1088;&#1077;&#1076;&#1072;&#1095;&#1080; (BITS)</Data>
<Data Name="param2">&#1042;&#1088;&#1091;&#1095;&#1085;&#1091;&#1102;</Data>
<Data Name="param3">&#1040;&#1074;&#1090;&#1086;&#1084;&#1072;&#1090;&#1080;&#1095;&#1077;&#1089;&#1082;&#1080;</Data>
<Data Name="param4">BITS</Data>
</EventData>
</Event>

<Event xmlns="http://schemas.microsoft.com/win/2004/08/events/event"><System><Provider Name="Service Control Manager" Guid="{555908d1-a6d7-4695-8e1e-26931d2012f4}" EventSourceName="Service Control Manager"></Provider>
<EventID Qualifiers="16384">7045</EventID>
<Version>0</Version>
<Level>4</Level>
<Task>0</Task>
<Opcode>0</Opcode>
<Keywords>0x8080000000000000</Keywords>
<TimeCreated SystemTime="2024-12-01 15:44:41.547770"></TimeCreated>
<EventRecordID>260</EventRecordID>
<Correlation ActivityID="" RelatedActivityID=""></Correlation>
<Execution ProcessID="612" ThreadID="5836"></Execution>
<Channel>System</Channel>
<Computer>DESKTOP-DMF0A8P</Computer>
<Security UserID="S-1-5-21-136699128-1468578893-72476632-1001"></Security>
</System>
<EventData><Data Name="ServiceName">&#1057;&#1083;&#1091;&#1078;&#1073;&#1072; Google Update (gupdate)</Data>
<Data Name="ImagePath">"C:\Program Files (x86)\Google\Update\GoogleUpdate.exe" /svc</Data>
<Data Name="ServiceType">&#1089;&#1083;&#1091;&#1078;&#1073;&#1072; &#1088;&#1077;&#1078;&#1080;&#1084;&#1072; &#1087;&#1086;&#1083;&#1100;&#1079;&#1086;&#1074;&#1072;&#1090;&#1077;&#1083;&#1103;</Data>
<Data Name="StartType">&#1040;&#1074;&#1090;&#1086;&#1084;&#1072;&#1090;&#1080;&#1095;&#1077;&#1089;&#1082;&#1080;</Data>
<Data Name="AccountName">LocalSystem</Data>
</EventData>
</Event>

<Event xmlns="http://schemas.microsoft.com/win/2004/08/events/event"><System><Provider Name="Service Control Manager" Guid="{555908d1-a6d7-4695-8e1e-26931d2012f4}" EventSourceName="Service Control Manager"></Provider>
<EventID Qualifiers="16384">7045</EventID>
<Version>0</Version>
<Level>4</Level>
<Task>0</Task>
<Opcode>0</Opcode>
<Keywords>0x8080000000000000</Keywords>
<TimeCreated SystemTime="2024-12-01 15:44:41.563408"></TimeCreated>
<EventRecordID>261</EventRecordID>
<Correlation ActivityID="" RelatedActivityID=""></Correlation>
<Execution ProcessID="612" ThreadID="5836"></Execution>
<Channel>System</Channel>
<Computer>DESKTOP-DMF0A8P</Computer>
<Security UserID="S-1-5-21-136699128-1468578893-72476632-1001"></Security>
</System>
<EventData><Data Name="ServiceName">&#1057;&#1083;&#1091;&#1078;&#1073;&#1072; Google Update (gupdatem)</Data>
<Data Name="ImagePath">"C:\Program Files (x86)\Google\Update\GoogleUpdate.exe" /medsvc</Data>
<Data Name="ServiceType">&#1089;&#1083;&#1091;&#1078;&#1073;&#1072; &#1088;&#1077;&#1078;&#1080;&#1084;&#1072; &#1087;&#1086;&#1083;&#1100;&#1079;&#1086;&#1074;&#1072;&#1090;&#1077;&#1083;&#1103;</Data>
<Data Name="StartType">&#1042;&#1088;&#1091;&#1095;&#1085;&#1091;&#1102;</Data>
<Data Name="AccountName">LocalSystem</Data>
</EventData>
</Event>

<Event xmlns="http://schemas.microsoft.com/win/2004/08/events/event"><System><Provider Name="Service Control Manager" Guid="{555908d1-a6d7-4695-8e1e-26931d2012f4}" EventSourceName="Service Control Manager"></Provider>
<EventID Qualifiers="16384">7045</EventID>
<Version>0</Version>
<Level>4</Level>
<Task>0</Task>
<Opcode>0</Opcode>
<Keywords>0x8080000000000000</Keywords>
<TimeCreated SystemTime="2024-12-01 15:45:05.907539"></TimeCreated>
<EventRecordID>262</EventRecordID>
<Correlation ActivityID="" RelatedActivityID=""></Correlation>
<Execution ProcessID="612" ThreadID="1364"></Execution>
<Channel>System</Channel>
<Computer>DESKTOP-DMF0A8P</Computer>
<Security UserID="S-1-5-21-136699128-1468578893-72476632-1001"></Security>
</System>
<EventData><Data Name="ServiceName">Google Chrome Elevation Service (GoogleChromeElevationService)</Data>
<Data Name="ImagePath">"C:\Program Files\Google\Chrome\Application\131.0.6778.86\elevation_service.exe"</Data>
<Data Name="ServiceType">&#1089;&#1083;&#1091;&#1078;&#1073;&#1072; &#1088;&#1077;&#1078;&#1080;&#1084;&#1072; &#1087;&#1086;&#1083;&#1100;&#1079;&#1086;&#1074;&#1072;&#1090;&#1077;&#1083;&#1103;</Data>
<Data Name="StartType">&#1042;&#1088;&#1091;&#1095;&#1085;&#1091;&#1102;</Data>
<Data Name="AccountName">LocalSystem</Data>
</EventData>
</Event>

<Event xmlns="http://schemas.microsoft.com/win/2004/08/events/event"><System><Provider Name="Service Control Manager" Guid="{555908d1-a6d7-4695-8e1e-26931d2012f4}" EventSourceName="Service Control Manager"></Provider>
<EventID Qualifiers="16384">7045</EventID>
<Version>0</Version>
<Level>4</Level>
<Task>0</Task>
<Opcode>0</Opcode>
<Keywords>0x8080000000000000</Keywords>
<TimeCreated SystemTime="2024-12-01 15:45:15.500954"></TimeCreated>
<EventRecordID>263</EventRecordID>
<Correlation ActivityID="" RelatedActivityID=""></Correlation>
<Execution ProcessID="612" ThreadID="5836"></Execution>
<Channel>System</Channel>
<Computer>DESKTOP-DMF0A8P</Computer>
<Security UserID="S-1-5-21-136699128-1468578893-72476632-1001"></Security>
</System>
<EventData><Data Name="ServiceName">Mozilla Maintenance Service</Data>
<Data Name="ImagePath">"C:\Program Files (x86)\Mozilla Maintenance Service\maintenanceservice.exe"</Data>
<Data Name="ServiceType">&#1089;&#1083;&#1091;&#1078;&#1073;&#1072; &#1088;&#1077;&#1078;&#1080;&#1084;&#1072; &#1087;&#1086;&#1083;&#1100;&#1079;&#1086;&#1074;&#1072;&#1090;&#1077;&#1083;&#1103;</Data>
<Data Name="StartType">&#1042;&#1088;&#1091;&#1095;&#1085;&#1091;&#1102;</Data>
<Data Name="AccountName">LocalSystem</Data>
</EventData>
</Event>

<Event xmlns="http://schemas.microsoft.com/win/2004/08/events/event"><System><Provider Name="Microsoft-Windows-DNS-Client" Guid="{1c95126e-7eea-49a9-a3fe-a378b03ddb4d}"></Provider>
<EventID Qualifiers="">1014</EventID>
<Version>0</Version>
<Level>3</Level>
<Task>1014</Task>
<Opcode>0</Opcode>
<Keywords>0x4000000010000000</Keywords>
<TimeCreated SystemTime="2024-12-01 15:46:12.076735"></TimeCreated>
<EventRecordID>264</EventRecordID>
<Correlation ActivityID="" RelatedActivityID=""></Correlation>
<Execution ProcessID="1192" ThreadID="1468"></Execution>
<Channel>System</Channel>
<Computer>DESKTOP-DMF0A8P</Computer>
<Security UserID="S-1-5-20"></Security>
</System>
<EventData><Data Name="QueryName">_ldap._tcp.dc._msdcs.WORKGROUP</Data>
<Data Name="AddressLength">128</Data>
<Data Name="Address">AgAAAMCopQIAAAAAAAAAAAAAAAAAAAAAAAAAAAAAAAAAAAAAAAAAAAAAAAAAAAAAAAAAAAAAAAAAAAAAAAAAAAAAAAAAAAAAAAAAAAAAAAAAAAAAAAAAAAAAAAAAAAAAAAAAAAAAAAAAAAAAAAAAAAAAAAAAAAAAAAAAAAAAAAA=</Data>
</EventData>
</Event>

<Event xmlns="http://schemas.microsoft.com/win/2004/08/events/event"><System><Provider Name="Microsoft-Windows-DistributedCOM" Guid="{1B562E86-B7AA-4131-BADC-B6F3A001407E}" EventSourceName="DCOM"></Provider>
<EventID Qualifiers="0">10016</EventID>
<Version>0</Version>
<Level>3</Level>
<Task>0</Task>
<Opcode>0</Opcode>
<Keywords>0x8080000000000000</Keywords>
<TimeCreated SystemTime="2024-12-01 15:46:40.391542"></TimeCreated>
<EventRecordID>265</EventRecordID>
<Correlation ActivityID="{2e51c196-d90f-418d-bd4f-8aaa1ab91f70}" RelatedActivityID=""></Correlation>
<Execution ProcessID="856" ThreadID="892"></Execution>
<Channel>System</Channel>
<Computer>DESKTOP-DMF0A8P</Computer>
<Security UserID="S-1-5-20"></Security>
</System>
<EventData><Data Name="param1">&#1087;&#1086; &#1091;&#1084;&#1086;&#1083;&#1095;&#1072;&#1085;&#1080;&#1102; &#1076;&#1083;&#1103; &#1082;&#1086;&#1084;&#1087;&#1100;&#1102;&#1090;&#1077;&#1088;&#1072;</Data>
<Data Name="param2">&#1051;&#1086;&#1082;&#1072;&#1083;&#1100;&#1085;&#1086;</Data>
<Data Name="param3">&#1040;&#1082;&#1090;&#1080;&#1074;&#1072;&#1094;&#1080;&#1103;</Data>
<Data Name="param4">{F87B28F1-DA9A-4F35-8EC0-800EFCF26B83}</Data>
<Data Name="param5">{0868DC9B-D9A2-4F64-9362-133CEA201299}</Data>
<Data Name="param6">NT AUTHORITY</Data>
<Data Name="param7">NETWORK SERVICE</Data>
<Data Name="param8">S-1-5-20</Data>
<Data Name="param9">LocalHost (&#1089; &#1080;&#1089;&#1087;&#1086;&#1083;&#1100;&#1079;&#1086;&#1074;&#1072;&#1085;&#1080;&#1077;&#1084; LRPC)</Data>
<Data Name="param10">&#1053;&#1077;&#1076;&#1086;&#1089;&#1090;&#1091;&#1087;&#1085;&#1086;</Data>
<Data Name="param11">&#1053;&#1077;&#1076;&#1086;&#1089;&#1090;&#1091;&#1087;&#1085;&#1086;</Data>
</EventData>
</Event>

<Event xmlns="http://schemas.microsoft.com/win/2004/08/events/event"><System><Provider Name="Service Control Manager" Guid="{555908d1-a6d7-4695-8e1e-26931d2012f4}" EventSourceName="Service Control Manager"></Provider>
<EventID Qualifiers="16384">7040</EventID>
<Version>0</Version>
<Level>4</Level>
<Task>0</Task>
<Opcode>0</Opcode>
<Keywords>0x8080000000000000</Keywords>
<TimeCreated SystemTime="2024-12-01 15:48:28.751015"></TimeCreated>
<EventRecordID>266</EventRecordID>
<Correlation ActivityID="" RelatedActivityID=""></Correlation>
<Execution ProcessID="612" ThreadID="1364"></Execution>
<Channel>System</Channel>
<Computer>DESKTOP-DMF0A8P</Computer>
<Security UserID="S-1-5-18"></Security>
</System>
<EventData><Data Name="param1">&#1060;&#1086;&#1085;&#1086;&#1074;&#1072;&#1103; &#1080;&#1085;&#1090;&#1077;&#1083;&#1083;&#1077;&#1082;&#1090;&#1091;&#1072;&#1083;&#1100;&#1085;&#1072;&#1103; &#1089;&#1083;&#1091;&#1078;&#1073;&#1072; &#1087;&#1077;&#1088;&#1077;&#1076;&#1072;&#1095;&#1080; (BITS)</Data>
<Data Name="param2">&#1040;&#1074;&#1090;&#1086;&#1084;&#1072;&#1090;&#1080;&#1095;&#1077;&#1089;&#1082;&#1080;</Data>
<Data Name="param3">&#1042;&#1088;&#1091;&#1095;&#1085;&#1091;&#1102;</Data>
<Data Name="param4">BITS</Data>
</EventData>
</Event>

<Event xmlns="http://schemas.microsoft.com/win/2004/08/events/event"><System><Provider Name="Service Control Manager" Guid="{555908d1-a6d7-4695-8e1e-26931d2012f4}" EventSourceName="Service Control Manager"></Provider>
<EventID Qualifiers="16384">7040</EventID>
<Version>0</Version>
<Level>4</Level>
<Task>0</Task>
<Opcode>0</Opcode>
<Keywords>0x8080000000000000</Keywords>
<TimeCreated SystemTime="2024-12-01 15:49:41.188738"></TimeCreated>
<EventRecordID>267</EventRecordID>
<Correlation ActivityID="" RelatedActivityID=""></Correlation>
<Execution ProcessID="612" ThreadID="5836"></Execution>
<Channel>System</Channel>
<Computer>DESKTOP-DMF0A8P</Computer>
<Security UserID="S-1-5-18"></Security>
</System>
<EventData><Data Name="param1">&#1060;&#1086;&#1085;&#1086;&#1074;&#1072;&#1103; &#1080;&#1085;&#1090;&#1077;&#1083;&#1083;&#1077;&#1082;&#1090;&#1091;&#1072;&#1083;&#1100;&#1085;&#1072;&#1103; &#1089;&#1083;&#1091;&#1078;&#1073;&#1072; &#1087;&#1077;&#1088;&#1077;&#1076;&#1072;&#1095;&#1080; (BITS)</Data>
<Data Name="param2">&#1042;&#1088;&#1091;&#1095;&#1085;&#1091;&#1102;</Data>
<Data Name="param3">&#1040;&#1074;&#1090;&#1086;&#1084;&#1072;&#1090;&#1080;&#1095;&#1077;&#1089;&#1082;&#1080;</Data>
<Data Name="param4">BITS</Data>
</EventData>
</Event>

<Event xmlns="http://schemas.microsoft.com/win/2004/08/events/event"><System><Provider Name="Service Control Manager" Guid="{555908d1-a6d7-4695-8e1e-26931d2012f4}" EventSourceName="Service Control Manager"></Provider>
<EventID Qualifiers="16384">7045</EventID>
<Version>0</Version>
<Level>4</Level>
<Task>0</Task>
<Opcode>0</Opcode>
<Keywords>0x8080000000000000</Keywords>
<TimeCreated SystemTime="2024-12-01 15:50:19.016521"></TimeCreated>
<EventRecordID>268</EventRecordID>
<Correlation ActivityID="" RelatedActivityID=""></Correlation>
<Execution ProcessID="612" ThreadID="1364"></Execution>
<Channel>System</Channel>
<Computer>DESKTOP-DMF0A8P</Computer>
<Security UserID="S-1-5-18"></Security>
</System>
<EventData><Data Name="ServiceName">&#1042;&#1085;&#1091;&#1090;&#1088;&#1077;&#1085;&#1085;&#1080;&#1081; &#1089;&#1077;&#1088;&#1074;&#1080;&#1089; Google Updater (GoogleUpdaterInternalService132.0.6833.0)</Data>
<Data Name="ImagePath">"C:\Program Files (x86)\Google\GoogleUpdater\132.0.6833.0\updater.exe" --system --windows-service --service=update-internal</Data>
<Data Name="ServiceType">&#1089;&#1083;&#1091;&#1078;&#1073;&#1072; &#1088;&#1077;&#1078;&#1080;&#1084;&#1072; &#1087;&#1086;&#1083;&#1100;&#1079;&#1086;&#1074;&#1072;&#1090;&#1077;&#1083;&#1103;</Data>
<Data Name="StartType">&#1040;&#1074;&#1090;&#1086;&#1084;&#1072;&#1090;&#1080;&#1095;&#1077;&#1089;&#1082;&#1080;</Data>
<Data Name="AccountName">LocalSystem</Data>
</EventData>
</Event>

<Event xmlns="http://schemas.microsoft.com/win/2004/08/events/event"><System><Provider Name="Service Control Manager" Guid="{555908d1-a6d7-4695-8e1e-26931d2012f4}" EventSourceName="Service Control Manager"></Provider>
<EventID Qualifiers="16384">7040</EventID>
<Version>0</Version>
<Level>4</Level>
<Task>0</Task>
<Opcode>0</Opcode>
<Keywords>0x8080000000000000</Keywords>
<TimeCreated SystemTime="2024-12-01 15:51:15.829473"></TimeCreated>
<EventRecordID>269</EventRecordID>
<Correlation ActivityID="" RelatedActivityID=""></Correlation>
<Execution ProcessID="612" ThreadID="1364"></Execution>
<Channel>System</Channel>
<Computer>DESKTOP-DMF0A8P</Computer>
<Security UserID="S-1-5-18"></Security>
</System>
<EventData><Data Name="param1">UCPD</Data>
<Data Name="param2">&#1040;&#1074;&#1090;&#1086;&#1084;&#1072;&#1090;&#1080;&#1095;&#1077;&#1089;&#1082;&#1080;</Data>
<Data Name="param3">&#1055;&#1088;&#1080; &#1079;&#1072;&#1087;&#1091;&#1089;&#1082;&#1077; &#1089;&#1080;&#1089;&#1090;&#1077;&#1084;&#1099;</Data>
<Data Name="param4">UCPD</Data>
</EventData>
</Event>

<Event xmlns="http://schemas.microsoft.com/win/2004/08/events/event"><System><Provider Name="Microsoft-Windows-Kernel-General" Guid="{a68ca8b7-004f-d7b6-a698-07e2de0f1f5d}"></Provider>
<EventID Qualifiers="">16</EventID>
<Version>0</Version>
<Level>4</Level>
<Task>0</Task>
<Opcode>0</Opcode>
<Keywords>0x8000000000000000</Keywords>
<TimeCreated SystemTime="2024-12-01 15:51:17.729410"></TimeCreated>
<EventRecordID>270</EventRecordID>
<Correlation ActivityID="" RelatedActivityID=""></Correlation>
<Execution ProcessID="4036" ThreadID="3716"></Execution>
<Channel>System</Channel>
<Computer>DESKTOP-DMF0A8P</Computer>
<Security UserID="S-1-5-18"></Security>
</System>
<EventData><Data Name="HiveNameLength">85</Data>
<Data Name="HiveName">\??\C:\ProgramData\Microsoft\Provisioning\Microsoft-Desktop-Provisioning-Sequence.dat</Data>
<Data Name="KeysUpdated">0</Data>
<Data Name="DirtyPages">0</Data>
</EventData>
</Event>

<Event xmlns="http://schemas.microsoft.com/win/2004/08/events/event"><System><Provider Name="Service Control Manager" Guid="{555908d1-a6d7-4695-8e1e-26931d2012f4}" EventSourceName="Service Control Manager"></Provider>
<EventID Qualifiers="16384">7040</EventID>
<Version>0</Version>
<Level>4</Level>
<Task>0</Task>
<Opcode>0</Opcode>
<Keywords>0x8080000000000000</Keywords>
<TimeCreated SystemTime="2024-12-01 15:52:19.066698"></TimeCreated>
<EventRecordID>271</EventRecordID>
<Correlation ActivityID="" RelatedActivityID=""></Correlation>
<Execution ProcessID="612" ThreadID="4368"></Execution>
<Channel>System</Channel>
<Computer>DESKTOP-DMF0A8P</Computer>
<Security UserID="S-1-5-18"></Security>
</System>
<EventData><Data Name="param1">&#1060;&#1086;&#1085;&#1086;&#1074;&#1072;&#1103; &#1080;&#1085;&#1090;&#1077;&#1083;&#1083;&#1077;&#1082;&#1090;&#1091;&#1072;&#1083;&#1100;&#1085;&#1072;&#1103; &#1089;&#1083;&#1091;&#1078;&#1073;&#1072; &#1087;&#1077;&#1088;&#1077;&#1076;&#1072;&#1095;&#1080; (BITS)</Data>
<Data Name="param2">&#1040;&#1074;&#1090;&#1086;&#1084;&#1072;&#1090;&#1080;&#1095;&#1077;&#1089;&#1082;&#1080;</Data>
<Data Name="param3">&#1042;&#1088;&#1091;&#1095;&#1085;&#1091;&#1102;</Data>
<Data Name="param4">BITS</Data>
</EventData>
</Event>

<Event xmlns="http://schemas.microsoft.com/win/2004/08/events/event"><System><Provider Name="Service Control Manager" Guid="{555908d1-a6d7-4695-8e1e-26931d2012f4}" EventSourceName="Service Control Manager"></Provider>
<EventID Qualifiers="16384">7045</EventID>
<Version>0</Version>
<Level>4</Level>
<Task>0</Task>
<Opcode>0</Opcode>
<Keywords>0x8080000000000000</Keywords>
<TimeCreated SystemTime="2024-12-01 15:55:19.204058"></TimeCreated>
<EventRecordID>272</EventRecordID>
<Correlation ActivityID="" RelatedActivityID=""></Correlation>
<Execution ProcessID="612" ThreadID="1364"></Execution>
<Channel>System</Channel>
<Computer>DESKTOP-DMF0A8P</Computer>
<Security UserID="S-1-5-18"></Security>
</System>
<EventData><Data Name="ServiceName">&#1057;&#1077;&#1088;&#1074;&#1080;&#1089; Google Updater (GoogleUpdaterService132.0.6833.0)</Data>
<Data Name="ImagePath">"C:\Program Files (x86)\Google\GoogleUpdater\132.0.6833.0\updater.exe" --system --windows-service --service=update</Data>
<Data Name="ServiceType">&#1089;&#1083;&#1091;&#1078;&#1073;&#1072; &#1088;&#1077;&#1078;&#1080;&#1084;&#1072; &#1087;&#1086;&#1083;&#1100;&#1079;&#1086;&#1074;&#1072;&#1090;&#1077;&#1083;&#1103;</Data>
<Data Name="StartType">&#1040;&#1074;&#1090;&#1086;&#1084;&#1072;&#1090;&#1080;&#1095;&#1077;&#1089;&#1082;&#1080;</Data>
<Data Name="AccountName">LocalSystem</Data>
</EventData>
</Event>

<Event xmlns="http://schemas.microsoft.com/win/2004/08/events/event"><System><Provider Name="Microsoft-Windows-Kernel-General" Guid="{a68ca8b7-004f-d7b6-a698-07e2de0f1f5d}"></Provider>
<EventID Qualifiers="">16</EventID>
<Version>0</Version>
<Level>4</Level>
<Task>0</Task>
<Opcode>0</Opcode>
<Keywords>0x8000000000000000</Keywords>
<TimeCreated SystemTime="2024-12-01 15:57:36.641056"></TimeCreated>
<EventRecordID>273</EventRecordID>
<Correlation ActivityID="" RelatedActivityID=""></Correlation>
<Execution ProcessID="1764" ThreadID="544"></Execution>
<Channel>System</Channel>
<Computer>DESKTOP-DMF0A8P</Computer>
<Security UserID="S-1-5-18"></Security>
</System>
<EventData><Data Name="HiveNameLength">96</Data>
<Data Name="HiveName">\??\C:\Users\Hacker\AppData\Local\Packages\Microsoft.XboxApp_8wekyb3d8bbwe\Settings\settings.dat</Data>
<Data Name="KeysUpdated">3</Data>
<Data Name="DirtyPages">1</Data>
</EventData>
</Event>

<Event xmlns="http://schemas.microsoft.com/win/2004/08/events/event"><System><Provider Name="Microsoft-Windows-Kernel-General" Guid="{a68ca8b7-004f-d7b6-a698-07e2de0f1f5d}"></Provider>
<EventID Qualifiers="">16</EventID>
<Version>0</Version>
<Level>4</Level>
<Task>0</Task>
<Opcode>0</Opcode>
<Keywords>0x8000000000000000</Keywords>
<TimeCreated SystemTime="2024-12-01 15:57:50.358957"></TimeCreated>
<EventRecordID>274</EventRecordID>
<Correlation ActivityID="" RelatedActivityID=""></Correlation>
<Execution ProcessID="5588" ThreadID="4288"></Execution>
<Channel>System</Channel>
<Computer>DESKTOP-DMF0A8P</Computer>
<Security UserID="S-1-5-18"></Security>
</System>
<EventData><Data Name="HiveNameLength">100</Data>
<Data Name="HiveName">\??\C:\Users\Hacker\AppData\Local\Packages\Microsoft.BingWeather_8wekyb3d8bbwe\Settings\settings.dat</Data>
<Data Name="KeysUpdated">3</Data>
<Data Name="DirtyPages">1</Data>
</EventData>
</Event>

<Event xmlns="http://schemas.microsoft.com/win/2004/08/events/event"><System><Provider Name="Microsoft-Windows-Kernel-General" Guid="{a68ca8b7-004f-d7b6-a698-07e2de0f1f5d}"></Provider>
<EventID Qualifiers="">16</EventID>
<Version>0</Version>
<Level>4</Level>
<Task>0</Task>
<Opcode>0</Opcode>
<Keywords>0x8000000000000000</Keywords>
<TimeCreated SystemTime="2024-12-01 15:59:27.653111"></TimeCreated>
<EventRecordID>275</EventRecordID>
<Correlation ActivityID="" RelatedActivityID=""></Correlation>
<Execution ProcessID="4520" ThreadID="5320"></Execution>
<Channel>System</Channel>
<Computer>DESKTOP-DMF0A8P</Computer>
<Security UserID="S-1-5-18"></Security>
</System>
<EventData><Data Name="HiveNameLength">106</Data>
<Data Name="HiveName">\??\C:\Users\Hacker\AppData\Local\Packages\Microsoft.XboxGamingOverlay_8wekyb3d8bbwe\Settings\settings.dat</Data>
<Data Name="KeysUpdated">3</Data>
<Data Name="DirtyPages">1</Data>
</EventData>
</Event>

<Event xmlns="http://schemas.microsoft.com/win/2004/08/events/event"><System><Provider Name="Microsoft-Windows-Kernel-General" Guid="{a68ca8b7-004f-d7b6-a698-07e2de0f1f5d}"></Provider>
<EventID Qualifiers="">16</EventID>
<Version>0</Version>
<Level>4</Level>
<Task>0</Task>
<Opcode>0</Opcode>
<Keywords>0x8000000000000000</Keywords>
<TimeCreated SystemTime="2024-12-01 16:13:27.076576"></TimeCreated>
<EventRecordID>276</EventRecordID>
<Correlation ActivityID="" RelatedActivityID=""></Correlation>
<Execution ProcessID="2892" ThreadID="5908"></Execution>
<Channel>System</Channel>
<Computer>DESKTOP-DMF0A8P</Computer>
<Security UserID="S-1-5-18"></Security>
</System>
<EventData><Data Name="HiveNameLength">102</Data>
<Data Name="HiveName">\??\C:\Users\Hacker\AppData\Local\Packages\Microsoft.WindowsAlarms_8wekyb3d8bbwe\Settings\settings.dat</Data>
<Data Name="KeysUpdated">3</Data>
<Data Name="DirtyPages">1</Data>
</EventData>
</Event>

<Event xmlns="http://schemas.microsoft.com/win/2004/08/events/event"><System><Provider Name="Service Control Manager" Guid="{555908d1-a6d7-4695-8e1e-26931d2012f4}" EventSourceName="Service Control Manager"></Provider>
<EventID Qualifiers="16384">7040</EventID>
<Version>0</Version>
<Level>4</Level>
<Task>0</Task>
<Opcode>0</Opcode>
<Keywords>0x8080000000000000</Keywords>
<TimeCreated SystemTime="2024-12-01 17:41:26.750927"></TimeCreated>
<EventRecordID>277</EventRecordID>
<Correlation ActivityID="" RelatedActivityID=""></Correlation>
<Execution ProcessID="612" ThreadID="3756"></Execution>
<Channel>System</Channel>
<Computer>DESKTOP-DMF0A8P</Computer>
<Security UserID="S-1-5-20"></Security>
</System>
<EventData><Data Name="param1">&#1054;&#1087;&#1090;&#1080;&#1084;&#1080;&#1079;&#1072;&#1094;&#1080;&#1103; &#1076;&#1086;&#1089;&#1090;&#1072;&#1074;&#1082;&#1080;</Data>
<Data Name="param2">&#1040;&#1074;&#1090;&#1086;&#1084;&#1072;&#1090;&#1080;&#1095;&#1077;&#1089;&#1082;&#1080;</Data>
<Data Name="param3">&#1042;&#1088;&#1091;&#1095;&#1085;&#1091;&#1102;</Data>
<Data Name="param4">DoSvc</Data>
</EventData>
</Event>

<Event xmlns="http://schemas.microsoft.com/win/2004/08/events/event"><System><Provider Name="Microsoft-Windows-WindowsUpdateClient" Guid="{945a8954-c147-4acd-923f-40c45405a658}"></Provider>
<EventID Qualifiers="">44</EventID>
<Version>1</Version>
<Level>4</Level>
<Task>1</Task>
<Opcode>12</Opcode>
<Keywords>0x8000000000002004</Keywords>
<TimeCreated SystemTime="2024-12-01 17:41:29.519953"></TimeCreated>
<EventRecordID>278</EventRecordID>
<Correlation ActivityID="{16dc60bd-4407-0000-1e96-dc160744db01}" RelatedActivityID=""></Correlation>
<Execution ProcessID="968" ThreadID="2608"></Execution>
<Channel>System</Channel>
<Computer>DESKTOP-DMF0A8P</Computer>
<Security UserID="S-1-5-18"></Security>
</System>
<EventData><Data Name="updateTitle">9NMJCX77QKPX-Microsoft.LanguageExperiencePackru-RU</Data>
<Data Name="updateGuid">{28646873-ee0d-4381-a54e-b4ebccfa706d}</Data>
<Data Name="updateRevisionNumber">1</Data>
</EventData>
</Event>

<Event xmlns="http://schemas.microsoft.com/win/2004/08/events/event"><System><Provider Name="Microsoft-Windows-WindowsUpdateClient" Guid="{945a8954-c147-4acd-923f-40c45405a658}"></Provider>
<EventID Qualifiers="">43</EventID>
<Version>1</Version>
<Level>4</Level>
<Task>1</Task>
<Opcode>13</Opcode>
<Keywords>0x8000000000002008</Keywords>
<TimeCreated SystemTime="2024-12-01 17:41:39.582115"></TimeCreated>
<EventRecordID>279</EventRecordID>
<Correlation ActivityID="" RelatedActivityID=""></Correlation>
<Execution ProcessID="968" ThreadID="5640"></Execution>
<Channel>System</Channel>
<Computer>DESKTOP-DMF0A8P</Computer>
<Security UserID="S-1-5-18"></Security>
</System>
<EventData><Data Name="updateTitle">9NMJCX77QKPX-Microsoft.LanguageExperiencePackru-RU</Data>
<Data Name="updateGuid">{28646873-ee0d-4381-a54e-b4ebccfa706d}</Data>
<Data Name="updateRevisionNumber">1</Data>
</EventData>
</Event>

<Event xmlns="http://schemas.microsoft.com/win/2004/08/events/event"><System><Provider Name="Microsoft-Windows-WindowsUpdateClient" Guid="{945a8954-c147-4acd-923f-40c45405a658}"></Provider>
<EventID Qualifiers="">19</EventID>
<Version>1</Version>
<Level>4</Level>
<Task>1</Task>
<Opcode>13</Opcode>
<Keywords>0x8000000000000018</Keywords>
<TimeCreated SystemTime="2024-12-01 17:41:40.252268"></TimeCreated>
<EventRecordID>280</EventRecordID>
<Correlation ActivityID="{16dc60bd-4407-0001-4392-dc160744db01}" RelatedActivityID=""></Correlation>
<Execution ProcessID="968" ThreadID="5640"></Execution>
<Channel>System</Channel>
<Computer>DESKTOP-DMF0A8P</Computer>
<Security UserID="S-1-5-18"></Security>
</System>
<EventData><Data Name="updateTitle">9NMJCX77QKPX-Microsoft.LanguageExperiencePackru-RU</Data>
<Data Name="updateGuid">{28646873-ee0d-4381-a54e-b4ebccfa706d}</Data>
<Data Name="updateRevisionNumber">1</Data>
<Data Name="serviceGuid">{855e8a7c-ecb4-4ca3-b045-1dfa50104289}</Data>
</EventData>
</Event>

<Event xmlns="http://schemas.microsoft.com/win/2004/08/events/event"><System><Provider Name="Microsoft-Windows-WindowsUpdateClient" Guid="{945a8954-c147-4acd-923f-40c45405a658}"></Provider>
<EventID Qualifiers="">44</EventID>
<Version>1</Version>
<Level>4</Level>
<Task>1</Task>
<Opcode>12</Opcode>
<Keywords>0x8000000000002004</Keywords>
<TimeCreated SystemTime="2024-12-01 17:44:03.494610"></TimeCreated>
<EventRecordID>281</EventRecordID>
<Correlation ActivityID="{16dc60bd-4407-0000-1e96-dc160744db01}" RelatedActivityID=""></Correlation>
<Execution ProcessID="968" ThreadID="2608"></Execution>
<Channel>System</Channel>
<Computer>DESKTOP-DMF0A8P</Computer>
<Security UserID="S-1-5-18"></Security>
</System>
<EventData><Data Name="updateTitle">9NBLGGH537C2-Microsoft.XboxGameOverlay</Data>
<Data Name="updateGuid">{075a4121-db52-4709-91f0-1a3dbd9beb30}</Data>
<Data Name="updateRevisionNumber">1</Data>
</EventData>
</Event>

<Event xmlns="http://schemas.microsoft.com/win/2004/08/events/event"><System><Provider Name="Microsoft-Windows-WindowsUpdateClient" Guid="{945a8954-c147-4acd-923f-40c45405a658}"></Provider>
<EventID Qualifiers="">44</EventID>
<Version>1</Version>
<Level>4</Level>
<Task>1</Task>
<Opcode>12</Opcode>
<Keywords>0x8000000000002004</Keywords>
<TimeCreated SystemTime="2024-12-01 17:44:03.494614"></TimeCreated>
<EventRecordID>282</EventRecordID>
<Correlation ActivityID="{16dc60bd-4407-0000-1e96-dc160744db01}" RelatedActivityID=""></Correlation>
<Execution ProcessID="968" ThreadID="2608"></Execution>
<Channel>System</Channel>
<Computer>DESKTOP-DMF0A8P</Computer>
<Security UserID="S-1-5-18"></Security>
</System>
<EventData><Data Name="updateTitle">9MTW6RN84LVM-Microsoft.NET.Native.Runtime.1.7</Data>
<Data Name="updateGuid">{9b304730-f6c5-44dc-987f-83a6793dad28}</Data>
<Data Name="updateRevisionNumber">1</Data>
</EventData>
</Event>

<Event xmlns="http://schemas.microsoft.com/win/2004/08/events/event"><System><Provider Name="Microsoft-Windows-WindowsUpdateClient" Guid="{945a8954-c147-4acd-923f-40c45405a658}"></Provider>
<EventID Qualifiers="">44</EventID>
<Version>1</Version>
<Level>4</Level>
<Task>1</Task>
<Opcode>12</Opcode>
<Keywords>0x8000000000002004</Keywords>
<TimeCreated SystemTime="2024-12-01 17:44:03.494616"></TimeCreated>
<EventRecordID>283</EventRecordID>
<Correlation ActivityID="{16dc60bd-4407-0000-1e96-dc160744db01}" RelatedActivityID=""></Correlation>
<Execution ProcessID="968" ThreadID="2608"></Execution>
<Channel>System</Channel>
<Computer>DESKTOP-DMF0A8P</Computer>
<Security UserID="S-1-5-18"></Security>
</System>
<EventData><Data Name="updateTitle">9NBLGGH10PG8-MICROSOFT.PEOPLE</Data>
<Data Name="updateGuid">{6fe32951-178d-43c0-8ce6-43dce9051c58}</Data>
<Data Name="updateRevisionNumber">1</Data>
</EventData>
</Event>

<Event xmlns="http://schemas.microsoft.com/win/2004/08/events/event"><System><Provider Name="Microsoft-Windows-WindowsUpdateClient" Guid="{945a8954-c147-4acd-923f-40c45405a658}"></Provider>
<EventID Qualifiers="">44</EventID>
<Version>1</Version>
<Level>4</Level>
<Task>1</Task>
<Opcode>12</Opcode>
<Keywords>0x8000000000002004</Keywords>
<TimeCreated SystemTime="2024-12-01 17:44:08.634277"></TimeCreated>
<EventRecordID>284</EventRecordID>
<Correlation ActivityID="{16dc60bd-4407-0000-1e96-dc160744db01}" RelatedActivityID=""></Correlation>
<Execution ProcessID="968" ThreadID="2608"></Execution>
<Channel>System</Channel>
<Computer>DESKTOP-DMF0A8P</Computer>
<Security UserID="S-1-5-18"></Security>
</System>
<EventData><Data Name="updateTitle">9NBLGGH3FRZM-Microsoft.VCLibs.140.00</Data>
<Data Name="updateGuid">{7c4b0956-b3f1-40ac-a633-668abc5d6af2}</Data>
<Data Name="updateRevisionNumber">1</Data>
</EventData>
</Event>

<Event xmlns="http://schemas.microsoft.com/win/2004/08/events/event"><System><Provider Name="Microsoft-Windows-WindowsUpdateClient" Guid="{945a8954-c147-4acd-923f-40c45405a658}"></Provider>
<EventID Qualifiers="">44</EventID>
<Version>1</Version>
<Level>4</Level>
<Task>1</Task>
<Opcode>12</Opcode>
<Keywords>0x8000000000002004</Keywords>
<TimeCreated SystemTime="2024-12-01 17:44:12.940765"></TimeCreated>
<EventRecordID>285</EventRecordID>
<Correlation ActivityID="{16dc60bd-4407-0000-1e96-dc160744db01}" RelatedActivityID=""></Correlation>
<Execution ProcessID="968" ThreadID="2608"></Execution>
<Channel>System</Channel>
<Computer>DESKTOP-DMF0A8P</Computer>
<Security UserID="S-1-5-18"></Security>
</System>
<EventData><Data Name="updateTitle">9NZM7B1BB5TR-Microsoft.NET.Native.Framework.1.7</Data>
<Data Name="updateGuid">{93f096aa-2daa-445a-b150-6f6b8d4e6677}</Data>
<Data Name="updateRevisionNumber">1</Data>
</EventData>
</Event>

<Event xmlns="http://schemas.microsoft.com/win/2004/08/events/event"><System><Provider Name="Microsoft-Windows-Kernel-General" Guid="{a68ca8b7-004f-d7b6-a698-07e2de0f1f5d}"></Provider>
<EventID Qualifiers="">16</EventID>
<Version>0</Version>
<Level>4</Level>
<Task>0</Task>
<Opcode>0</Opcode>
<Keywords>0x8000000000000000</Keywords>
<TimeCreated SystemTime="2024-12-01 17:44:23.216490"></TimeCreated>
<EventRecordID>286</EventRecordID>
<Correlation ActivityID="" RelatedActivityID=""></Correlation>
<Execution ProcessID="4464" ThreadID="424"></Execution>
<Channel>System</Channel>
<Computer>DESKTOP-DMF0A8P</Computer>
<Security UserID="S-1-5-18"></Security>
</System>
<EventData><Data Name="HiveNameLength">136</Data>
<Data Name="HiveName">\??\C:\ProgramData\Microsoft\Windows\AppRepository\Packages\Microsoft.XboxGameOverlay_1.54.4001.0_x64__8wekyb3d8bbwe\ActivationStore.dat</Data>
<Data Name="KeysUpdated">0</Data>
<Data Name="DirtyPages">0</Data>
</EventData>
</Event>

<Event xmlns="http://schemas.microsoft.com/win/2004/08/events/event"><System><Provider Name="Microsoft-Windows-WindowsUpdateClient" Guid="{945a8954-c147-4acd-923f-40c45405a658}"></Provider>
<EventID Qualifiers="">44</EventID>
<Version>1</Version>
<Level>4</Level>
<Task>1</Task>
<Opcode>12</Opcode>
<Keywords>0x8000000000002004</Keywords>
<TimeCreated SystemTime="2024-12-01 17:44:25.430925"></TimeCreated>
<EventRecordID>287</EventRecordID>
<Correlation ActivityID="{16dc60bd-4407-0000-1e96-dc160744db01}" RelatedActivityID=""></Correlation>
<Execution ProcessID="968" ThreadID="2608"></Execution>
<Channel>System</Channel>
<Computer>DESKTOP-DMF0A8P</Computer>
<Security UserID="S-1-5-18"></Security>
</System>
<EventData><Data Name="updateTitle">9NBLGGH3FRZM-Microsoft.VCLibs.140.00</Data>
<Data Name="updateGuid">{7c4b0956-b3f1-40ac-a633-668abc5d6af2}</Data>
<Data Name="updateRevisionNumber">1</Data>
</EventData>
</Event>

<Event xmlns="http://schemas.microsoft.com/win/2004/08/events/event"><System><Provider Name="Microsoft-Windows-WindowsUpdateClient" Guid="{945a8954-c147-4acd-923f-40c45405a658}"></Provider>
<EventID Qualifiers="">44</EventID>
<Version>1</Version>
<Level>4</Level>
<Task>1</Task>
<Opcode>12</Opcode>
<Keywords>0x8000000000002004</Keywords>
<TimeCreated SystemTime="2024-12-01 17:44:25.430933"></TimeCreated>
<EventRecordID>288</EventRecordID>
<Correlation ActivityID="{16dc60bd-4407-0000-1e96-dc160744db01}" RelatedActivityID=""></Correlation>
<Execution ProcessID="968" ThreadID="2608"></Execution>
<Channel>System</Channel>
<Computer>DESKTOP-DMF0A8P</Computer>
<Security UserID="S-1-5-18"></Security>
</System>
<EventData><Data Name="updateTitle">9NBLGGH3FRZM-Microsoft.VCLibs.140.00</Data>
<Data Name="updateGuid">{7c4b0956-b3f1-40ac-a633-668abc5d6af2}</Data>
<Data Name="updateRevisionNumber">1</Data>
</EventData>
</Event>

<Event xmlns="http://schemas.microsoft.com/win/2004/08/events/event"><System><Provider Name="Microsoft-Windows-WindowsUpdateClient" Guid="{945a8954-c147-4acd-923f-40c45405a658}"></Provider>
<EventID Qualifiers="">43</EventID>
<Version>1</Version>
<Level>4</Level>
<Task>1</Task>
<Opcode>13</Opcode>
<Keywords>0x8000000000002008</Keywords>
<TimeCreated SystemTime="2024-12-01 17:44:25.431606"></TimeCreated>
<EventRecordID>289</EventRecordID>
<Correlation ActivityID="" RelatedActivityID=""></Correlation>
<Execution ProcessID="968" ThreadID="2524"></Execution>
<Channel>System</Channel>
<Computer>DESKTOP-DMF0A8P</Computer>
<Security UserID="S-1-5-18"></Security>
</System>
<EventData><Data Name="updateTitle">9NBLGGH537C2-Microsoft.XboxGameOverlay</Data>
<Data Name="updateGuid">{7c4b0956-b3f1-40ac-a633-668abc5d6af2}</Data>
<Data Name="updateRevisionNumber">1</Data>
</EventData>
</Event>

<Event xmlns="http://schemas.microsoft.com/win/2004/08/events/event"><System><Provider Name="Microsoft-Windows-WindowsUpdateClient" Guid="{945a8954-c147-4acd-923f-40c45405a658}"></Provider>
<EventID Qualifiers="">19</EventID>
<Version>1</Version>
<Level>4</Level>
<Task>1</Task>
<Opcode>13</Opcode>
<Keywords>0x8000000000000018</Keywords>
<TimeCreated SystemTime="2024-12-01 17:44:27.049963"></TimeCreated>
<EventRecordID>290</EventRecordID>
<Correlation ActivityID="{16dc60bd-4407-0001-bb92-dc160744db01}" RelatedActivityID=""></Correlation>
<Execution ProcessID="968" ThreadID="2524"></Execution>
<Channel>System</Channel>
<Computer>DESKTOP-DMF0A8P</Computer>
<Security UserID="S-1-5-18"></Security>
</System>
<EventData><Data Name="updateTitle">9NBLGGH537C2-Microsoft.XboxGameOverlay</Data>
<Data Name="updateGuid">{7c4b0956-b3f1-40ac-a633-668abc5d6af2}</Data>
<Data Name="updateRevisionNumber">1</Data>
<Data Name="serviceGuid">{855e8a7c-ecb4-4ca3-b045-1dfa50104289}</Data>
</EventData>
</Event>

<Event xmlns="http://schemas.microsoft.com/win/2004/08/events/event"><System><Provider Name="Microsoft-Windows-WindowsUpdateClient" Guid="{945a8954-c147-4acd-923f-40c45405a658}"></Provider>
<EventID Qualifiers="">43</EventID>
<Version>1</Version>
<Level>4</Level>
<Task>1</Task>
<Opcode>13</Opcode>
<Keywords>0x8000000000002008</Keywords>
<TimeCreated SystemTime="2024-12-01 17:44:27.058691"></TimeCreated>
<EventRecordID>291</EventRecordID>
<Correlation ActivityID="{16dc60bd-4407-0001-bb92-dc160744db01}" RelatedActivityID=""></Correlation>
<Execution ProcessID="968" ThreadID="2524"></Execution>
<Channel>System</Channel>
<Computer>DESKTOP-DMF0A8P</Computer>
<Security UserID="S-1-5-18"></Security>
</System>
<EventData><Data Name="updateTitle">9NBLGGH3FRZM-Microsoft.VCLibs.140.00</Data>
<Data Name="updateGuid">{075a4121-db52-4709-91f0-1a3dbd9beb30}</Data>
<Data Name="updateRevisionNumber">1</Data>
</EventData>
</Event>

<Event xmlns="http://schemas.microsoft.com/win/2004/08/events/event"><System><Provider Name="Microsoft-Windows-Kernel-General" Guid="{a68ca8b7-004f-d7b6-a698-07e2de0f1f5d}"></Provider>
<EventID Qualifiers="">16</EventID>
<Version>0</Version>
<Level>4</Level>
<Task>0</Task>
<Opcode>0</Opcode>
<Keywords>0x8000000000000000</Keywords>
<TimeCreated SystemTime="2024-12-01 17:44:27.397276"></TimeCreated>
<EventRecordID>292</EventRecordID>
<Correlation ActivityID="" RelatedActivityID=""></Correlation>
<Execution ProcessID="4464" ThreadID="424"></Execution>
<Channel>System</Channel>
<Computer>DESKTOP-DMF0A8P</Computer>
<Security UserID="S-1-5-21-136699128-1468578893-72476632-1001"></Security>
</System>
<EventData><Data Name="HiveNameLength">104</Data>
<Data Name="HiveName">\??\C:\Users\Hacker\AppData\Local\Packages\Microsoft.XboxGameOverlay_8wekyb3d8bbwe\Settings\settings.dat</Data>
<Data Name="KeysUpdated">3</Data>
<Data Name="DirtyPages">1</Data>
</EventData>
</Event>

<Event xmlns="http://schemas.microsoft.com/win/2004/08/events/event"><System><Provider Name="Microsoft-Windows-WindowsUpdateClient" Guid="{945a8954-c147-4acd-923f-40c45405a658}"></Provider>
<EventID Qualifiers="">19</EventID>
<Version>1</Version>
<Level>4</Level>
<Task>1</Task>
<Opcode>13</Opcode>
<Keywords>0x8000000000000018</Keywords>
<TimeCreated SystemTime="2024-12-01 17:44:27.976595"></TimeCreated>
<EventRecordID>293</EventRecordID>
<Correlation ActivityID="{16dc60bd-4407-0001-cd92-dc160744db01}" RelatedActivityID=""></Correlation>
<Execution ProcessID="968" ThreadID="2524"></Execution>
<Channel>System</Channel>
<Computer>DESKTOP-DMF0A8P</Computer>
<Security UserID="S-1-5-18"></Security>
</System>
<EventData><Data Name="updateTitle">9NBLGGH3FRZM-Microsoft.VCLibs.140.00</Data>
<Data Name="updateGuid">{075a4121-db52-4709-91f0-1a3dbd9beb30}</Data>
<Data Name="updateRevisionNumber">1</Data>
<Data Name="serviceGuid">{855e8a7c-ecb4-4ca3-b045-1dfa50104289}</Data>
</EventData>
</Event>

<Event xmlns="http://schemas.microsoft.com/win/2004/08/events/event"><System><Provider Name="Microsoft-Windows-WindowsUpdateClient" Guid="{945a8954-c147-4acd-923f-40c45405a658}"></Provider>
<EventID Qualifiers="">44</EventID>
<Version>1</Version>
<Level>4</Level>
<Task>1</Task>
<Opcode>12</Opcode>
<Keywords>0x8000000000002004</Keywords>
<TimeCreated SystemTime="2024-12-01 17:44:33.614149"></TimeCreated>
<EventRecordID>294</EventRecordID>
<Correlation ActivityID="{16dc60bd-4407-0000-1e96-dc160744db01}" RelatedActivityID=""></Correlation>
<Execution ProcessID="968" ThreadID="2608"></Execution>
<Channel>System</Channel>
<Computer>DESKTOP-DMF0A8P</Computer>
<Security UserID="S-1-5-18"></Security>
</System>
<EventData><Data Name="updateTitle">9NBLGGH3FRZM-Microsoft.VCLibs.140.00</Data>
<Data Name="updateGuid">{7c4b0956-b3f1-40ac-a633-668abc5d6af2}</Data>
<Data Name="updateRevisionNumber">1</Data>
</EventData>
</Event>

<Event xmlns="http://schemas.microsoft.com/win/2004/08/events/event"><System><Provider Name="Microsoft-Windows-WindowsUpdateClient" Guid="{945a8954-c147-4acd-923f-40c45405a658}"></Provider>
<EventID Qualifiers="">44</EventID>
<Version>1</Version>
<Level>4</Level>
<Task>1</Task>
<Opcode>12</Opcode>
<Keywords>0x8000000000002004</Keywords>
<TimeCreated SystemTime="2024-12-01 17:44:33.614151"></TimeCreated>
<EventRecordID>295</EventRecordID>
<Correlation ActivityID="{16dc60bd-4407-0000-1e96-dc160744db01}" RelatedActivityID=""></Correlation>
<Execution ProcessID="968" ThreadID="2608"></Execution>
<Channel>System</Channel>
<Computer>DESKTOP-DMF0A8P</Computer>
<Security UserID="S-1-5-18"></Security>
</System>
<EventData><Data Name="updateTitle">9NBLGGH3FRZM-Microsoft.VCLibs.140.00</Data>
<Data Name="updateGuid">{7c4b0956-b3f1-40ac-a633-668abc5d6af2}</Data>
<Data Name="updateRevisionNumber">1</Data>
</EventData>
</Event>

<Event xmlns="http://schemas.microsoft.com/win/2004/08/events/event"><System><Provider Name="Microsoft-Windows-WindowsUpdateClient" Guid="{945a8954-c147-4acd-923f-40c45405a658}"></Provider>
<EventID Qualifiers="">44</EventID>
<Version>1</Version>
<Level>4</Level>
<Task>1</Task>
<Opcode>12</Opcode>
<Keywords>0x8000000000002004</Keywords>
<TimeCreated SystemTime="2024-12-01 17:44:33.614155"></TimeCreated>
<EventRecordID>296</EventRecordID>
<Correlation ActivityID="{16dc60bd-4407-0000-1e96-dc160744db01}" RelatedActivityID=""></Correlation>
<Execution ProcessID="968" ThreadID="2608"></Execution>
<Channel>System</Channel>
<Computer>DESKTOP-DMF0A8P</Computer>
<Security UserID="S-1-5-18"></Security>
</System>
<EventData><Data Name="updateTitle">9NG1H8B3ZC7M-Microsoft.MixedReality.Portal</Data>
<Data Name="updateGuid">{4f96b2fd-41c2-4891-a378-b0b1a6a42dcf}</Data>
<Data Name="updateRevisionNumber">1</Data>
</EventData>
</Event>

<Event xmlns="http://schemas.microsoft.com/win/2004/08/events/event"><System><Provider Name="Microsoft-Windows-WindowsUpdateClient" Guid="{945a8954-c147-4acd-923f-40c45405a658}"></Provider>
<EventID Qualifiers="">44</EventID>
<Version>1</Version>
<Level>4</Level>
<Task>1</Task>
<Opcode>12</Opcode>
<Keywords>0x8000000000002004</Keywords>
<TimeCreated SystemTime="2024-12-01 17:44:38.275257"></TimeCreated>
<EventRecordID>297</EventRecordID>
<Correlation ActivityID="{16dc60bd-4407-0000-1e96-dc160744db01}" RelatedActivityID=""></Correlation>
<Execution ProcessID="968" ThreadID="2608"></Execution>
<Channel>System</Channel>
<Computer>DESKTOP-DMF0A8P</Computer>
<Security UserID="S-1-5-18"></Security>
</System>
<EventData><Data Name="updateTitle">9WZDNCRFJBD8-Microsoft.XboxApp</Data>
<Data Name="updateGuid">{14c9433b-c7fc-4357-b884-5c924a0695ce}</Data>
<Data Name="updateRevisionNumber">1</Data>
</EventData>
</Event>

<Event xmlns="http://schemas.microsoft.com/win/2004/08/events/event"><System><Provider Name="Microsoft-Windows-Kernel-General" Guid="{a68ca8b7-004f-d7b6-a698-07e2de0f1f5d}"></Provider>
<EventID Qualifiers="">16</EventID>
<Version>0</Version>
<Level>4</Level>
<Task>0</Task>
<Opcode>0</Opcode>
<Keywords>0x8000000000000000</Keywords>
<TimeCreated SystemTime="2024-12-01 17:44:43.577389"></TimeCreated>
<EventRecordID>298</EventRecordID>
<Correlation ActivityID="" RelatedActivityID=""></Correlation>
<Execution ProcessID="4464" ThreadID="424"></Execution>
<Channel>System</Channel>
<Computer>DESKTOP-DMF0A8P</Computer>
<Security UserID="S-1-5-18"></Security>
</System>
<EventData><Data Name="HiveNameLength">146</Data>
<Data Name="HiveName">\??\C:\ProgramData\Microsoft\Windows\AppRepository\Packages\Microsoft.MixedReality.Portal_2000.21051.1282.0_x64__8wekyb3d8bbwe\ActivationStore.dat</Data>
<Data Name="KeysUpdated">0</Data>
<Data Name="DirtyPages">0</Data>
</EventData>
</Event>

<Event xmlns="http://schemas.microsoft.com/win/2004/08/events/event"><System><Provider Name="Microsoft-Windows-WindowsUpdateClient" Guid="{945a8954-c147-4acd-923f-40c45405a658}"></Provider>
<EventID Qualifiers="">43</EventID>
<Version>1</Version>
<Level>4</Level>
<Task>1</Task>
<Opcode>13</Opcode>
<Keywords>0x8000000000002008</Keywords>
<TimeCreated SystemTime="2024-12-01 17:44:44.708012"></TimeCreated>
<EventRecordID>299</EventRecordID>
<Correlation ActivityID="" RelatedActivityID=""></Correlation>
<Execution ProcessID="968" ThreadID="2060"></Execution>
<Channel>System</Channel>
<Computer>DESKTOP-DMF0A8P</Computer>
<Security UserID="S-1-5-18"></Security>
</System>
<EventData><Data Name="updateTitle">9NG1H8B3ZC7M-Microsoft.MixedReality.Portal</Data>
<Data Name="updateGuid">{4f96b2fd-41c2-4891-a378-b0b1a6a42dcf}</Data>
<Data Name="updateRevisionNumber">1</Data>
</EventData>
</Event>

<Event xmlns="http://schemas.microsoft.com/win/2004/08/events/event"><System><Provider Name="Microsoft-Windows-Kernel-General" Guid="{a68ca8b7-004f-d7b6-a698-07e2de0f1f5d}"></Provider>
<EventID Qualifiers="">16</EventID>
<Version>0</Version>
<Level>4</Level>
<Task>0</Task>
<Opcode>0</Opcode>
<Keywords>0x8000000000000000</Keywords>
<TimeCreated SystemTime="2024-12-01 17:44:44.917561"></TimeCreated>
<EventRecordID>300</EventRecordID>
<Correlation ActivityID="" RelatedActivityID=""></Correlation>
<Execution ProcessID="4464" ThreadID="424"></Execution>
<Channel>System</Channel>
<Computer>DESKTOP-DMF0A8P</Computer>
<Security UserID="S-1-5-21-136699128-1468578893-72476632-1001"></Security>
</System>
<EventData><Data Name="HiveNameLength">108</Data>
<Data Name="HiveName">\??\C:\Users\Hacker\AppData\Local\Packages\Microsoft.MixedReality.Portal_8wekyb3d8bbwe\Settings\settings.dat</Data>
<Data Name="KeysUpdated">3</Data>
<Data Name="DirtyPages">1</Data>
</EventData>
</Event>

<Event xmlns="http://schemas.microsoft.com/win/2004/08/events/event"><System><Provider Name="Microsoft-Windows-WindowsUpdateClient" Guid="{945a8954-c147-4acd-923f-40c45405a658}"></Provider>
<EventID Qualifiers="">19</EventID>
<Version>1</Version>
<Level>4</Level>
<Task>1</Task>
<Opcode>13</Opcode>
<Keywords>0x8000000000000018</Keywords>
<TimeCreated SystemTime="2024-12-01 17:44:45.342152"></TimeCreated>
<EventRecordID>301</EventRecordID>
<Correlation ActivityID="{16dc60bd-4407-0001-fa92-dc160744db01}" RelatedActivityID=""></Correlation>
<Execution ProcessID="968" ThreadID="2060"></Execution>
<Channel>System</Channel>
<Computer>DESKTOP-DMF0A8P</Computer>
<Security UserID="S-1-5-18"></Security>
</System>
<EventData><Data Name="updateTitle">9NG1H8B3ZC7M-Microsoft.MixedReality.Portal</Data>
<Data Name="updateGuid">{4f96b2fd-41c2-4891-a378-b0b1a6a42dcf}</Data>
<Data Name="updateRevisionNumber">1</Data>
<Data Name="serviceGuid">{855e8a7c-ecb4-4ca3-b045-1dfa50104289}</Data>
</EventData>
</Event>

<Event xmlns="http://schemas.microsoft.com/win/2004/08/events/event"><System><Provider Name="Microsoft-Windows-Kernel-General" Guid="{a68ca8b7-004f-d7b6-a698-07e2de0f1f5d}"></Provider>
<EventID Qualifiers="">16</EventID>
<Version>0</Version>
<Level>4</Level>
<Task>0</Task>
<Opcode>0</Opcode>
<Keywords>0x8000000000000000</Keywords>
<TimeCreated SystemTime="2024-12-01 17:44:50.465376"></TimeCreated>
<EventRecordID>302</EventRecordID>
<Correlation ActivityID="" RelatedActivityID=""></Correlation>
<Execution ProcessID="4464" ThreadID="424"></Execution>
<Channel>System</Channel>
<Computer>DESKTOP-DMF0A8P</Computer>
<Security UserID="S-1-5-18"></Security>
</System>
<EventData><Data Name="HiveNameLength">135</Data>
<Data Name="HiveName">\??\C:\ProgramData\Microsoft\Windows\AppRepository\Packages\Microsoft.UI.Xaml.2.8_8.2310.30001.0_x86__8wekyb3d8bbwe\ActivationStore.dat</Data>
<Data Name="KeysUpdated">0</Data>
<Data Name="DirtyPages">0</Data>
</EventData>
</Event>

<Event xmlns="http://schemas.microsoft.com/win/2004/08/events/event"><System><Provider Name="Microsoft-Windows-WindowsUpdateClient" Guid="{945a8954-c147-4acd-923f-40c45405a658}"></Provider>
<EventID Qualifiers="">44</EventID>
<Version>1</Version>
<Level>4</Level>
<Task>1</Task>
<Opcode>12</Opcode>
<Keywords>0x8000000000002004</Keywords>
<TimeCreated SystemTime="2024-12-01 17:44:50.698175"></TimeCreated>
<EventRecordID>303</EventRecordID>
<Correlation ActivityID="{16dc60bd-4407-0000-1e96-dc160744db01}" RelatedActivityID=""></Correlation>
<Execution ProcessID="968" ThreadID="2608"></Execution>
<Channel>System</Channel>
<Computer>DESKTOP-DMF0A8P</Computer>
<Security UserID="S-1-5-18"></Security>
</System>
<EventData><Data Name="updateTitle">9NSTH9KHZDLQ-Microsoft.UI.Xaml.2.8</Data>
<Data Name="updateGuid">{9ffb5e7d-d2e9-43a1-ad40-7bcc5c4f74f8}</Data>
<Data Name="updateRevisionNumber">1</Data>
</EventData>
</Event>

