<Event xmlns="http://schemas.microsoft.com/win/2004/08/events/event"><System><Provider Name="Microsoft-Windows-WindowsUpdateClient" Guid="{945a8954-c147-4acd-923f-40c45405a658}"></Provider>
<EventID Qualifiers="">19</EventID>
<Version>1</Version>
<Level>4</Level>
<Task>1</Task>
<Opcode>13</Opcode>
<Keywords>0x8000000000000018</Keywords>
<TimeCreated SystemTime="2024-12-01 17:45:59.326784"></TimeCreated>
<EventRecordID>357</EventRecordID>
<Correlation ActivityID="{16dc60bd-4407-0000-c797-dc160744db01}" RelatedActivityID=""></Correlation>
<Execution ProcessID="968" ThreadID="5480"></Execution>
<Channel>System</Channel>
<Computer>DESKTOP-DMF0A8P</Computer>
<Security UserID="S-1-5-18"></Security>
</System>
<EventData><Data Name="updateTitle">9PLL735RFDSM-Microsoft.NET.Native.Runtime.2.2</Data>
<Data Name="updateGuid">{9c137291-4059-4cb8-b650-12b07bbe1da1}</Data>
<Data Name="updateRevisionNumber">1</Data>
<Data Name="serviceGuid">{855e8a7c-ecb4-4ca3-b045-1dfa50104289}</Data>
</EventData>
</Event>

<Event xmlns="http://schemas.microsoft.com/win/2004/08/events/event"><System><Provider Name="Microsoft-Windows-WindowsUpdateClient" Guid="{945a8954-c147-4acd-923f-40c45405a658}"></Provider>
<EventID Qualifiers="">43</EventID>
<Version>1</Version>
<Level>4</Level>
<Task>1</Task>
<Opcode>13</Opcode>
<Keywords>0x8000000000002008</Keywords>
<TimeCreated SystemTime="2024-12-01 17:45:59.337349"></TimeCreated>
<EventRecordID>358</EventRecordID>
<Correlation ActivityID="{16dc60bd-4407-0000-c797-dc160744db01}" RelatedActivityID=""></Correlation>
<Execution ProcessID="968" ThreadID="5480"></Execution>
<Channel>System</Channel>
<Computer>DESKTOP-DMF0A8P</Computer>
<Security UserID="S-1-5-18"></Security>
</System>
<EventData><Data Name="updateTitle">9MW2LKJ0TPJF-Microsoft.NET.Native.Framework.2.2</Data>
<Data Name="updateGuid">{bfa7d40d-2cdf-4c15-98cf-85c847517da3}</Data>
<Data Name="updateRevisionNumber">1</Data>
</EventData>
</Event>

<Event xmlns="http://schemas.microsoft.com/win/2004/08/events/event"><System><Provider Name="Microsoft-Windows-WindowsUpdateClient" Guid="{945a8954-c147-4acd-923f-40c45405a658}"></Provider>
<EventID Qualifiers="">19</EventID>
<Version>1</Version>
<Level>4</Level>
<Task>1</Task>
<Opcode>13</Opcode>
<Keywords>0x8000000000000018</Keywords>
<TimeCreated SystemTime="2024-12-01 17:46:00.045736"></TimeCreated>
<EventRecordID>359</EventRecordID>
<Correlation ActivityID="{16dc60bd-4407-0001-a293-dc160744db01}" RelatedActivityID=""></Correlation>
<Execution ProcessID="968" ThreadID="5480"></Execution>
<Channel>System</Channel>
<Computer>DESKTOP-DMF0A8P</Computer>
<Security UserID="S-1-5-18"></Security>
</System>
<EventData><Data Name="updateTitle">9MW2LKJ0TPJF-Microsoft.NET.Native.Framework.2.2</Data>
<Data Name="updateGuid">{bfa7d40d-2cdf-4c15-98cf-85c847517da3}</Data>
<Data Name="updateRevisionNumber">1</Data>
<Data Name="serviceGuid">{855e8a7c-ecb4-4ca3-b045-1dfa50104289}</Data>
</EventData>
</Event>

<Event xmlns="http://schemas.microsoft.com/win/2004/08/events/event"><System><Provider Name="Microsoft-Windows-WindowsUpdateClient" Guid="{945a8954-c147-4acd-923f-40c45405a658}"></Provider>
<EventID Qualifiers="">43</EventID>
<Version>1</Version>
<Level>4</Level>
<Task>1</Task>
<Opcode>13</Opcode>
<Keywords>0x8000000000002008</Keywords>
<TimeCreated SystemTime="2024-12-01 17:46:00.053514"></TimeCreated>
<EventRecordID>360</EventRecordID>
<Correlation ActivityID="{16dc60bd-4407-0001-a293-dc160744db01}" RelatedActivityID=""></Correlation>
<Execution ProcessID="968" ThreadID="5480"></Execution>
<Channel>System</Channel>
<Computer>DESKTOP-DMF0A8P</Computer>
<Security UserID="S-1-5-18"></Security>
</System>
<EventData><Data Name="updateTitle">9NKNC0LD5NN6-Microsoft.Xbox.TCUI</Data>
<Data Name="updateGuid">{f97927ad-01c5-4063-87b2-4638508ff2f5}</Data>
<Data Name="updateRevisionNumber">1</Data>
</EventData>
</Event>

<Event xmlns="http://schemas.microsoft.com/win/2004/08/events/event"><System><Provider Name="Microsoft-Windows-Kernel-General" Guid="{a68ca8b7-004f-d7b6-a698-07e2de0f1f5d}"></Provider>
<EventID Qualifiers="">16</EventID>
<Version>0</Version>
<Level>4</Level>
<Task>0</Task>
<Opcode>0</Opcode>
<Keywords>0x8000000000000000</Keywords>
<TimeCreated SystemTime="2024-12-01 17:46:00.278419"></TimeCreated>
<EventRecordID>361</EventRecordID>
<Correlation ActivityID="" RelatedActivityID=""></Correlation>
<Execution ProcessID="4464" ThreadID="1132"></Execution>
<Channel>System</Channel>
<Computer>DESKTOP-DMF0A8P</Computer>
<Security UserID="S-1-5-21-136699128-1468578893-72476632-1001"></Security>
</System>
<EventData><Data Name="HiveNameLength">98</Data>
<Data Name="HiveName">\??\C:\Users\Hacker\AppData\Local\Packages\Microsoft.Xbox.TCUI_8wekyb3d8bbwe\Settings\settings.dat</Data>
<Data Name="KeysUpdated">3</Data>
<Data Name="DirtyPages">1</Data>
</EventData>
</Event>

<Event xmlns="http://schemas.microsoft.com/win/2004/08/events/event"><System><Provider Name="Microsoft-Windows-WindowsUpdateClient" Guid="{945a8954-c147-4acd-923f-40c45405a658}"></Provider>
<EventID Qualifiers="">19</EventID>
<Version>1</Version>
<Level>4</Level>
<Task>1</Task>
<Opcode>13</Opcode>
<Keywords>0x8000000000000018</Keywords>
<TimeCreated SystemTime="2024-12-01 17:46:00.624165"></TimeCreated>
<EventRecordID>362</EventRecordID>
<Correlation ActivityID="{16dc60bd-4407-0000-d197-dc160744db01}" RelatedActivityID=""></Correlation>
<Execution ProcessID="968" ThreadID="5480"></Execution>
<Channel>System</Channel>
<Computer>DESKTOP-DMF0A8P</Computer>
<Security UserID="S-1-5-18"></Security>
</System>
<EventData><Data Name="updateTitle">9NKNC0LD5NN6-Microsoft.Xbox.TCUI</Data>
<Data Name="updateGuid">{f97927ad-01c5-4063-87b2-4638508ff2f5}</Data>
<Data Name="updateRevisionNumber">1</Data>
<Data Name="serviceGuid">{855e8a7c-ecb4-4ca3-b045-1dfa50104289}</Data>
</EventData>
</Event>

<Event xmlns="http://schemas.microsoft.com/win/2004/08/events/event"><System><Provider Name="Microsoft-Windows-WindowsUpdateClient" Guid="{945a8954-c147-4acd-923f-40c45405a658}"></Provider>
<EventID Qualifiers="">44</EventID>
<Version>1</Version>
<Level>4</Level>
<Task>1</Task>
<Opcode>12</Opcode>
<Keywords>0x8000000000002004</Keywords>
<TimeCreated SystemTime="2024-12-01 17:46:05.078480"></TimeCreated>
<EventRecordID>363</EventRecordID>
<Correlation ActivityID="{16dc60bd-4407-0000-1e96-dc160744db01}" RelatedActivityID=""></Correlation>
<Execution ProcessID="968" ThreadID="2608"></Execution>
<Channel>System</Channel>
<Computer>DESKTOP-DMF0A8P</Computer>
<Security UserID="S-1-5-18"></Security>
</System>
<EventData><Data Name="updateTitle">9NBLGGH3FRZM-Microsoft.VCLibs.140.00</Data>
<Data Name="updateGuid">{7c4b0956-b3f1-40ac-a633-668abc5d6af2}</Data>
<Data Name="updateRevisionNumber">1</Data>
</EventData>
</Event>

<Event xmlns="http://schemas.microsoft.com/win/2004/08/events/event"><System><Provider Name="Microsoft-Windows-WindowsUpdateClient" Guid="{945a8954-c147-4acd-923f-40c45405a658}"></Provider>
<EventID Qualifiers="">44</EventID>
<Version>1</Version>
<Level>4</Level>
<Task>1</Task>
<Opcode>12</Opcode>
<Keywords>0x8000000000002004</Keywords>
<TimeCreated SystemTime="2024-12-01 17:46:05.078482"></TimeCreated>
<EventRecordID>364</EventRecordID>
<Correlation ActivityID="{16dc60bd-4407-0000-1e96-dc160744db01}" RelatedActivityID=""></Correlation>
<Execution ProcessID="968" ThreadID="2608"></Execution>
<Channel>System</Channel>
<Computer>DESKTOP-DMF0A8P</Computer>
<Security UserID="S-1-5-18"></Security>
</System>
<EventData><Data Name="updateTitle">9N5TDP8VCMHS-Microsoft.WebMediaExtensions</Data>
<Data Name="updateGuid">{5319d8ab-5fd7-468e-b80d-9b78f53657b1}</Data>
<Data Name="updateRevisionNumber">1</Data>
</EventData>
</Event>

<Event xmlns="http://schemas.microsoft.com/win/2004/08/events/event"><System><Provider Name="Microsoft-Windows-WindowsUpdateClient" Guid="{945a8954-c147-4acd-923f-40c45405a658}"></Provider>
<EventID Qualifiers="">44</EventID>
<Version>1</Version>
<Level>4</Level>
<Task>1</Task>
<Opcode>12</Opcode>
<Keywords>0x8000000000002004</Keywords>
<TimeCreated SystemTime="2024-12-01 17:46:05.078485"></TimeCreated>
<EventRecordID>365</EventRecordID>
<Correlation ActivityID="{16dc60bd-4407-0000-1e96-dc160744db01}" RelatedActivityID=""></Correlation>
<Execution ProcessID="968" ThreadID="2608"></Execution>
<Channel>System</Channel>
<Computer>DESKTOP-DMF0A8P</Computer>
<Security UserID="S-1-5-18"></Security>
</System>
<EventData><Data Name="updateTitle">9NBLGGH3FRZM-Microsoft.VCLibs.140.00</Data>
<Data Name="updateGuid">{7c4b0956-b3f1-40ac-a633-668abc5d6af2}</Data>
<Data Name="updateRevisionNumber">1</Data>
</EventData>
</Event>

<Event xmlns="http://schemas.microsoft.com/win/2004/08/events/event"><System><Provider Name="Microsoft-Windows-WindowsUpdateClient" Guid="{945a8954-c147-4acd-923f-40c45405a658}"></Provider>
<EventID Qualifiers="">44</EventID>
<Version>1</Version>
<Level>4</Level>
<Task>1</Task>
<Opcode>12</Opcode>
<Keywords>0x8000000000002004</Keywords>
<TimeCreated SystemTime="2024-12-01 17:46:05.078487"></TimeCreated>
<EventRecordID>366</EventRecordID>
<Correlation ActivityID="{16dc60bd-4407-0000-1e96-dc160744db01}" RelatedActivityID=""></Correlation>
<Execution ProcessID="968" ThreadID="2608"></Execution>
<Channel>System</Channel>
<Computer>DESKTOP-DMF0A8P</Computer>
<Security UserID="S-1-5-18"></Security>
</System>
<EventData><Data Name="updateTitle">9N5TDP8VCMHS-Microsoft.WebMediaExtensions</Data>
<Data Name="updateGuid">{5319d8ab-5fd7-468e-b80d-9b78f53657b1}</Data>
<Data Name="updateRevisionNumber">1</Data>
</EventData>
</Event>

<Event xmlns="http://schemas.microsoft.com/win/2004/08/events/event"><System><Provider Name="Microsoft-Windows-Kernel-General" Guid="{a68ca8b7-004f-d7b6-a698-07e2de0f1f5d}"></Provider>
<EventID Qualifiers="">16</EventID>
<Version>0</Version>
<Level>4</Level>
<Task>0</Task>
<Opcode>0</Opcode>
<Keywords>0x8000000000000000</Keywords>
<TimeCreated SystemTime="2024-12-01 17:46:05.237072"></TimeCreated>
<EventRecordID>367</EventRecordID>
<Correlation ActivityID="" RelatedActivityID=""></Correlation>
<Execution ProcessID="4464" ThreadID="2248"></Execution>
<Channel>System</Channel>
<Computer>DESKTOP-DMF0A8P</Computer>
<Security UserID="S-1-5-18"></Security>
</System>
<EventData><Data Name="HiveNameLength">138</Data>
<Data Name="HiveName">\??\C:\ProgramData\Microsoft\Windows\AppRepository\Packages\Microsoft.WebMediaExtensions_1.1.1295.0_x64__8wekyb3d8bbwe\ActivationStore.dat</Data>
<Data Name="KeysUpdated">0</Data>
<Data Name="DirtyPages">0</Data>
</EventData>
</Event>

<Event xmlns="http://schemas.microsoft.com/win/2004/08/events/event"><System><Provider Name="Microsoft-Windows-WindowsUpdateClient" Guid="{945a8954-c147-4acd-923f-40c45405a658}"></Provider>
<EventID Qualifiers="">43</EventID>
<Version>1</Version>
<Level>4</Level>
<Task>1</Task>
<Opcode>13</Opcode>
<Keywords>0x8000000000002008</Keywords>
<TimeCreated SystemTime="2024-12-01 17:46:06.371489"></TimeCreated>
<EventRecordID>368</EventRecordID>
<Correlation ActivityID="" RelatedActivityID=""></Correlation>
<Execution ProcessID="968" ThreadID="5144"></Execution>
<Channel>System</Channel>
<Computer>DESKTOP-DMF0A8P</Computer>
<Security UserID="S-1-5-18"></Security>
</System>
<EventData><Data Name="updateTitle">9N5TDP8VCMHS-Microsoft.WebMediaExtensions</Data>
<Data Name="updateGuid">{5319d8ab-5fd7-468e-b80d-9b78f53657b1}</Data>
<Data Name="updateRevisionNumber">1</Data>
</EventData>
</Event>

<Event xmlns="http://schemas.microsoft.com/win/2004/08/events/event"><System><Provider Name="Microsoft-Windows-Kernel-General" Guid="{a68ca8b7-004f-d7b6-a698-07e2de0f1f5d}"></Provider>
<EventID Qualifiers="">16</EventID>
<Version>0</Version>
<Level>4</Level>
<Task>0</Task>
<Opcode>0</Opcode>
<Keywords>0x8000000000000000</Keywords>
<TimeCreated SystemTime="2024-12-01 17:46:06.569834"></TimeCreated>
<EventRecordID>369</EventRecordID>
<Correlation ActivityID="" RelatedActivityID=""></Correlation>
<Execution ProcessID="4464" ThreadID="2248"></Execution>
<Channel>System</Channel>
<Computer>DESKTOP-DMF0A8P</Computer>
<Security UserID="S-1-5-21-136699128-1468578893-72476632-1001"></Security>
</System>
<EventData><Data Name="HiveNameLength">107</Data>
<Data Name="HiveName">\??\C:\Users\Hacker\AppData\Local\Packages\Microsoft.WebMediaExtensions_8wekyb3d8bbwe\Settings\settings.dat</Data>
<Data Name="KeysUpdated">3</Data>
<Data Name="DirtyPages">1</Data>
</EventData>
</Event>

<Event xmlns="http://schemas.microsoft.com/win/2004/08/events/event"><System><Provider Name="Microsoft-Windows-WindowsUpdateClient" Guid="{945a8954-c147-4acd-923f-40c45405a658}"></Provider>
<EventID Qualifiers="">44</EventID>
<Version>1</Version>
<Level>4</Level>
<Task>1</Task>
<Opcode>12</Opcode>
<Keywords>0x8000000000002004</Keywords>
<TimeCreated SystemTime="2024-12-01 17:46:07.381834"></TimeCreated>
<EventRecordID>370</EventRecordID>
<Correlation ActivityID="{16dc60bd-4407-0001-b793-dc160744db01}" RelatedActivityID=""></Correlation>
<Execution ProcessID="968" ThreadID="5144"></Execution>
<Channel>System</Channel>
<Computer>DESKTOP-DMF0A8P</Computer>
<Security UserID="S-1-5-18"></Security>
</System>
<EventData><Data Name="updateTitle">9NBLGGH3FRZM-Microsoft.VCLibs.140.00</Data>
<Data Name="updateGuid">{7c4b0956-b3f1-40ac-a633-668abc5d6af2}</Data>
<Data Name="updateRevisionNumber">1</Data>
</EventData>
</Event>

<Event xmlns="http://schemas.microsoft.com/win/2004/08/events/event"><System><Provider Name="Microsoft-Windows-WindowsUpdateClient" Guid="{945a8954-c147-4acd-923f-40c45405a658}"></Provider>
<EventID Qualifiers="">19</EventID>
<Version>1</Version>
<Level>4</Level>
<Task>1</Task>
<Opcode>13</Opcode>
<Keywords>0x8000000000000018</Keywords>
<TimeCreated SystemTime="2024-12-01 17:46:07.381836"></TimeCreated>
<EventRecordID>371</EventRecordID>
<Correlation ActivityID="{16dc60bd-4407-0001-b793-dc160744db01}" RelatedActivityID=""></Correlation>
<Execution ProcessID="968" ThreadID="5144"></Execution>
<Channel>System</Channel>
<Computer>DESKTOP-DMF0A8P</Computer>
<Security UserID="S-1-5-18"></Security>
</System>
<EventData><Data Name="updateTitle">9N5TDP8VCMHS-Microsoft.WebMediaExtensions</Data>
<Data Name="updateGuid">{5319d8ab-5fd7-468e-b80d-9b78f53657b1}</Data>
<Data Name="updateRevisionNumber">1</Data>
<Data Name="serviceGuid">{855e8a7c-ecb4-4ca3-b045-1dfa50104289}</Data>
</EventData>
</Event>

<Event xmlns="http://schemas.microsoft.com/win/2004/08/events/event"><System><Provider Name="Microsoft-Windows-WindowsUpdateClient" Guid="{945a8954-c147-4acd-923f-40c45405a658}"></Provider>
<EventID Qualifiers="">44</EventID>
<Version>1</Version>
<Level>4</Level>
<Task>1</Task>
<Opcode>12</Opcode>
<Keywords>0x8000000000002004</Keywords>
<TimeCreated SystemTime="2024-12-01 17:46:09.493166"></TimeCreated>
<EventRecordID>372</EventRecordID>
<Correlation ActivityID="" RelatedActivityID=""></Correlation>
<Execution ProcessID="968" ThreadID="6096"></Execution>
<Channel>System</Channel>
<Computer>DESKTOP-DMF0A8P</Computer>
<Security UserID="S-1-5-18"></Security>
</System>
<EventData><Data Name="updateTitle">9NSTH9KHZDLQ-Microsoft.UI.Xaml.2.8</Data>
<Data Name="updateGuid">{9ffb5e7d-d2e9-43a1-ad40-7bcc5c4f74f8}</Data>
<Data Name="updateRevisionNumber">1</Data>
</EventData>
</Event>

<Event xmlns="http://schemas.microsoft.com/win/2004/08/events/event"><System><Provider Name="Microsoft-Windows-WindowsUpdateClient" Guid="{945a8954-c147-4acd-923f-40c45405a658}"></Provider>
<EventID Qualifiers="">43</EventID>
<Version>1</Version>
<Level>4</Level>
<Task>1</Task>
<Opcode>13</Opcode>
<Keywords>0x8000000000002008</Keywords>
<TimeCreated SystemTime="2024-12-01 17:46:09.493170"></TimeCreated>
<EventRecordID>373</EventRecordID>
<Correlation ActivityID="" RelatedActivityID=""></Correlation>
<Execution ProcessID="968" ThreadID="6096"></Execution>
<Channel>System</Channel>
<Computer>DESKTOP-DMF0A8P</Computer>
<Security UserID="S-1-5-18"></Security>
</System>
<EventData><Data Name="updateTitle">9PG2DK419DRG-Microsoft.WebpImageExtension</Data>
<Data Name="updateGuid">{0d5a662d-006c-4db0-9c9c-a6182cef3eb1}</Data>
<Data Name="updateRevisionNumber">1</Data>
</EventData>
</Event>

<Event xmlns="http://schemas.microsoft.com/win/2004/08/events/event"><System><Provider Name="Microsoft-Windows-Kernel-General" Guid="{a68ca8b7-004f-d7b6-a698-07e2de0f1f5d}"></Provider>
<EventID Qualifiers="">16</EventID>
<Version>0</Version>
<Level>4</Level>
<Task>0</Task>
<Opcode>0</Opcode>
<Keywords>0x8000000000000000</Keywords>
<TimeCreated SystemTime="2024-12-01 17:46:09.636738"></TimeCreated>
<EventRecordID>374</EventRecordID>
<Correlation ActivityID="" RelatedActivityID=""></Correlation>
<Execution ProcessID="4464" ThreadID="1132"></Execution>
<Channel>System</Channel>
<Computer>DESKTOP-DMF0A8P</Computer>
<Security UserID="S-1-5-21-136699128-1468578893-72476632-1001"></Security>
</System>
<EventData><Data Name="HiveNameLength">107</Data>
<Data Name="HiveName">\??\C:\Users\Hacker\AppData\Local\Packages\Microsoft.WebpImageExtension_8wekyb3d8bbwe\Settings\settings.dat</Data>
<Data Name="KeysUpdated">3</Data>
<Data Name="DirtyPages">1</Data>
</EventData>
</Event>

<Event xmlns="http://schemas.microsoft.com/win/2004/08/events/event"><System><Provider Name="Microsoft-Windows-WindowsUpdateClient" Guid="{945a8954-c147-4acd-923f-40c45405a658}"></Provider>
<EventID Qualifiers="">19</EventID>
<Version>1</Version>
<Level>4</Level>
<Task>1</Task>
<Opcode>13</Opcode>
<Keywords>0x8000000000000018</Keywords>
<TimeCreated SystemTime="2024-12-01 17:46:10.038176"></TimeCreated>
<EventRecordID>375</EventRecordID>
<Correlation ActivityID="{16dc60bd-4407-0000-ec97-dc160744db01}" RelatedActivityID=""></Correlation>
<Execution ProcessID="968" ThreadID="6096"></Execution>
<Channel>System</Channel>
<Computer>DESKTOP-DMF0A8P</Computer>
<Security UserID="S-1-5-18"></Security>
</System>
<EventData><Data Name="updateTitle">9PG2DK419DRG-Microsoft.WebpImageExtension</Data>
<Data Name="updateGuid">{0d5a662d-006c-4db0-9c9c-a6182cef3eb1}</Data>
<Data Name="updateRevisionNumber">1</Data>
<Data Name="serviceGuid">{855e8a7c-ecb4-4ca3-b045-1dfa50104289}</Data>
</EventData>
</Event>

<Event xmlns="http://schemas.microsoft.com/win/2004/08/events/event"><System><Provider Name="Microsoft-Windows-WindowsUpdateClient" Guid="{945a8954-c147-4acd-923f-40c45405a658}"></Provider>
<EventID Qualifiers="">44</EventID>
<Version>1</Version>
<Level>4</Level>
<Task>1</Task>
<Opcode>12</Opcode>
<Keywords>0x8000000000002004</Keywords>
<TimeCreated SystemTime="2024-12-01 17:46:12.236517"></TimeCreated>
<EventRecordID>376</EventRecordID>
<Correlation ActivityID="{16dc60bd-4407-0000-1e96-dc160744db01}" RelatedActivityID=""></Correlation>
<Execution ProcessID="968" ThreadID="2608"></Execution>
<Channel>System</Channel>
<Computer>DESKTOP-DMF0A8P</Computer>
<Security UserID="S-1-5-18"></Security>
</System>
<EventData><Data Name="updateTitle">9PLL735RFDSM-Microsoft.NET.Native.Runtime.2.2</Data>
<Data Name="updateGuid">{9c137291-4059-4cb8-b650-12b07bbe1da1}</Data>
<Data Name="updateRevisionNumber">1</Data>
</EventData>
</Event>

<Event xmlns="http://schemas.microsoft.com/win/2004/08/events/event"><System><Provider Name="Microsoft-Windows-WindowsUpdateClient" Guid="{945a8954-c147-4acd-923f-40c45405a658}"></Provider>
<EventID Qualifiers="">44</EventID>
<Version>1</Version>
<Level>4</Level>
<Task>1</Task>
<Opcode>12</Opcode>
<Keywords>0x8000000000002004</Keywords>
<TimeCreated SystemTime="2024-12-01 17:46:12.236519"></TimeCreated>
<EventRecordID>377</EventRecordID>
<Correlation ActivityID="{16dc60bd-4407-0000-1e96-dc160744db01}" RelatedActivityID=""></Correlation>
<Execution ProcessID="968" ThreadID="2608"></Execution>
<Channel>System</Channel>
<Computer>DESKTOP-DMF0A8P</Computer>
<Security UserID="S-1-5-18"></Security>
</System>
<EventData><Data Name="updateTitle">9NBLGGH3FRZM-Microsoft.VCLibs.140.00</Data>
<Data Name="updateGuid">{7c4b0956-b3f1-40ac-a633-668abc5d6af2}</Data>
<Data Name="updateRevisionNumber">1</Data>
</EventData>
</Event>

<Event xmlns="http://schemas.microsoft.com/win/2004/08/events/event"><System><Provider Name="Microsoft-Windows-WindowsUpdateClient" Guid="{945a8954-c147-4acd-923f-40c45405a658}"></Provider>
<EventID Qualifiers="">44</EventID>
<Version>1</Version>
<Level>4</Level>
<Task>1</Task>
<Opcode>12</Opcode>
<Keywords>0x8000000000002004</Keywords>
<TimeCreated SystemTime="2024-12-01 17:46:12.236521"></TimeCreated>
<EventRecordID>378</EventRecordID>
<Correlation ActivityID="{16dc60bd-4407-0000-1e96-dc160744db01}" RelatedActivityID=""></Correlation>
<Execution ProcessID="968" ThreadID="2608"></Execution>
<Channel>System</Channel>
<Computer>DESKTOP-DMF0A8P</Computer>
<Security UserID="S-1-5-18"></Security>
</System>
<EventData><Data Name="updateTitle">9NBLGGH3FRZM-Microsoft.VCLibs.140.00</Data>
<Data Name="updateGuid">{7c4b0956-b3f1-40ac-a633-668abc5d6af2}</Data>
<Data Name="updateRevisionNumber">1</Data>
</EventData>
</Event>

<Event xmlns="http://schemas.microsoft.com/win/2004/08/events/event"><System><Provider Name="Microsoft-Windows-WindowsUpdateClient" Guid="{945a8954-c147-4acd-923f-40c45405a658}"></Provider>
<EventID Qualifiers="">44</EventID>
<Version>1</Version>
<Level>4</Level>
<Task>1</Task>
<Opcode>12</Opcode>
<Keywords>0x8000000000002004</Keywords>
<TimeCreated SystemTime="2024-12-01 17:46:24.839697"></TimeCreated>
<EventRecordID>379</EventRecordID>
<Correlation ActivityID="{16dc60bd-4407-0000-1e96-dc160744db01}" RelatedActivityID=""></Correlation>
<Execution ProcessID="968" ThreadID="2608"></Execution>
<Channel>System</Channel>
<Computer>DESKTOP-DMF0A8P</Computer>
<Security UserID="S-1-5-18"></Security>
</System>
<EventData><Data Name="updateTitle">9MW2LKJ0TPJF-Microsoft.NET.Native.Framework.2.2</Data>
<Data Name="updateGuid">{bfa7d40d-2cdf-4c15-98cf-85c847517da3}</Data>
<Data Name="updateRevisionNumber">1</Data>
</EventData>
</Event>

<Event xmlns="http://schemas.microsoft.com/win/2004/08/events/event"><System><Provider Name="Microsoft-Windows-WindowsUpdateClient" Guid="{945a8954-c147-4acd-923f-40c45405a658}"></Provider>
<EventID Qualifiers="">44</EventID>
<Version>1</Version>
<Level>4</Level>
<Task>1</Task>
<Opcode>12</Opcode>
<Keywords>0x8000000000002004</Keywords>
<TimeCreated SystemTime="2024-12-01 17:46:24.839701"></TimeCreated>
<EventRecordID>380</EventRecordID>
<Correlation ActivityID="{16dc60bd-4407-0000-1e96-dc160744db01}" RelatedActivityID=""></Correlation>
<Execution ProcessID="968" ThreadID="2608"></Execution>
<Channel>System</Channel>
<Computer>DESKTOP-DMF0A8P</Computer>
<Security UserID="S-1-5-18"></Security>
</System>
<EventData><Data Name="updateTitle">9MW2LKJ0TPJF-Microsoft.NET.Native.Framework.2.2</Data>
<Data Name="updateGuid">{bfa7d40d-2cdf-4c15-98cf-85c847517da3}</Data>
<Data Name="updateRevisionNumber">1</Data>
</EventData>
</Event>

<Event xmlns="http://schemas.microsoft.com/win/2004/08/events/event"><System><Provider Name="Microsoft-Windows-WindowsUpdateClient" Guid="{945a8954-c147-4acd-923f-40c45405a658}"></Provider>
<EventID Qualifiers="">44</EventID>
<Version>1</Version>
<Level>4</Level>
<Task>1</Task>
<Opcode>12</Opcode>
<Keywords>0x8000000000002004</Keywords>
<TimeCreated SystemTime="2024-12-01 17:46:24.839705"></TimeCreated>
<EventRecordID>381</EventRecordID>
<Correlation ActivityID="{16dc60bd-4407-0000-1e96-dc160744db01}" RelatedActivityID=""></Correlation>
<Execution ProcessID="968" ThreadID="2608"></Execution>
<Channel>System</Channel>
<Computer>DESKTOP-DMF0A8P</Computer>
<Security UserID="S-1-5-18"></Security>
</System>
<EventData><Data Name="updateTitle">9NBLGGH42THS-Microsoft.Microsoft3DViewer</Data>
<Data Name="updateGuid">{76da785a-1897-4d86-a311-468eea9b81c5}</Data>
<Data Name="updateRevisionNumber">1</Data>
</EventData>
</Event>

<Event xmlns="http://schemas.microsoft.com/win/2004/08/events/event"><System><Provider Name="Microsoft-Windows-WindowsUpdateClient" Guid="{945a8954-c147-4acd-923f-40c45405a658}"></Provider>
<EventID Qualifiers="">44</EventID>
<Version>1</Version>
<Level>4</Level>
<Task>1</Task>
<Opcode>12</Opcode>
<Keywords>0x8000000000002004</Keywords>
<TimeCreated SystemTime="2024-12-01 17:46:25.671246"></TimeCreated>
<EventRecordID>382</EventRecordID>
<Correlation ActivityID="{16dc60bd-4407-0000-1e96-dc160744db01}" RelatedActivityID=""></Correlation>
<Execution ProcessID="968" ThreadID="2608"></Execution>
<Channel>System</Channel>
<Computer>DESKTOP-DMF0A8P</Computer>
<Security UserID="S-1-5-18"></Security>
</System>
<EventData><Data Name="updateTitle">9NBLGGH42THS-Microsoft.Microsoft3DViewer</Data>
<Data Name="updateGuid">{76da785a-1897-4d86-a311-468eea9b81c5}</Data>
<Data Name="updateRevisionNumber">1</Data>
</EventData>
</Event>

<Event xmlns="http://schemas.microsoft.com/win/2004/08/events/event"><System><Provider Name="Microsoft-Windows-WindowsUpdateClient" Guid="{945a8954-c147-4acd-923f-40c45405a658}"></Provider>
<EventID Qualifiers="">44</EventID>
<Version>1</Version>
<Level>4</Level>
<Task>1</Task>
<Opcode>12</Opcode>
<Keywords>0x8000000000002004</Keywords>
<TimeCreated SystemTime="2024-12-01 17:46:25.671247"></TimeCreated>
<EventRecordID>383</EventRecordID>
<Correlation ActivityID="{16dc60bd-4407-0000-1e96-dc160744db01}" RelatedActivityID=""></Correlation>
<Execution ProcessID="968" ThreadID="2608"></Execution>
<Channel>System</Channel>
<Computer>DESKTOP-DMF0A8P</Computer>
<Security UserID="S-1-5-18"></Security>
</System>
<EventData><Data Name="updateTitle">9PLL735RFDSM-Microsoft.NET.Native.Runtime.2.2</Data>
<Data Name="updateGuid">{9c137291-4059-4cb8-b650-12b07bbe1da1}</Data>
<Data Name="updateRevisionNumber">1</Data>
</EventData>
</Event>

<Event xmlns="http://schemas.microsoft.com/win/2004/08/events/event"><System><Provider Name="Microsoft-Windows-WindowsUpdateClient" Guid="{945a8954-c147-4acd-923f-40c45405a658}"></Provider>
<EventID Qualifiers="">44</EventID>
<Version>1</Version>
<Level>4</Level>
<Task>1</Task>
<Opcode>12</Opcode>
<Keywords>0x8000000000002004</Keywords>
<TimeCreated SystemTime="2024-12-01 17:46:26.556997"></TimeCreated>
<EventRecordID>384</EventRecordID>
<Correlation ActivityID="{16dc60bd-4407-0000-1e96-dc160744db01}" RelatedActivityID=""></Correlation>
<Execution ProcessID="968" ThreadID="2608"></Execution>
<Channel>System</Channel>
<Computer>DESKTOP-DMF0A8P</Computer>
<Security UserID="S-1-5-18"></Security>
</System>
<EventData><Data Name="updateTitle">9NBLGGH42THS-Microsoft.Microsoft3DViewer</Data>
<Data Name="updateGuid">{76da785a-1897-4d86-a311-468eea9b81c5}</Data>
<Data Name="updateRevisionNumber">1</Data>
</EventData>
</Event>

<Event xmlns="http://schemas.microsoft.com/win/2004/08/events/event"><System><Provider Name="Microsoft-Windows-WindowsUpdateClient" Guid="{945a8954-c147-4acd-923f-40c45405a658}"></Provider>
<EventID Qualifiers="">44</EventID>
<Version>1</Version>
<Level>4</Level>
<Task>1</Task>
<Opcode>12</Opcode>
<Keywords>0x8000000000002004</Keywords>
<TimeCreated SystemTime="2024-12-01 17:46:26.557001"></TimeCreated>
<EventRecordID>385</EventRecordID>
<Correlation ActivityID="{16dc60bd-4407-0000-1e96-dc160744db01}" RelatedActivityID=""></Correlation>
<Execution ProcessID="968" ThreadID="2608"></Execution>
<Channel>System</Channel>
<Computer>DESKTOP-DMF0A8P</Computer>
<Security UserID="S-1-5-18"></Security>
</System>
<EventData><Data Name="updateTitle">9PLL735RFDSM-Microsoft.NET.Native.Runtime.2.2</Data>
<Data Name="updateGuid">{9c137291-4059-4cb8-b650-12b07bbe1da1}</Data>
<Data Name="updateRevisionNumber">1</Data>
</EventData>
</Event>

<Event xmlns="http://schemas.microsoft.com/win/2004/08/events/event"><System><Provider Name="Microsoft-Windows-WindowsUpdateClient" Guid="{945a8954-c147-4acd-923f-40c45405a658}"></Provider>
<EventID Qualifiers="">44</EventID>
<Version>1</Version>
<Level>4</Level>
<Task>1</Task>
<Opcode>12</Opcode>
<Keywords>0x8000000000002004</Keywords>
<TimeCreated SystemTime="2024-12-01 17:46:26.557005"></TimeCreated>
<EventRecordID>386</EventRecordID>
<Correlation ActivityID="{16dc60bd-4407-0000-1e96-dc160744db01}" RelatedActivityID=""></Correlation>
<Execution ProcessID="968" ThreadID="2608"></Execution>
<Channel>System</Channel>
<Computer>DESKTOP-DMF0A8P</Computer>
<Security UserID="S-1-5-18"></Security>
</System>
<EventData><Data Name="updateTitle">9NBLGGH3FRZM-Microsoft.VCLibs.140.00</Data>
<Data Name="updateGuid">{7c4b0956-b3f1-40ac-a633-668abc5d6af2}</Data>
<Data Name="updateRevisionNumber">1</Data>
</EventData>
</Event>

<Event xmlns="http://schemas.microsoft.com/win/2004/08/events/event"><System><Provider Name="Microsoft-Windows-WindowsUpdateClient" Guid="{945a8954-c147-4acd-923f-40c45405a658}"></Provider>
<EventID Qualifiers="">44</EventID>
<Version>1</Version>
<Level>4</Level>
<Task>1</Task>
<Opcode>12</Opcode>
<Keywords>0x8000000000002004</Keywords>
<TimeCreated SystemTime="2024-12-01 17:46:26.557005"></TimeCreated>
<EventRecordID>387</EventRecordID>
<Correlation ActivityID="{16dc60bd-4407-0000-1e96-dc160744db01}" RelatedActivityID=""></Correlation>
<Execution ProcessID="968" ThreadID="2608"></Execution>
<Channel>System</Channel>
<Computer>DESKTOP-DMF0A8P</Computer>
<Security UserID="S-1-5-18"></Security>
</System>
<EventData><Data Name="updateTitle">9NBLGGH42THS-Microsoft.Microsoft3DViewer</Data>
<Data Name="updateGuid">{76da785a-1897-4d86-a311-468eea9b81c5}</Data>
<Data Name="updateRevisionNumber">1</Data>
</EventData>
</Event>

<Event xmlns="http://schemas.microsoft.com/win/2004/08/events/event"><System><Provider Name="Microsoft-Windows-WindowsUpdateClient" Guid="{945a8954-c147-4acd-923f-40c45405a658}"></Provider>
<EventID Qualifiers="">44</EventID>
<Version>1</Version>
<Level>4</Level>
<Task>1</Task>
<Opcode>12</Opcode>
<Keywords>0x8000000000002004</Keywords>
<TimeCreated SystemTime="2024-12-01 17:46:26.557007"></TimeCreated>
<EventRecordID>388</EventRecordID>
<Correlation ActivityID="{16dc60bd-4407-0000-1e96-dc160744db01}" RelatedActivityID=""></Correlation>
<Execution ProcessID="968" ThreadID="2608"></Execution>
<Channel>System</Channel>
<Computer>DESKTOP-DMF0A8P</Computer>
<Security UserID="S-1-5-18"></Security>
</System>
<EventData><Data Name="updateTitle">9NBLGGH3FRZM-Microsoft.VCLibs.140.00</Data>
<Data Name="updateGuid">{7c4b0956-b3f1-40ac-a633-668abc5d6af2}</Data>
<Data Name="updateRevisionNumber">1</Data>
</EventData>
</Event>

<Event xmlns="http://schemas.microsoft.com/win/2004/08/events/event"><System><Provider Name="Microsoft-Windows-WindowsUpdateClient" Guid="{945a8954-c147-4acd-923f-40c45405a658}"></Provider>
<EventID Qualifiers="">44</EventID>
<Version>1</Version>
<Level>4</Level>
<Task>1</Task>
<Opcode>12</Opcode>
<Keywords>0x8000000000002004</Keywords>
<TimeCreated SystemTime="2024-12-01 17:46:27.619940"></TimeCreated>
<EventRecordID>389</EventRecordID>
<Correlation ActivityID="{16dc60bd-4407-0000-1e96-dc160744db01}" RelatedActivityID=""></Correlation>
<Execution ProcessID="968" ThreadID="2608"></Execution>
<Channel>System</Channel>
<Computer>DESKTOP-DMF0A8P</Computer>
<Security UserID="S-1-5-18"></Security>
</System>
<EventData><Data Name="updateTitle">9NBLGGH42THS-Microsoft.Microsoft3DViewer</Data>
<Data Name="updateGuid">{76da785a-1897-4d86-a311-468eea9b81c5}</Data>
<Data Name="updateRevisionNumber">1</Data>
</EventData>
</Event>

<Event xmlns="http://schemas.microsoft.com/win/2004/08/events/event"><System><Provider Name="Microsoft-Windows-WindowsUpdateClient" Guid="{945a8954-c147-4acd-923f-40c45405a658}"></Provider>
<EventID Qualifiers="">44</EventID>
<Version>1</Version>
<Level>4</Level>
<Task>1</Task>
<Opcode>12</Opcode>
<Keywords>0x8000000000002004</Keywords>
<TimeCreated SystemTime="2024-12-01 17:46:27.619947"></TimeCreated>
<EventRecordID>390</EventRecordID>
<Correlation ActivityID="{16dc60bd-4407-0000-1e96-dc160744db01}" RelatedActivityID=""></Correlation>
<Execution ProcessID="968" ThreadID="2608"></Execution>
<Channel>System</Channel>
<Computer>DESKTOP-DMF0A8P</Computer>
<Security UserID="S-1-5-18"></Security>
</System>
<EventData><Data Name="updateTitle">9MW2LKJ0TPJF-Microsoft.NET.Native.Framework.2.2</Data>
<Data Name="updateGuid">{bfa7d40d-2cdf-4c15-98cf-85c847517da3}</Data>
<Data Name="updateRevisionNumber">1</Data>
</EventData>
</Event>

<Event xmlns="http://schemas.microsoft.com/win/2004/08/events/event"><System><Provider Name="Microsoft-Windows-WindowsUpdateClient" Guid="{945a8954-c147-4acd-923f-40c45405a658}"></Provider>
<EventID Qualifiers="">44</EventID>
<Version>1</Version>
<Level>4</Level>
<Task>1</Task>
<Opcode>12</Opcode>
<Keywords>0x8000000000002004</Keywords>
<TimeCreated SystemTime="2024-12-01 17:46:27.619947"></TimeCreated>
<EventRecordID>391</EventRecordID>
<Correlation ActivityID="{16dc60bd-4407-0000-1e96-dc160744db01}" RelatedActivityID=""></Correlation>
<Execution ProcessID="968" ThreadID="2608"></Execution>
<Channel>System</Channel>
<Computer>DESKTOP-DMF0A8P</Computer>
<Security UserID="S-1-5-18"></Security>
</System>
<EventData><Data Name="updateTitle">9NBLGGH42THS-Microsoft.Microsoft3DViewer</Data>
<Data Name="updateGuid">{76da785a-1897-4d86-a311-468eea9b81c5}</Data>
<Data Name="updateRevisionNumber">1</Data>
</EventData>
</Event>

<Event xmlns="http://schemas.microsoft.com/win/2004/08/events/event"><System><Provider Name="Microsoft-Windows-WindowsUpdateClient" Guid="{945a8954-c147-4acd-923f-40c45405a658}"></Provider>
<EventID Qualifiers="">44</EventID>
<Version>1</Version>
<Level>4</Level>
<Task>1</Task>
<Opcode>12</Opcode>
<Keywords>0x8000000000002004</Keywords>
<TimeCreated SystemTime="2024-12-01 17:46:32.324776"></TimeCreated>
<EventRecordID>392</EventRecordID>
<Correlation ActivityID="{16dc60bd-4407-0000-1e96-dc160744db01}" RelatedActivityID=""></Correlation>
<Execution ProcessID="968" ThreadID="2608"></Execution>
<Channel>System</Channel>
<Computer>DESKTOP-DMF0A8P</Computer>
<Security UserID="S-1-5-18"></Security>
</System>
<EventData><Data Name="updateTitle">9MW2LKJ0TPJF-Microsoft.NET.Native.Framework.2.2</Data>
<Data Name="updateGuid">{bfa7d40d-2cdf-4c15-98cf-85c847517da3}</Data>
<Data Name="updateRevisionNumber">1</Data>
</EventData>
</Event>

<Event xmlns="http://schemas.microsoft.com/win/2004/08/events/event"><System><Provider Name="Microsoft-Windows-WindowsUpdateClient" Guid="{945a8954-c147-4acd-923f-40c45405a658}"></Provider>
<EventID Qualifiers="">44</EventID>
<Version>1</Version>
<Level>4</Level>
<Task>1</Task>
<Opcode>12</Opcode>
<Keywords>0x8000000000002004</Keywords>
<TimeCreated SystemTime="2024-12-01 17:46:32.324778"></TimeCreated>
<EventRecordID>393</EventRecordID>
<Correlation ActivityID="{16dc60bd-4407-0000-1e96-dc160744db01}" RelatedActivityID=""></Correlation>
<Execution ProcessID="968" ThreadID="2608"></Execution>
<Channel>System</Channel>
<Computer>DESKTOP-DMF0A8P</Computer>
<Security UserID="S-1-5-18"></Security>
</System>
<EventData><Data Name="updateTitle">9NBLGGH42THS-Microsoft.Microsoft3DViewer</Data>
<Data Name="updateGuid">{76da785a-1897-4d86-a311-468eea9b81c5}</Data>
<Data Name="updateRevisionNumber">1</Data>
</EventData>
</Event>

<Event xmlns="http://schemas.microsoft.com/win/2004/08/events/event"><System><Provider Name="Microsoft-Windows-WindowsUpdateClient" Guid="{945a8954-c147-4acd-923f-40c45405a658}"></Provider>
<EventID Qualifiers="">44</EventID>
<Version>1</Version>
<Level>4</Level>
<Task>1</Task>
<Opcode>12</Opcode>
<Keywords>0x8000000000002004</Keywords>
<TimeCreated SystemTime="2024-12-01 17:46:32.324780"></TimeCreated>
<EventRecordID>394</EventRecordID>
<Correlation ActivityID="{16dc60bd-4407-0000-1e96-dc160744db01}" RelatedActivityID=""></Correlation>
<Execution ProcessID="968" ThreadID="2608"></Execution>
<Channel>System</Channel>
<Computer>DESKTOP-DMF0A8P</Computer>
<Security UserID="S-1-5-18"></Security>
</System>
<EventData><Data Name="updateTitle">9WZDNCRFJ3Q2-Microsoft.BingWeather</Data>
<Data Name="updateGuid">{a7af270b-b69e-486b-a1f0-2ffe654965a0}</Data>
<Data Name="updateRevisionNumber">1</Data>
</EventData>
</Event>

<Event xmlns="http://schemas.microsoft.com/win/2004/08/events/event"><System><Provider Name="Microsoft-Windows-Kernel-General" Guid="{a68ca8b7-004f-d7b6-a698-07e2de0f1f5d}"></Provider>
<EventID Qualifiers="">16</EventID>
<Version>0</Version>
<Level>4</Level>
<Task>0</Task>
<Opcode>0</Opcode>
<Keywords>0x8000000000000000</Keywords>
<TimeCreated SystemTime="2024-12-01 17:46:33.099611"></TimeCreated>
<EventRecordID>395</EventRecordID>
<Correlation ActivityID="" RelatedActivityID=""></Correlation>
<Execution ProcessID="4464" ThreadID="2248"></Execution>
<Channel>System</Channel>
<Computer>DESKTOP-DMF0A8P</Computer>
<Security UserID="S-1-5-18"></Security>
</System>
<EventData><Data Name="HiveNameLength">141</Data>
<Data Name="HiveName">\??\C:\ProgramData\Microsoft\Windows\AppRepository\Packages\Microsoft.Microsoft3DViewer_7.2407.16012.0_x64__8wekyb3d8bbwe\ActivationStore.dat</Data>
<Data Name="KeysUpdated">0</Data>
<Data Name="DirtyPages">0</Data>
</EventData>
</Event>

<Event xmlns="http://schemas.microsoft.com/win/2004/08/events/event"><System><Provider Name="Microsoft-Windows-WindowsUpdateClient" Guid="{945a8954-c147-4acd-923f-40c45405a658}"></Provider>
<EventID Qualifiers="">44</EventID>
<Version>1</Version>
<Level>4</Level>
<Task>1</Task>
<Opcode>12</Opcode>
<Keywords>0x8000000000002004</Keywords>
<TimeCreated SystemTime="2024-12-01 17:46:37.830061"></TimeCreated>
<EventRecordID>396</EventRecordID>
<Correlation ActivityID="{16dc60bd-4407-0000-1e96-dc160744db01}" RelatedActivityID=""></Correlation>
<Execution ProcessID="968" ThreadID="2608"></Execution>
<Channel>System</Channel>
<Computer>DESKTOP-DMF0A8P</Computer>
<Security UserID="S-1-5-18"></Security>
</System>
<EventData><Data Name="updateTitle">9P5VK8KZB5QZ-Microsoft.UI.Xaml.2.7</Data>
<Data Name="updateGuid">{adffebde-66d8-4836-af4d-fec1ba3b55a7}</Data>
<Data Name="updateRevisionNumber">1</Data>
</EventData>
</Event>

<Event xmlns="http://schemas.microsoft.com/win/2004/08/events/event"><System><Provider Name="Microsoft-Windows-WindowsUpdateClient" Guid="{945a8954-c147-4acd-923f-40c45405a658}"></Provider>
<EventID Qualifiers="">44</EventID>
<Version>1</Version>
<Level>4</Level>
<Task>1</Task>
<Opcode>12</Opcode>
<Keywords>0x8000000000002004</Keywords>
<TimeCreated SystemTime="2024-12-01 17:46:37.830065"></TimeCreated>
<EventRecordID>397</EventRecordID>
<Correlation ActivityID="{16dc60bd-4407-0000-1e96-dc160744db01}" RelatedActivityID=""></Correlation>
<Execution ProcessID="968" ThreadID="2608"></Execution>
<Channel>System</Channel>
<Computer>DESKTOP-DMF0A8P</Computer>
<Security UserID="S-1-5-18"></Security>
</System>
<EventData><Data Name="updateTitle">9PKRS2FVRWBT-Microsoft.UI.Xaml.2.3</Data>
<Data Name="updateGuid">{29d67fca-ff27-40bd-893b-f6e6ac23963b}</Data>
<Data Name="updateRevisionNumber">1</Data>
</EventData>
</Event>

<Event xmlns="http://schemas.microsoft.com/win/2004/08/events/event"><System><Provider Name="Microsoft-Windows-Kernel-General" Guid="{a68ca8b7-004f-d7b6-a698-07e2de0f1f5d}"></Provider>
<EventID Qualifiers="">16</EventID>
<Version>0</Version>
<Level>4</Level>
<Task>0</Task>
<Opcode>0</Opcode>
<Keywords>0x8000000000000000</Keywords>
<TimeCreated SystemTime="2024-12-01 17:46:40.036249"></TimeCreated>
<EventRecordID>398</EventRecordID>
<Correlation ActivityID="" RelatedActivityID=""></Correlation>
<Execution ProcessID="4464" ThreadID="2248"></Execution>
<Channel>System</Channel>
<Computer>DESKTOP-DMF0A8P</Computer>
<Security UserID="S-1-5-18"></Security>
</System>
<EventData><Data Name="HiveNameLength">134</Data>
<Data Name="HiveName">\??\C:\ProgramData\Microsoft\Windows\AppRepository\Packages\Microsoft.UI.Xaml.2.7_7.2409.9001.0_x64__8wekyb3d8bbwe\ActivationStore.dat</Data>
<Data Name="KeysUpdated">0</Data>
<Data Name="DirtyPages">0</Data>
</EventData>
</Event>

<Event xmlns="http://schemas.microsoft.com/win/2004/08/events/event"><System><Provider Name="Microsoft-Windows-Kernel-General" Guid="{a68ca8b7-004f-d7b6-a698-07e2de0f1f5d}"></Provider>
<EventID Qualifiers="">16</EventID>
<Version>0</Version>
<Level>4</Level>
<Task>0</Task>
<Opcode>0</Opcode>
<Keywords>0x8000000000000000</Keywords>
<TimeCreated SystemTime="2024-12-01 17:46:40.605062"></TimeCreated>
<EventRecordID>399</EventRecordID>
<Correlation ActivityID="" RelatedActivityID=""></Correlation>
<Execution ProcessID="4464" ThreadID="424"></Execution>
<Channel>System</Channel>
<Computer>DESKTOP-DMF0A8P</Computer>
<Security UserID="S-1-5-18"></Security>
</System>
<EventData><Data Name="HiveNameLength">136</Data>
<Data Name="HiveName">\??\C:\ProgramData\Microsoft\Windows\AppRepository\Packages\Microsoft.UI.Xaml.2.3_2.32002.13001.0_x86__8wekyb3d8bbwe\ActivationStore.dat</Data>
<Data Name="KeysUpdated">0</Data>
<Data Name="DirtyPages">0</Data>
</EventData>
</Event>

<Event xmlns="http://schemas.microsoft.com/win/2004/08/events/event"><System><Provider Name="Microsoft-Windows-Kernel-General" Guid="{a68ca8b7-004f-d7b6-a698-07e2de0f1f5d}"></Provider>
<EventID Qualifiers="">16</EventID>
<Version>0</Version>
<Level>4</Level>
<Task>0</Task>
<Opcode>0</Opcode>
<Keywords>0x8000000000000000</Keywords>
<TimeCreated SystemTime="2024-12-01 17:46:45.374329"></TimeCreated>
<EventRecordID>400</EventRecordID>
<Correlation ActivityID="" RelatedActivityID=""></Correlation>
<Execution ProcessID="4464" ThreadID="1132"></Execution>
<Channel>System</Channel>
<Computer>DESKTOP-DMF0A8P</Computer>
<Security UserID="S-1-5-18"></Security>
</System>
<EventData><Data Name="HiveNameLength">133</Data>
<Data Name="HiveName">\??\C:\ProgramData\Microsoft\Windows\AppRepository\Packages\Microsoft.BingWeather_4.53.62621.0_x64__8wekyb3d8bbwe\ActivationStore.dat</Data>
<Data Name="KeysUpdated">0</Data>
<Data Name="DirtyPages">0</Data>
</EventData>
</Event>

<Event xmlns="http://schemas.microsoft.com/win/2004/08/events/event"><System><Provider Name="Microsoft-Windows-WindowsUpdateClient" Guid="{945a8954-c147-4acd-923f-40c45405a658}"></Provider>
<EventID Qualifiers="">43</EventID>
<Version>1</Version>
<Level>4</Level>
<Task>1</Task>
<Opcode>13</Opcode>
<Keywords>0x8000000000002008</Keywords>
<TimeCreated SystemTime="2024-12-01 17:46:47.544769"></TimeCreated>
<EventRecordID>401</EventRecordID>
<Correlation ActivityID="" RelatedActivityID=""></Correlation>
<Execution ProcessID="968" ThreadID="5080"></Execution>
<Channel>System</Channel>
<Computer>DESKTOP-DMF0A8P</Computer>
<Security UserID="S-1-5-18"></Security>
</System>
<EventData><Data Name="updateTitle">9NSTH9KHZDLQ-Microsoft.UI.Xaml.2.8</Data>
<Data Name="updateGuid">{9ffb5e7d-d2e9-43a1-ad40-7bcc5c4f74f8}</Data>
<Data Name="updateRevisionNumber">1</Data>
</EventData>
</Event>

<Event xmlns="http://schemas.microsoft.com/win/2004/08/events/event"><System><Provider Name="Microsoft-Windows-WindowsUpdateClient" Guid="{945a8954-c147-4acd-923f-40c45405a658}"></Provider>
<EventID Qualifiers="">19</EventID>
<Version>1</Version>
<Level>4</Level>
<Task>1</Task>
<Opcode>13</Opcode>
<Keywords>0x8000000000000018</Keywords>
<TimeCreated SystemTime="2024-12-01 17:46:47.726763"></TimeCreated>
<EventRecordID>402</EventRecordID>
<Correlation ActivityID="{16dc60bd-4407-0001-0494-dc160744db01}" RelatedActivityID=""></Correlation>
<Execution ProcessID="968" ThreadID="5080"></Execution>
<Channel>System</Channel>
<Computer>DESKTOP-DMF0A8P</Computer>
<Security UserID="S-1-5-18"></Security>
</System>
<EventData><Data Name="updateTitle">9NSTH9KHZDLQ-Microsoft.UI.Xaml.2.8</Data>
<Data Name="updateGuid">{9ffb5e7d-d2e9-43a1-ad40-7bcc5c4f74f8}</Data>
<Data Name="updateRevisionNumber">1</Data>
<Data Name="serviceGuid">{855e8a7c-ecb4-4ca3-b045-1dfa50104289}</Data>
</EventData>
</Event>

<Event xmlns="http://schemas.microsoft.com/win/2004/08/events/event"><System><Provider Name="Microsoft-Windows-WindowsUpdateClient" Guid="{945a8954-c147-4acd-923f-40c45405a658}"></Provider>
<EventID Qualifiers="">43</EventID>
<Version>1</Version>
<Level>4</Level>
<Task>1</Task>
<Opcode>13</Opcode>
<Keywords>0x8000000000002008</Keywords>
<TimeCreated SystemTime="2024-12-01 17:46:47.743006"></TimeCreated>
<EventRecordID>403</EventRecordID>
<Correlation ActivityID="{16dc60bd-4407-0001-0494-dc160744db01}" RelatedActivityID=""></Correlation>
<Execution ProcessID="968" ThreadID="5080"></Execution>
<Channel>System</Channel>
<Computer>DESKTOP-DMF0A8P</Computer>
<Security UserID="S-1-5-18"></Security>
</System>
<EventData><Data Name="updateTitle">9WZDNCRFJ3Q2-Microsoft.BingWeather</Data>
<Data Name="updateGuid">{a7af270b-b69e-486b-a1f0-2ffe654965a0}</Data>
<Data Name="updateRevisionNumber">1</Data>
</EventData>
</Event>

<Event xmlns="http://schemas.microsoft.com/win/2004/08/events/event"><System><Provider Name="Microsoft-Windows-WindowsUpdateClient" Guid="{945a8954-c147-4acd-923f-40c45405a658}"></Provider>
<EventID Qualifiers="">19</EventID>
<Version>1</Version>
<Level>4</Level>
<Task>1</Task>
<Opcode>13</Opcode>
<Keywords>0x8000000000000018</Keywords>
<TimeCreated SystemTime="2024-12-01 17:46:48.547071"></TimeCreated>
<EventRecordID>404</EventRecordID>
<Correlation ActivityID="{16dc60bd-4407-0001-0994-dc160744db01}" RelatedActivityID=""></Correlation>
<Execution ProcessID="968" ThreadID="5080"></Execution>
<Channel>System</Channel>
<Computer>DESKTOP-DMF0A8P</Computer>
<Security UserID="S-1-5-18"></Security>
</System>
<EventData><Data Name="updateTitle">9WZDNCRFJ3Q2-Microsoft.BingWeather</Data>
<Data Name="updateGuid">{a7af270b-b69e-486b-a1f0-2ffe654965a0}</Data>
<Data Name="updateRevisionNumber">1</Data>
<Data Name="serviceGuid">{855e8a7c-ecb4-4ca3-b045-1dfa50104289}</Data>
</EventData>
</Event>

<Event xmlns="http://schemas.microsoft.com/win/2004/08/events/event"><System><Provider Name="Microsoft-Windows-WindowsUpdateClient" Guid="{945a8954-c147-4acd-923f-40c45405a658}"></Provider>
<EventID Qualifiers="">44</EventID>
<Version>1</Version>
<Level>4</Level>
<Task>1</Task>
<Opcode>12</Opcode>
<Keywords>0x8000000000002004</Keywords>
<TimeCreated SystemTime="2024-12-01 17:46:54.664951"></TimeCreated>
<EventRecordID>405</EventRecordID>
<Correlation ActivityID="{16dc60bd-4407-0000-1e96-dc160744db01}" RelatedActivityID=""></Correlation>
<Execution ProcessID="968" ThreadID="2608"></Execution>
<Channel>System</Channel>
<Computer>DESKTOP-DMF0A8P</Computer>
<Security UserID="S-1-5-18"></Security>
</System>
<EventData><Data Name="updateTitle">9NSTH9KHZDLQ-Microsoft.UI.Xaml.2.8</Data>
<Data Name="updateGuid">{9ffb5e7d-d2e9-43a1-ad40-7bcc5c4f74f8}</Data>
<Data Name="updateRevisionNumber">1</Data>
</EventData>
</Event>

<Event xmlns="http://schemas.microsoft.com/win/2004/08/events/event"><System><Provider Name="Microsoft-Windows-WindowsUpdateClient" Guid="{945a8954-c147-4acd-923f-40c45405a658}"></Provider>
<EventID Qualifiers="">44</EventID>
<Version>1</Version>
<Level>4</Level>
<Task>1</Task>
<Opcode>12</Opcode>
<Keywords>0x8000000000002004</Keywords>
<TimeCreated SystemTime="2024-12-01 17:46:54.664957"></TimeCreated>
<EventRecordID>406</EventRecordID>
<Correlation ActivityID="{16dc60bd-4407-0000-1e96-dc160744db01}" RelatedActivityID=""></Correlation>
<Execution ProcessID="968" ThreadID="2608"></Execution>
<Channel>System</Channel>
<Computer>DESKTOP-DMF0A8P</Computer>
<Security UserID="S-1-5-18"></Security>
</System>
<EventData><Data Name="updateTitle">9NBLGGH3FRZM-Microsoft.VCLibs.140.00</Data>
<Data Name="updateGuid">{7c4b0956-b3f1-40ac-a633-668abc5d6af2}</Data>
<Data Name="updateRevisionNumber">1</Data>
</EventData>
</Event>

<Event xmlns="http://schemas.microsoft.com/win/2004/08/events/event"><System><Provider Name="Microsoft-Windows-WindowsUpdateClient" Guid="{945a8954-c147-4acd-923f-40c45405a658}"></Provider>
<EventID Qualifiers="">44</EventID>
<Version>1</Version>
<Level>4</Level>
<Task>1</Task>
<Opcode>12</Opcode>
<Keywords>0x8000000000002004</Keywords>
<TimeCreated SystemTime="2024-12-01 17:46:54.664957"></TimeCreated>
<EventRecordID>407</EventRecordID>
<Correlation ActivityID="{16dc60bd-4407-0000-1e96-dc160744db01}" RelatedActivityID=""></Correlation>
<Execution ProcessID="968" ThreadID="2608"></Execution>
<Channel>System</Channel>
<Computer>DESKTOP-DMF0A8P</Computer>
<Security UserID="S-1-5-18"></Security>
</System>
<EventData><Data Name="updateTitle">9NBLGGH3FRZM-Microsoft.VCLibs.140.00</Data>
<Data Name="updateGuid">{7c4b0956-b3f1-40ac-a633-668abc5d6af2}</Data>
<Data Name="updateRevisionNumber">1</Data>
</EventData>
</Event>

<Event xmlns="http://schemas.microsoft.com/win/2004/08/events/event"><System><Provider Name="Microsoft-Windows-WindowsUpdateClient" Guid="{945a8954-c147-4acd-923f-40c45405a658}"></Provider>
<EventID Qualifiers="">44</EventID>
<Version>1</Version>
<Level>4</Level>
<Task>1</Task>
<Opcode>12</Opcode>
<Keywords>0x8000000000002004</Keywords>
<TimeCreated SystemTime="2024-12-01 17:46:56.533720"></TimeCreated>
<EventRecordID>408</EventRecordID>
<Correlation ActivityID="{16dc60bd-4407-0000-1e96-dc160744db01}" RelatedActivityID=""></Correlation>
<Execution ProcessID="968" ThreadID="2608"></Execution>
<Channel>System</Channel>
<Computer>DESKTOP-DMF0A8P</Computer>
<Security UserID="S-1-5-18"></Security>
</System>
<EventData><Data Name="updateTitle">9PLL735RFDSM-Microsoft.NET.Native.Runtime.2.2</Data>
<Data Name="updateGuid">{9c137291-4059-4cb8-b650-12b07bbe1da1}</Data>
<Data Name="updateRevisionNumber">1</Data>
</EventData>
</Event>

