<Event xmlns="http://schemas.microsoft.com/win/2004/08/events/event"><System><Provider Name="Microsoft-Windows-WindowsUpdateClient" Guid="{945a8954-c147-4acd-923f-40c45405a658}"></Provider>
<EventID Qualifiers="">44</EventID>
<Version>1</Version>
<Level>4</Level>
<Task>1</Task>
<Opcode>12</Opcode>
<Keywords>0x8000000000002004</Keywords>
<TimeCreated SystemTime="2024-12-01 17:44:51.349970"></TimeCreated>
<EventRecordID>304</EventRecordID>
<Correlation ActivityID="{16dc60bd-4407-0000-1e96-dc160744db01}" RelatedActivityID=""></Correlation>
<Execution ProcessID="968" ThreadID="2608"></Execution>
<Channel>System</Channel>
<Computer>DESKTOP-DMF0A8P</Computer>
<Security UserID="S-1-5-18"></Security>
</System>
<EventData><Data Name="updateTitle">9WZDNCRFJBD8-Microsoft.XboxApp</Data>
<Data Name="updateGuid">{14c9433b-c7fc-4357-b884-5c924a0695ce}</Data>
<Data Name="updateRevisionNumber">1</Data>
</EventData>
</Event>

<Event xmlns="http://schemas.microsoft.com/win/2004/08/events/event"><System><Provider Name="Microsoft-Windows-WindowsUpdateClient" Guid="{945a8954-c147-4acd-923f-40c45405a658}"></Provider>
<EventID Qualifiers="">44</EventID>
<Version>1</Version>
<Level>4</Level>
<Task>1</Task>
<Opcode>12</Opcode>
<Keywords>0x8000000000002004</Keywords>
<TimeCreated SystemTime="2024-12-01 17:44:51.349972"></TimeCreated>
<EventRecordID>305</EventRecordID>
<Correlation ActivityID="{16dc60bd-4407-0000-1e96-dc160744db01}" RelatedActivityID=""></Correlation>
<Execution ProcessID="968" ThreadID="2608"></Execution>
<Channel>System</Channel>
<Computer>DESKTOP-DMF0A8P</Computer>
<Security UserID="S-1-5-18"></Security>
</System>
<EventData><Data Name="updateTitle">9NBLGGH3FRZM-Microsoft.VCLibs.140.00</Data>
<Data Name="updateGuid">{7c4b0956-b3f1-40ac-a633-668abc5d6af2}</Data>
<Data Name="updateRevisionNumber">1</Data>
</EventData>
</Event>

<Event xmlns="http://schemas.microsoft.com/win/2004/08/events/event"><System><Provider Name="Microsoft-Windows-WindowsUpdateClient" Guid="{945a8954-c147-4acd-923f-40c45405a658}"></Provider>
<EventID Qualifiers="">44</EventID>
<Version>1</Version>
<Level>4</Level>
<Task>1</Task>
<Opcode>12</Opcode>
<Keywords>0x8000000000002004</Keywords>
<TimeCreated SystemTime="2024-12-01 17:44:51.349974"></TimeCreated>
<EventRecordID>306</EventRecordID>
<Correlation ActivityID="{16dc60bd-4407-0000-1e96-dc160744db01}" RelatedActivityID=""></Correlation>
<Execution ProcessID="968" ThreadID="2608"></Execution>
<Channel>System</Channel>
<Computer>DESKTOP-DMF0A8P</Computer>
<Security UserID="S-1-5-18"></Security>
</System>
<EventData><Data Name="updateTitle">9WZDNCRFJBD8-Microsoft.XboxApp</Data>
<Data Name="updateGuid">{14c9433b-c7fc-4357-b884-5c924a0695ce}</Data>
<Data Name="updateRevisionNumber">1</Data>
</EventData>
</Event>

<Event xmlns="http://schemas.microsoft.com/win/2004/08/events/event"><System><Provider Name="Microsoft-Windows-WindowsUpdateClient" Guid="{945a8954-c147-4acd-923f-40c45405a658}"></Provider>
<EventID Qualifiers="">44</EventID>
<Version>1</Version>
<Level>4</Level>
<Task>1</Task>
<Opcode>12</Opcode>
<Keywords>0x8000000000002004</Keywords>
<TimeCreated SystemTime="2024-12-01 17:44:51.349976"></TimeCreated>
<EventRecordID>307</EventRecordID>
<Correlation ActivityID="{16dc60bd-4407-0000-1e96-dc160744db01}" RelatedActivityID=""></Correlation>
<Execution ProcessID="968" ThreadID="2608"></Execution>
<Channel>System</Channel>
<Computer>DESKTOP-DMF0A8P</Computer>
<Security UserID="S-1-5-18"></Security>
</System>
<EventData><Data Name="updateTitle">9NBLGGH3FRZM-Microsoft.VCLibs.140.00</Data>
<Data Name="updateGuid">{7c4b0956-b3f1-40ac-a633-668abc5d6af2}</Data>
<Data Name="updateRevisionNumber">1</Data>
</EventData>
</Event>

<Event xmlns="http://schemas.microsoft.com/win/2004/08/events/event"><System><Provider Name="Microsoft-Windows-WindowsUpdateClient" Guid="{945a8954-c147-4acd-923f-40c45405a658}"></Provider>
<EventID Qualifiers="">44</EventID>
<Version>1</Version>
<Level>4</Level>
<Task>1</Task>
<Opcode>12</Opcode>
<Keywords>0x8000000000002004</Keywords>
<TimeCreated SystemTime="2024-12-01 17:44:57.443111"></TimeCreated>
<EventRecordID>308</EventRecordID>
<Correlation ActivityID="{16dc60bd-4407-0000-1e96-dc160744db01}" RelatedActivityID=""></Correlation>
<Execution ProcessID="968" ThreadID="2608"></Execution>
<Channel>System</Channel>
<Computer>DESKTOP-DMF0A8P</Computer>
<Security UserID="S-1-5-18"></Security>
</System>
<EventData><Data Name="updateTitle">9PLL735RFDSM-Microsoft.NET.Native.Runtime.2.2</Data>
<Data Name="updateGuid">{9c137291-4059-4cb8-b650-12b07bbe1da1}</Data>
<Data Name="updateRevisionNumber">1</Data>
</EventData>
</Event>

<Event xmlns="http://schemas.microsoft.com/win/2004/08/events/event"><System><Provider Name="Microsoft-Windows-WindowsUpdateClient" Guid="{945a8954-c147-4acd-923f-40c45405a658}"></Provider>
<EventID Qualifiers="">44</EventID>
<Version>1</Version>
<Level>4</Level>
<Task>1</Task>
<Opcode>12</Opcode>
<Keywords>0x8000000000002004</Keywords>
<TimeCreated SystemTime="2024-12-01 17:45:04.999557"></TimeCreated>
<EventRecordID>309</EventRecordID>
<Correlation ActivityID="{16dc60bd-4407-0000-1e96-dc160744db01}" RelatedActivityID=""></Correlation>
<Execution ProcessID="968" ThreadID="2608"></Execution>
<Channel>System</Channel>
<Computer>DESKTOP-DMF0A8P</Computer>
<Security UserID="S-1-5-18"></Security>
</System>
<EventData><Data Name="updateTitle">9MW2LKJ0TPJF-Microsoft.NET.Native.Framework.2.2</Data>
<Data Name="updateGuid">{bfa7d40d-2cdf-4c15-98cf-85c847517da3}</Data>
<Data Name="updateRevisionNumber">1</Data>
</EventData>
</Event>

<Event xmlns="http://schemas.microsoft.com/win/2004/08/events/event"><System><Provider Name="Microsoft-Windows-Kernel-General" Guid="{a68ca8b7-004f-d7b6-a698-07e2de0f1f5d}"></Provider>
<EventID Qualifiers="">16</EventID>
<Version>0</Version>
<Level>4</Level>
<Task>0</Task>
<Opcode>0</Opcode>
<Keywords>0x8000000000000000</Keywords>
<TimeCreated SystemTime="2024-12-01 17:45:09.186224"></TimeCreated>
<EventRecordID>310</EventRecordID>
<Correlation ActivityID="" RelatedActivityID=""></Correlation>
<Execution ProcessID="4464" ThreadID="1132"></Execution>
<Channel>System</Channel>
<Computer>DESKTOP-DMF0A8P</Computer>
<Security UserID="S-1-5-18"></Security>
</System>
<EventData><Data Name="HiveNameLength">129</Data>
<Data Name="HiveName">\??\C:\ProgramData\Microsoft\Windows\AppRepository\Packages\Microsoft.People_10.2202.100.0_x64__8wekyb3d8bbwe\ActivationStore.dat</Data>
<Data Name="KeysUpdated">0</Data>
<Data Name="DirtyPages">0</Data>
</EventData>
</Event>

<Event xmlns="http://schemas.microsoft.com/win/2004/08/events/event"><System><Provider Name="Microsoft-Windows-Kernel-General" Guid="{a68ca8b7-004f-d7b6-a698-07e2de0f1f5d}"></Provider>
<EventID Qualifiers="">16</EventID>
<Version>0</Version>
<Level>4</Level>
<Task>0</Task>
<Opcode>0</Opcode>
<Keywords>0x8000000000000000</Keywords>
<TimeCreated SystemTime="2024-12-01 17:45:10.018209"></TimeCreated>
<EventRecordID>311</EventRecordID>
<Correlation ActivityID="" RelatedActivityID=""></Correlation>
<Execution ProcessID="4464" ThreadID="2248"></Execution>
<Channel>System</Channel>
<Computer>DESKTOP-DMF0A8P</Computer>
<Security UserID="S-1-5-18"></Security>
</System>
<EventData><Data Name="HiveNameLength">130</Data>
<Data Name="HiveName">\??\C:\ProgramData\Microsoft\Windows\AppRepository\Packages\Microsoft.XboxApp_48.104.4001.0_x64__8wekyb3d8bbwe\ActivationStore.dat</Data>
<Data Name="KeysUpdated">0</Data>
<Data Name="DirtyPages">0</Data>
</EventData>
</Event>

<Event xmlns="http://schemas.microsoft.com/win/2004/08/events/event"><System><Provider Name="Microsoft-Windows-WindowsUpdateClient" Guid="{945a8954-c147-4acd-923f-40c45405a658}"></Provider>
<EventID Qualifiers="">44</EventID>
<Version>1</Version>
<Level>4</Level>
<Task>1</Task>
<Opcode>12</Opcode>
<Keywords>0x8000000000002004</Keywords>
<TimeCreated SystemTime="2024-12-01 17:45:11.598503"></TimeCreated>
<EventRecordID>312</EventRecordID>
<Correlation ActivityID="" RelatedActivityID=""></Correlation>
<Execution ProcessID="968" ThreadID="3644"></Execution>
<Channel>System</Channel>
<Computer>DESKTOP-DMF0A8P</Computer>
<Security UserID="S-1-5-18"></Security>
</System>
<EventData><Data Name="updateTitle">9WZDNCRFJBD8-Microsoft.XboxApp</Data>
<Data Name="updateGuid">{14c9433b-c7fc-4357-b884-5c924a0695ce}</Data>
<Data Name="updateRevisionNumber">1</Data>
</EventData>
</Event>

<Event xmlns="http://schemas.microsoft.com/win/2004/08/events/event"><System><Provider Name="Microsoft-Windows-WindowsUpdateClient" Guid="{945a8954-c147-4acd-923f-40c45405a658}"></Provider>
<EventID Qualifiers="">44</EventID>
<Version>1</Version>
<Level>4</Level>
<Task>1</Task>
<Opcode>12</Opcode>
<Keywords>0x8000000000002004</Keywords>
<TimeCreated SystemTime="2024-12-01 17:45:11.598507"></TimeCreated>
<EventRecordID>313</EventRecordID>
<Correlation ActivityID="" RelatedActivityID=""></Correlation>
<Execution ProcessID="968" ThreadID="3644"></Execution>
<Channel>System</Channel>
<Computer>DESKTOP-DMF0A8P</Computer>
<Security UserID="S-1-5-18"></Security>
</System>
<EventData><Data Name="updateTitle">9NBLGGH3FRZM-Microsoft.VCLibs.140.00</Data>
<Data Name="updateGuid">{7c4b0956-b3f1-40ac-a633-668abc5d6af2}</Data>
<Data Name="updateRevisionNumber">1</Data>
</EventData>
</Event>

<Event xmlns="http://schemas.microsoft.com/win/2004/08/events/event"><System><Provider Name="Microsoft-Windows-WindowsUpdateClient" Guid="{945a8954-c147-4acd-923f-40c45405a658}"></Provider>
<EventID Qualifiers="">44</EventID>
<Version>1</Version>
<Level>4</Level>
<Task>1</Task>
<Opcode>12</Opcode>
<Keywords>0x8000000000002004</Keywords>
<TimeCreated SystemTime="2024-12-01 17:45:11.598509"></TimeCreated>
<EventRecordID>314</EventRecordID>
<Correlation ActivityID="" RelatedActivityID=""></Correlation>
<Execution ProcessID="968" ThreadID="3644"></Execution>
<Channel>System</Channel>
<Computer>DESKTOP-DMF0A8P</Computer>
<Security UserID="S-1-5-18"></Security>
</System>
<EventData><Data Name="updateTitle">9WZDNCRDTBJJ-MICROSOFT.GETSTARTED</Data>
<Data Name="updateGuid">{9e6b27fe-f60b-44b4-8488-7f292f7c693d}</Data>
<Data Name="updateRevisionNumber">1</Data>
</EventData>
</Event>

<Event xmlns="http://schemas.microsoft.com/win/2004/08/events/event"><System><Provider Name="Microsoft-Windows-WindowsUpdateClient" Guid="{945a8954-c147-4acd-923f-40c45405a658}"></Provider>
<EventID Qualifiers="">43</EventID>
<Version>1</Version>
<Level>4</Level>
<Task>1</Task>
<Opcode>13</Opcode>
<Keywords>0x8000000000002008</Keywords>
<TimeCreated SystemTime="2024-12-01 17:45:11.598705"></TimeCreated>
<EventRecordID>315</EventRecordID>
<Correlation ActivityID="" RelatedActivityID=""></Correlation>
<Execution ProcessID="968" ThreadID="3644"></Execution>
<Channel>System</Channel>
<Computer>DESKTOP-DMF0A8P</Computer>
<Security UserID="S-1-5-18"></Security>
</System>
<EventData><Data Name="updateTitle">9MTW6RN84LVM-Microsoft.NET.Native.Runtime.1.7</Data>
<Data Name="updateGuid">{9b304730-f6c5-44dc-987f-83a6793dad28}</Data>
<Data Name="updateRevisionNumber">1</Data>
</EventData>
</Event>

<Event xmlns="http://schemas.microsoft.com/win/2004/08/events/event"><System><Provider Name="Microsoft-Windows-WindowsUpdateClient" Guid="{945a8954-c147-4acd-923f-40c45405a658}"></Provider>
<EventID Qualifiers="">19</EventID>
<Version>1</Version>
<Level>4</Level>
<Task>1</Task>
<Opcode>13</Opcode>
<Keywords>0x8000000000000018</Keywords>
<TimeCreated SystemTime="2024-12-01 17:45:12.138693"></TimeCreated>
<EventRecordID>316</EventRecordID>
<Correlation ActivityID="{16dc60bd-4407-0000-5297-dc160744db01}" RelatedActivityID=""></Correlation>
<Execution ProcessID="968" ThreadID="3644"></Execution>
<Channel>System</Channel>
<Computer>DESKTOP-DMF0A8P</Computer>
<Security UserID="S-1-5-18"></Security>
</System>
<EventData><Data Name="updateTitle">9MTW6RN84LVM-Microsoft.NET.Native.Runtime.1.7</Data>
<Data Name="updateGuid">{9b304730-f6c5-44dc-987f-83a6793dad28}</Data>
<Data Name="updateRevisionNumber">1</Data>
<Data Name="serviceGuid">{855e8a7c-ecb4-4ca3-b045-1dfa50104289}</Data>
</EventData>
</Event>

<Event xmlns="http://schemas.microsoft.com/win/2004/08/events/event"><System><Provider Name="Microsoft-Windows-WindowsUpdateClient" Guid="{945a8954-c147-4acd-923f-40c45405a658}"></Provider>
<EventID Qualifiers="">43</EventID>
<Version>1</Version>
<Level>4</Level>
<Task>1</Task>
<Opcode>13</Opcode>
<Keywords>0x8000000000002008</Keywords>
<TimeCreated SystemTime="2024-12-01 17:45:12.151205"></TimeCreated>
<EventRecordID>317</EventRecordID>
<Correlation ActivityID="{16dc60bd-4407-0000-5297-dc160744db01}" RelatedActivityID=""></Correlation>
<Execution ProcessID="968" ThreadID="3644"></Execution>
<Channel>System</Channel>
<Computer>DESKTOP-DMF0A8P</Computer>
<Security UserID="S-1-5-18"></Security>
</System>
<EventData><Data Name="updateTitle">9NZM7B1BB5TR-Microsoft.NET.Native.Framework.1.7</Data>
<Data Name="updateGuid">{93f096aa-2daa-445a-b150-6f6b8d4e6677}</Data>
<Data Name="updateRevisionNumber">1</Data>
</EventData>
</Event>

<Event xmlns="http://schemas.microsoft.com/win/2004/08/events/event"><System><Provider Name="Microsoft-Windows-WindowsUpdateClient" Guid="{945a8954-c147-4acd-923f-40c45405a658}"></Provider>
<EventID Qualifiers="">44</EventID>
<Version>1</Version>
<Level>4</Level>
<Task>1</Task>
<Opcode>12</Opcode>
<Keywords>0x8000000000002004</Keywords>
<TimeCreated SystemTime="2024-12-01 17:45:12.664654"></TimeCreated>
<EventRecordID>318</EventRecordID>
<Correlation ActivityID="{16dc60bd-4407-0000-5a97-dc160744db01}" RelatedActivityID=""></Correlation>
<Execution ProcessID="968" ThreadID="3644"></Execution>
<Channel>System</Channel>
<Computer>DESKTOP-DMF0A8P</Computer>
<Security UserID="S-1-5-18"></Security>
</System>
<EventData><Data Name="updateTitle">9NBLGGH3FRZM-Microsoft.VCLibs.140.00</Data>
<Data Name="updateGuid">{7c4b0956-b3f1-40ac-a633-668abc5d6af2}</Data>
<Data Name="updateRevisionNumber">1</Data>
</EventData>
</Event>

<Event xmlns="http://schemas.microsoft.com/win/2004/08/events/event"><System><Provider Name="Microsoft-Windows-WindowsUpdateClient" Guid="{945a8954-c147-4acd-923f-40c45405a658}"></Provider>
<EventID Qualifiers="">19</EventID>
<Version>1</Version>
<Level>4</Level>
<Task>1</Task>
<Opcode>13</Opcode>
<Keywords>0x8000000000000018</Keywords>
<TimeCreated SystemTime="2024-12-01 17:45:12.664658"></TimeCreated>
<EventRecordID>319</EventRecordID>
<Correlation ActivityID="{16dc60bd-4407-0000-5a97-dc160744db01}" RelatedActivityID=""></Correlation>
<Execution ProcessID="968" ThreadID="3644"></Execution>
<Channel>System</Channel>
<Computer>DESKTOP-DMF0A8P</Computer>
<Security UserID="S-1-5-18"></Security>
</System>
<EventData><Data Name="updateTitle">9NZM7B1BB5TR-Microsoft.NET.Native.Framework.1.7</Data>
<Data Name="updateGuid">{93f096aa-2daa-445a-b150-6f6b8d4e6677}</Data>
<Data Name="updateRevisionNumber">1</Data>
<Data Name="serviceGuid">{855e8a7c-ecb4-4ca3-b045-1dfa50104289}</Data>
</EventData>
</Event>

<Event xmlns="http://schemas.microsoft.com/win/2004/08/events/event"><System><Provider Name="Microsoft-Windows-WindowsUpdateClient" Guid="{945a8954-c147-4acd-923f-40c45405a658}"></Provider>
<EventID Qualifiers="">43</EventID>
<Version>1</Version>
<Level>4</Level>
<Task>1</Task>
<Opcode>13</Opcode>
<Keywords>0x8000000000002008</Keywords>
<TimeCreated SystemTime="2024-12-01 17:45:12.673063"></TimeCreated>
<EventRecordID>320</EventRecordID>
<Correlation ActivityID="{16dc60bd-4407-0000-5a97-dc160744db01}" RelatedActivityID=""></Correlation>
<Execution ProcessID="968" ThreadID="3644"></Execution>
<Channel>System</Channel>
<Computer>DESKTOP-DMF0A8P</Computer>
<Security UserID="S-1-5-18"></Security>
</System>
<EventData><Data Name="updateTitle">9WZDNCRFJBD8-Microsoft.XboxApp</Data>
<Data Name="updateGuid">{14c9433b-c7fc-4357-b884-5c924a0695ce}</Data>
<Data Name="updateRevisionNumber">1</Data>
</EventData>
</Event>

<Event xmlns="http://schemas.microsoft.com/win/2004/08/events/event"><System><Provider Name="Microsoft-Windows-WindowsUpdateClient" Guid="{945a8954-c147-4acd-923f-40c45405a658}"></Provider>
<EventID Qualifiers="">19</EventID>
<Version>1</Version>
<Level>4</Level>
<Task>1</Task>
<Opcode>13</Opcode>
<Keywords>0x8000000000000018</Keywords>
<TimeCreated SystemTime="2024-12-01 17:45:13.697504"></TimeCreated>
<EventRecordID>321</EventRecordID>
<Correlation ActivityID="{16dc60bd-4407-0001-3393-dc160744db01}" RelatedActivityID=""></Correlation>
<Execution ProcessID="968" ThreadID="3644"></Execution>
<Channel>System</Channel>
<Computer>DESKTOP-DMF0A8P</Computer>
<Security UserID="S-1-5-18"></Security>
</System>
<EventData><Data Name="updateTitle">9WZDNCRFJBD8-Microsoft.XboxApp</Data>
<Data Name="updateGuid">{14c9433b-c7fc-4357-b884-5c924a0695ce}</Data>
<Data Name="updateRevisionNumber">1</Data>
<Data Name="serviceGuid">{855e8a7c-ecb4-4ca3-b045-1dfa50104289}</Data>
</EventData>
</Event>

<Event xmlns="http://schemas.microsoft.com/win/2004/08/events/event"><System><Provider Name="Microsoft-Windows-WindowsUpdateClient" Guid="{945a8954-c147-4acd-923f-40c45405a658}"></Provider>
<EventID Qualifiers="">44</EventID>
<Version>1</Version>
<Level>4</Level>
<Task>1</Task>
<Opcode>12</Opcode>
<Keywords>0x8000000000002004</Keywords>
<TimeCreated SystemTime="2024-12-01 17:45:14.232656"></TimeCreated>
<EventRecordID>322</EventRecordID>
<Correlation ActivityID="{16dc60bd-4407-0000-1e96-dc160744db01}" RelatedActivityID=""></Correlation>
<Execution ProcessID="968" ThreadID="2608"></Execution>
<Channel>System</Channel>
<Computer>DESKTOP-DMF0A8P</Computer>
<Security UserID="S-1-5-18"></Security>
</System>
<EventData><Data Name="updateTitle">9NBLGGH3FRZM-Microsoft.VCLibs.140.00</Data>
<Data Name="updateGuid">{7c4b0956-b3f1-40ac-a633-668abc5d6af2}</Data>
<Data Name="updateRevisionNumber">1</Data>
</EventData>
</Event>

<Event xmlns="http://schemas.microsoft.com/win/2004/08/events/event"><System><Provider Name="Microsoft-Windows-WindowsUpdateClient" Guid="{945a8954-c147-4acd-923f-40c45405a658}"></Provider>
<EventID Qualifiers="">44</EventID>
<Version>1</Version>
<Level>4</Level>
<Task>1</Task>
<Opcode>12</Opcode>
<Keywords>0x8000000000002004</Keywords>
<TimeCreated SystemTime="2024-12-01 17:45:18.955379"></TimeCreated>
<EventRecordID>323</EventRecordID>
<Correlation ActivityID="{16dc60bd-4407-0000-1e96-dc160744db01}" RelatedActivityID=""></Correlation>
<Execution ProcessID="968" ThreadID="2608"></Execution>
<Channel>System</Channel>
<Computer>DESKTOP-DMF0A8P</Computer>
<Security UserID="S-1-5-18"></Security>
</System>
<EventData><Data Name="updateTitle">9N4D0MSMP0PT-Microsoft.VP9VideoExtensions</Data>
<Data Name="updateGuid">{bb9ae06e-3d3e-4960-8a66-4dc3aed699de}</Data>
<Data Name="updateRevisionNumber">1</Data>
</EventData>
</Event>

<Event xmlns="http://schemas.microsoft.com/win/2004/08/events/event"><System><Provider Name="Microsoft-Windows-WindowsUpdateClient" Guid="{945a8954-c147-4acd-923f-40c45405a658}"></Provider>
<EventID Qualifiers="">44</EventID>
<Version>1</Version>
<Level>4</Level>
<Task>1</Task>
<Opcode>12</Opcode>
<Keywords>0x8000000000002004</Keywords>
<TimeCreated SystemTime="2024-12-01 17:45:18.955383"></TimeCreated>
<EventRecordID>324</EventRecordID>
<Correlation ActivityID="{16dc60bd-4407-0000-1e96-dc160744db01}" RelatedActivityID=""></Correlation>
<Execution ProcessID="968" ThreadID="2608"></Execution>
<Channel>System</Channel>
<Computer>DESKTOP-DMF0A8P</Computer>
<Security UserID="S-1-5-18"></Security>
</System>
<EventData><Data Name="updateTitle">9PLL735RFDSM-Microsoft.NET.Native.Runtime.2.2</Data>
<Data Name="updateGuid">{9c137291-4059-4cb8-b650-12b07bbe1da1}</Data>
<Data Name="updateRevisionNumber">1</Data>
</EventData>
</Event>

<Event xmlns="http://schemas.microsoft.com/win/2004/08/events/event"><System><Provider Name="Microsoft-Windows-WindowsUpdateClient" Guid="{945a8954-c147-4acd-923f-40c45405a658}"></Provider>
<EventID Qualifiers="">44</EventID>
<Version>1</Version>
<Level>4</Level>
<Task>1</Task>
<Opcode>12</Opcode>
<Keywords>0x8000000000002004</Keywords>
<TimeCreated SystemTime="2024-12-01 17:45:18.955385"></TimeCreated>
<EventRecordID>325</EventRecordID>
<Correlation ActivityID="{16dc60bd-4407-0000-1e96-dc160744db01}" RelatedActivityID=""></Correlation>
<Execution ProcessID="968" ThreadID="2608"></Execution>
<Channel>System</Channel>
<Computer>DESKTOP-DMF0A8P</Computer>
<Security UserID="S-1-5-18"></Security>
</System>
<EventData><Data Name="updateTitle">9NBLGGH3FRZM-Microsoft.VCLibs.140.00</Data>
<Data Name="updateGuid">{7c4b0956-b3f1-40ac-a633-668abc5d6af2}</Data>
<Data Name="updateRevisionNumber">1</Data>
</EventData>
</Event>

<Event xmlns="http://schemas.microsoft.com/win/2004/08/events/event"><System><Provider Name="Microsoft-Windows-WindowsUpdateClient" Guid="{945a8954-c147-4acd-923f-40c45405a658}"></Provider>
<EventID Qualifiers="">44</EventID>
<Version>1</Version>
<Level>4</Level>
<Task>1</Task>
<Opcode>12</Opcode>
<Keywords>0x8000000000002004</Keywords>
<TimeCreated SystemTime="2024-12-01 17:45:18.955387"></TimeCreated>
<EventRecordID>326</EventRecordID>
<Correlation ActivityID="{16dc60bd-4407-0000-1e96-dc160744db01}" RelatedActivityID=""></Correlation>
<Execution ProcessID="968" ThreadID="2608"></Execution>
<Channel>System</Channel>
<Computer>DESKTOP-DMF0A8P</Computer>
<Security UserID="S-1-5-18"></Security>
</System>
<EventData><Data Name="updateTitle">9P086NHDNB9W-Microsoft.XboxSpeechtoTextOverlay</Data>
<Data Name="updateGuid">{0fe9b276-1904-4c51-a604-b9d791936b3d}</Data>
<Data Name="updateRevisionNumber">1</Data>
</EventData>
</Event>

<Event xmlns="http://schemas.microsoft.com/win/2004/08/events/event"><System><Provider Name="Microsoft-Windows-WindowsUpdateClient" Guid="{945a8954-c147-4acd-923f-40c45405a658}"></Provider>
<EventID Qualifiers="">44</EventID>
<Version>1</Version>
<Level>4</Level>
<Task>1</Task>
<Opcode>12</Opcode>
<Keywords>0x8000000000002004</Keywords>
<TimeCreated SystemTime="2024-12-01 17:45:20.455706"></TimeCreated>
<EventRecordID>327</EventRecordID>
<Correlation ActivityID="{16dc60bd-4407-0000-1e96-dc160744db01}" RelatedActivityID=""></Correlation>
<Execution ProcessID="968" ThreadID="2608"></Execution>
<Channel>System</Channel>
<Computer>DESKTOP-DMF0A8P</Computer>
<Security UserID="S-1-5-18"></Security>
</System>
<EventData><Data Name="updateTitle">9MW2LKJ0TPJF-Microsoft.NET.Native.Framework.2.2</Data>
<Data Name="updateGuid">{bfa7d40d-2cdf-4c15-98cf-85c847517da3}</Data>
<Data Name="updateRevisionNumber">1</Data>
</EventData>
</Event>

<Event xmlns="http://schemas.microsoft.com/win/2004/08/events/event"><System><Provider Name="Microsoft-Windows-WindowsUpdateClient" Guid="{945a8954-c147-4acd-923f-40c45405a658}"></Provider>
<EventID Qualifiers="">44</EventID>
<Version>1</Version>
<Level>4</Level>
<Task>1</Task>
<Opcode>12</Opcode>
<Keywords>0x8000000000002004</Keywords>
<TimeCreated SystemTime="2024-12-01 17:45:23.336208"></TimeCreated>
<EventRecordID>328</EventRecordID>
<Correlation ActivityID="{16dc60bd-4407-0000-1e96-dc160744db01}" RelatedActivityID=""></Correlation>
<Execution ProcessID="968" ThreadID="2608"></Execution>
<Channel>System</Channel>
<Computer>DESKTOP-DMF0A8P</Computer>
<Security UserID="S-1-5-18"></Security>
</System>
<EventData><Data Name="updateTitle">9NKNC0LD5NN6-Microsoft.Xbox.TCUI</Data>
<Data Name="updateGuid">{f97927ad-01c5-4063-87b2-4638508ff2f5}</Data>
<Data Name="updateRevisionNumber">1</Data>
</EventData>
</Event>

<Event xmlns="http://schemas.microsoft.com/win/2004/08/events/event"><System><Provider Name="Microsoft-Windows-WindowsUpdateClient" Guid="{945a8954-c147-4acd-923f-40c45405a658}"></Provider>
<EventID Qualifiers="">43</EventID>
<Version>1</Version>
<Level>4</Level>
<Task>1</Task>
<Opcode>13</Opcode>
<Keywords>0x8000000000002008</Keywords>
<TimeCreated SystemTime="2024-12-01 17:45:36.381939"></TimeCreated>
<EventRecordID>329</EventRecordID>
<Correlation ActivityID="" RelatedActivityID=""></Correlation>
<Execution ProcessID="968" ThreadID="5732"></Execution>
<Channel>System</Channel>
<Computer>DESKTOP-DMF0A8P</Computer>
<Security UserID="S-1-5-18"></Security>
</System>
<EventData><Data Name="updateTitle">9N4D0MSMP0PT-Microsoft.VP9VideoExtensions</Data>
<Data Name="updateGuid">{bb9ae06e-3d3e-4960-8a66-4dc3aed699de}</Data>
<Data Name="updateRevisionNumber">1</Data>
</EventData>
</Event>

<Event xmlns="http://schemas.microsoft.com/win/2004/08/events/event"><System><Provider Name="Microsoft-Windows-Kernel-General" Guid="{a68ca8b7-004f-d7b6-a698-07e2de0f1f5d}"></Provider>
<EventID Qualifiers="">16</EventID>
<Version>0</Version>
<Level>4</Level>
<Task>0</Task>
<Opcode>0</Opcode>
<Keywords>0x8000000000000000</Keywords>
<TimeCreated SystemTime="2024-12-01 17:45:36.513372"></TimeCreated>
<EventRecordID>330</EventRecordID>
<Correlation ActivityID="" RelatedActivityID=""></Correlation>
<Execution ProcessID="4464" ThreadID="424"></Execution>
<Channel>System</Channel>
<Computer>DESKTOP-DMF0A8P</Computer>
<Security UserID="S-1-5-21-136699128-1468578893-72476632-1001"></Security>
</System>
<EventData><Data Name="HiveNameLength">107</Data>
<Data Name="HiveName">\??\C:\Users\Hacker\AppData\Local\Packages\Microsoft.VP9VideoExtensions_8wekyb3d8bbwe\Settings\settings.dat</Data>
<Data Name="KeysUpdated">3</Data>
<Data Name="DirtyPages">1</Data>
</EventData>
</Event>

<Event xmlns="http://schemas.microsoft.com/win/2004/08/events/event"><System><Provider Name="Microsoft-Windows-WindowsUpdateClient" Guid="{945a8954-c147-4acd-923f-40c45405a658}"></Provider>
<EventID Qualifiers="">19</EventID>
<Version>1</Version>
<Level>4</Level>
<Task>1</Task>
<Opcode>13</Opcode>
<Keywords>0x8000000000000018</Keywords>
<TimeCreated SystemTime="2024-12-01 17:45:36.836119"></TimeCreated>
<EventRecordID>331</EventRecordID>
<Correlation ActivityID="{16dc60bd-4407-0000-9097-dc160744db01}" RelatedActivityID=""></Correlation>
<Execution ProcessID="968" ThreadID="5732"></Execution>
<Channel>System</Channel>
<Computer>DESKTOP-DMF0A8P</Computer>
<Security UserID="S-1-5-18"></Security>
</System>
<EventData><Data Name="updateTitle">9N4D0MSMP0PT-Microsoft.VP9VideoExtensions</Data>
<Data Name="updateGuid">{bb9ae06e-3d3e-4960-8a66-4dc3aed699de}</Data>
<Data Name="updateRevisionNumber">1</Data>
<Data Name="serviceGuid">{855e8a7c-ecb4-4ca3-b045-1dfa50104289}</Data>
</EventData>
</Event>

<Event xmlns="http://schemas.microsoft.com/win/2004/08/events/event"><System><Provider Name="Microsoft-Windows-WindowsUpdateClient" Guid="{945a8954-c147-4acd-923f-40c45405a658}"></Provider>
<EventID Qualifiers="">44</EventID>
<Version>1</Version>
<Level>4</Level>
<Task>1</Task>
<Opcode>12</Opcode>
<Keywords>0x8000000000002004</Keywords>
<TimeCreated SystemTime="2024-12-01 17:45:38.236689"></TimeCreated>
<EventRecordID>332</EventRecordID>
<Correlation ActivityID="{16dc60bd-4407-0000-1e96-dc160744db01}" RelatedActivityID=""></Correlation>
<Execution ProcessID="968" ThreadID="2608"></Execution>
<Channel>System</Channel>
<Computer>DESKTOP-DMF0A8P</Computer>
<Security UserID="S-1-5-18"></Security>
</System>
<EventData><Data Name="updateTitle">9NBLGGH3FRZM-Microsoft.VCLibs.140.00</Data>
<Data Name="updateGuid">{7c4b0956-b3f1-40ac-a633-668abc5d6af2}</Data>
<Data Name="updateRevisionNumber">1</Data>
</EventData>
</Event>

<Event xmlns="http://schemas.microsoft.com/win/2004/08/events/event"><System><Provider Name="Microsoft-Windows-WindowsUpdateClient" Guid="{945a8954-c147-4acd-923f-40c45405a658}"></Provider>
<EventID Qualifiers="">44</EventID>
<Version>1</Version>
<Level>4</Level>
<Task>1</Task>
<Opcode>12</Opcode>
<Keywords>0x8000000000002004</Keywords>
<TimeCreated SystemTime="2024-12-01 17:45:38.236692"></TimeCreated>
<EventRecordID>333</EventRecordID>
<Correlation ActivityID="{16dc60bd-4407-0000-1e96-dc160744db01}" RelatedActivityID=""></Correlation>
<Execution ProcessID="968" ThreadID="2608"></Execution>
<Channel>System</Channel>
<Computer>DESKTOP-DMF0A8P</Computer>
<Security UserID="S-1-5-18"></Security>
</System>
<EventData><Data Name="updateTitle">9P086NHDNB9W-Microsoft.XboxSpeechtoTextOverlay</Data>
<Data Name="updateGuid">{0fe9b276-1904-4c51-a604-b9d791936b3d}</Data>
<Data Name="updateRevisionNumber">1</Data>
</EventData>
</Event>

<Event xmlns="http://schemas.microsoft.com/win/2004/08/events/event"><System><Provider Name="Microsoft-Windows-WindowsUpdateClient" Guid="{945a8954-c147-4acd-923f-40c45405a658}"></Provider>
<EventID Qualifiers="">44</EventID>
<Version>1</Version>
<Level>4</Level>
<Task>1</Task>
<Opcode>12</Opcode>
<Keywords>0x8000000000002004</Keywords>
<TimeCreated SystemTime="2024-12-01 17:45:38.236694"></TimeCreated>
<EventRecordID>334</EventRecordID>
<Correlation ActivityID="{16dc60bd-4407-0000-1e96-dc160744db01}" RelatedActivityID=""></Correlation>
<Execution ProcessID="968" ThreadID="2608"></Execution>
<Channel>System</Channel>
<Computer>DESKTOP-DMF0A8P</Computer>
<Security UserID="S-1-5-18"></Security>
</System>
<EventData><Data Name="updateTitle">9NKNC0LD5NN6-Microsoft.Xbox.TCUI</Data>
<Data Name="updateGuid">{f97927ad-01c5-4063-87b2-4638508ff2f5}</Data>
<Data Name="updateRevisionNumber">1</Data>
</EventData>
</Event>

<Event xmlns="http://schemas.microsoft.com/win/2004/08/events/event"><System><Provider Name="Microsoft-Windows-WindowsUpdateClient" Guid="{945a8954-c147-4acd-923f-40c45405a658}"></Provider>
<EventID Qualifiers="">44</EventID>
<Version>1</Version>
<Level>4</Level>
<Task>1</Task>
<Opcode>12</Opcode>
<Keywords>0x8000000000002004</Keywords>
<TimeCreated SystemTime="2024-12-01 17:45:38.236698"></TimeCreated>
<EventRecordID>335</EventRecordID>
<Correlation ActivityID="{16dc60bd-4407-0000-1e96-dc160744db01}" RelatedActivityID=""></Correlation>
<Execution ProcessID="968" ThreadID="2608"></Execution>
<Channel>System</Channel>
<Computer>DESKTOP-DMF0A8P</Computer>
<Security UserID="S-1-5-18"></Security>
</System>
<EventData><Data Name="updateTitle">9NBLGGH3FRZM-Microsoft.VCLibs.140.00</Data>
<Data Name="updateGuid">{7c4b0956-b3f1-40ac-a633-668abc5d6af2}</Data>
<Data Name="updateRevisionNumber">1</Data>
</EventData>
</Event>

<Event xmlns="http://schemas.microsoft.com/win/2004/08/events/event"><System><Provider Name="Microsoft-Windows-WindowsUpdateClient" Guid="{945a8954-c147-4acd-923f-40c45405a658}"></Provider>
<EventID Qualifiers="">44</EventID>
<Version>1</Version>
<Level>4</Level>
<Task>1</Task>
<Opcode>12</Opcode>
<Keywords>0x8000000000002004</Keywords>
<TimeCreated SystemTime="2024-12-01 17:45:39.064695"></TimeCreated>
<EventRecordID>336</EventRecordID>
<Correlation ActivityID="{16dc60bd-4407-0000-1e96-dc160744db01}" RelatedActivityID=""></Correlation>
<Execution ProcessID="968" ThreadID="2608"></Execution>
<Channel>System</Channel>
<Computer>DESKTOP-DMF0A8P</Computer>
<Security UserID="S-1-5-18"></Security>
</System>
<EventData><Data Name="updateTitle">9P086NHDNB9W-Microsoft.XboxSpeechtoTextOverlay</Data>
<Data Name="updateGuid">{0fe9b276-1904-4c51-a604-b9d791936b3d}</Data>
<Data Name="updateRevisionNumber">1</Data>
</EventData>
</Event>

<Event xmlns="http://schemas.microsoft.com/win/2004/08/events/event"><System><Provider Name="Microsoft-Windows-WindowsUpdateClient" Guid="{945a8954-c147-4acd-923f-40c45405a658}"></Provider>
<EventID Qualifiers="">44</EventID>
<Version>1</Version>
<Level>4</Level>
<Task>1</Task>
<Opcode>12</Opcode>
<Keywords>0x8000000000002004</Keywords>
<TimeCreated SystemTime="2024-12-01 17:45:39.064701"></TimeCreated>
<EventRecordID>337</EventRecordID>
<Correlation ActivityID="{16dc60bd-4407-0000-1e96-dc160744db01}" RelatedActivityID=""></Correlation>
<Execution ProcessID="968" ThreadID="2608"></Execution>
<Channel>System</Channel>
<Computer>DESKTOP-DMF0A8P</Computer>
<Security UserID="S-1-5-18"></Security>
</System>
<EventData><Data Name="updateTitle">9NKNC0LD5NN6-Microsoft.Xbox.TCUI</Data>
<Data Name="updateGuid">{f97927ad-01c5-4063-87b2-4638508ff2f5}</Data>
<Data Name="updateRevisionNumber">1</Data>
</EventData>
</Event>

<Event xmlns="http://schemas.microsoft.com/win/2004/08/events/event"><System><Provider Name="Microsoft-Windows-Kernel-General" Guid="{a68ca8b7-004f-d7b6-a698-07e2de0f1f5d}"></Provider>
<EventID Qualifiers="">16</EventID>
<Version>0</Version>
<Level>4</Level>
<Task>0</Task>
<Opcode>0</Opcode>
<Keywords>0x8000000000000000</Keywords>
<TimeCreated SystemTime="2024-12-01 17:45:39.982147"></TimeCreated>
<EventRecordID>338</EventRecordID>
<Correlation ActivityID="" RelatedActivityID=""></Correlation>
<Execution ProcessID="4464" ThreadID="1132"></Execution>
<Channel>System</Channel>
<Computer>DESKTOP-DMF0A8P</Computer>
<Security UserID="S-1-5-18"></Security>
</System>
<EventData><Data Name="HiveNameLength">145</Data>
<Data Name="HiveName">\??\C:\ProgramData\Microsoft\Windows\AppRepository\Packages\Microsoft.XboxSpeechToTextOverlay_1.21.13002.0_x64__8wekyb3d8bbwe\ActivationStore.dat</Data>
<Data Name="KeysUpdated">0</Data>
<Data Name="DirtyPages">0</Data>
</EventData>
</Event>

<Event xmlns="http://schemas.microsoft.com/win/2004/08/events/event"><System><Provider Name="Microsoft-Windows-WindowsUpdateClient" Guid="{945a8954-c147-4acd-923f-40c45405a658}"></Provider>
<EventID Qualifiers="">44</EventID>
<Version>1</Version>
<Level>4</Level>
<Task>1</Task>
<Opcode>12</Opcode>
<Keywords>0x8000000000002004</Keywords>
<TimeCreated SystemTime="2024-12-01 17:45:40.518030"></TimeCreated>
<EventRecordID>339</EventRecordID>
<Correlation ActivityID="{16dc60bd-4407-0000-1e96-dc160744db01}" RelatedActivityID=""></Correlation>
<Execution ProcessID="968" ThreadID="2608"></Execution>
<Channel>System</Channel>
<Computer>DESKTOP-DMF0A8P</Computer>
<Security UserID="S-1-5-18"></Security>
</System>
<EventData><Data Name="updateTitle">9PLL735RFDSM-Microsoft.NET.Native.Runtime.2.2</Data>
<Data Name="updateGuid">{9c137291-4059-4cb8-b650-12b07bbe1da1}</Data>
<Data Name="updateRevisionNumber">1</Data>
</EventData>
</Event>

<Event xmlns="http://schemas.microsoft.com/win/2004/08/events/event"><System><Provider Name="Microsoft-Windows-WindowsUpdateClient" Guid="{945a8954-c147-4acd-923f-40c45405a658}"></Provider>
<EventID Qualifiers="">44</EventID>
<Version>1</Version>
<Level>4</Level>
<Task>1</Task>
<Opcode>12</Opcode>
<Keywords>0x8000000000002004</Keywords>
<TimeCreated SystemTime="2024-12-01 17:45:40.518032"></TimeCreated>
<EventRecordID>340</EventRecordID>
<Correlation ActivityID="{16dc60bd-4407-0000-1e96-dc160744db01}" RelatedActivityID=""></Correlation>
<Execution ProcessID="968" ThreadID="2608"></Execution>
<Channel>System</Channel>
<Computer>DESKTOP-DMF0A8P</Computer>
<Security UserID="S-1-5-18"></Security>
</System>
<EventData><Data Name="updateTitle">9NKNC0LD5NN6-Microsoft.Xbox.TCUI</Data>
<Data Name="updateGuid">{f97927ad-01c5-4063-87b2-4638508ff2f5}</Data>
<Data Name="updateRevisionNumber">1</Data>
</EventData>
</Event>

<Event xmlns="http://schemas.microsoft.com/win/2004/08/events/event"><System><Provider Name="Microsoft-Windows-WindowsUpdateClient" Guid="{945a8954-c147-4acd-923f-40c45405a658}"></Provider>
<EventID Qualifiers="">44</EventID>
<Version>1</Version>
<Level>4</Level>
<Task>1</Task>
<Opcode>12</Opcode>
<Keywords>0x8000000000002004</Keywords>
<TimeCreated SystemTime="2024-12-01 17:45:40.518034"></TimeCreated>
<EventRecordID>341</EventRecordID>
<Correlation ActivityID="{16dc60bd-4407-0000-1e96-dc160744db01}" RelatedActivityID=""></Correlation>
<Execution ProcessID="968" ThreadID="2608"></Execution>
<Channel>System</Channel>
<Computer>DESKTOP-DMF0A8P</Computer>
<Security UserID="S-1-5-18"></Security>
</System>
<EventData><Data Name="updateTitle">9PLL735RFDSM-Microsoft.NET.Native.Runtime.2.2</Data>
<Data Name="updateGuid">{9c137291-4059-4cb8-b650-12b07bbe1da1}</Data>
<Data Name="updateRevisionNumber">1</Data>
</EventData>
</Event>

<Event xmlns="http://schemas.microsoft.com/win/2004/08/events/event"><System><Provider Name="Microsoft-Windows-WindowsUpdateClient" Guid="{945a8954-c147-4acd-923f-40c45405a658}"></Provider>
<EventID Qualifiers="">44</EventID>
<Version>1</Version>
<Level>4</Level>
<Task>1</Task>
<Opcode>12</Opcode>
<Keywords>0x8000000000002004</Keywords>
<TimeCreated SystemTime="2024-12-01 17:45:40.518036"></TimeCreated>
<EventRecordID>342</EventRecordID>
<Correlation ActivityID="{16dc60bd-4407-0000-1e96-dc160744db01}" RelatedActivityID=""></Correlation>
<Execution ProcessID="968" ThreadID="2608"></Execution>
<Channel>System</Channel>
<Computer>DESKTOP-DMF0A8P</Computer>
<Security UserID="S-1-5-18"></Security>
</System>
<EventData><Data Name="updateTitle">9NKNC0LD5NN6-Microsoft.Xbox.TCUI</Data>
<Data Name="updateGuid">{f97927ad-01c5-4063-87b2-4638508ff2f5}</Data>
<Data Name="updateRevisionNumber">1</Data>
</EventData>
</Event>

<Event xmlns="http://schemas.microsoft.com/win/2004/08/events/event"><System><Provider Name="Microsoft-Windows-WindowsUpdateClient" Guid="{945a8954-c147-4acd-923f-40c45405a658}"></Provider>
<EventID Qualifiers="">44</EventID>
<Version>1</Version>
<Level>4</Level>
<Task>1</Task>
<Opcode>12</Opcode>
<Keywords>0x8000000000002004</Keywords>
<TimeCreated SystemTime="2024-12-01 17:45:40.785229"></TimeCreated>
<EventRecordID>343</EventRecordID>
<Correlation ActivityID="{16dc60bd-4407-0000-1e96-dc160744db01}" RelatedActivityID=""></Correlation>
<Execution ProcessID="968" ThreadID="2608"></Execution>
<Channel>System</Channel>
<Computer>DESKTOP-DMF0A8P</Computer>
<Security UserID="S-1-5-18"></Security>
</System>
<EventData><Data Name="updateTitle">9MW2LKJ0TPJF-Microsoft.NET.Native.Framework.2.2</Data>
<Data Name="updateGuid">{bfa7d40d-2cdf-4c15-98cf-85c847517da3}</Data>
<Data Name="updateRevisionNumber">1</Data>
</EventData>
</Event>

<Event xmlns="http://schemas.microsoft.com/win/2004/08/events/event"><System><Provider Name="Microsoft-Windows-WindowsUpdateClient" Guid="{945a8954-c147-4acd-923f-40c45405a658}"></Provider>
<EventID Qualifiers="">44</EventID>
<Version>1</Version>
<Level>4</Level>
<Task>1</Task>
<Opcode>12</Opcode>
<Keywords>0x8000000000002004</Keywords>
<TimeCreated SystemTime="2024-12-01 17:45:40.785231"></TimeCreated>
<EventRecordID>344</EventRecordID>
<Correlation ActivityID="{16dc60bd-4407-0000-1e96-dc160744db01}" RelatedActivityID=""></Correlation>
<Execution ProcessID="968" ThreadID="2608"></Execution>
<Channel>System</Channel>
<Computer>DESKTOP-DMF0A8P</Computer>
<Security UserID="S-1-5-18"></Security>
</System>
<EventData><Data Name="updateTitle">9NKNC0LD5NN6-Microsoft.Xbox.TCUI</Data>
<Data Name="updateGuid">{f97927ad-01c5-4063-87b2-4638508ff2f5}</Data>
<Data Name="updateRevisionNumber">1</Data>
</EventData>
</Event>

<Event xmlns="http://schemas.microsoft.com/win/2004/08/events/event"><System><Provider Name="Microsoft-Windows-WindowsUpdateClient" Guid="{945a8954-c147-4acd-923f-40c45405a658}"></Provider>
<EventID Qualifiers="">43</EventID>
<Version>1</Version>
<Level>4</Level>
<Task>1</Task>
<Opcode>13</Opcode>
<Keywords>0x8000000000002008</Keywords>
<TimeCreated SystemTime="2024-12-01 17:45:41.298714"></TimeCreated>
<EventRecordID>345</EventRecordID>
<Correlation ActivityID="" RelatedActivityID=""></Correlation>
<Execution ProcessID="968" ThreadID="5256"></Execution>
<Channel>System</Channel>
<Computer>DESKTOP-DMF0A8P</Computer>
<Security UserID="S-1-5-18"></Security>
</System>
<EventData><Data Name="updateTitle">9P086NHDNB9W-Microsoft.XboxSpeechtoTextOverlay</Data>
<Data Name="updateGuid">{0fe9b276-1904-4c51-a604-b9d791936b3d}</Data>
<Data Name="updateRevisionNumber">1</Data>
</EventData>
</Event>

<Event xmlns="http://schemas.microsoft.com/win/2004/08/events/event"><System><Provider Name="Microsoft-Windows-Kernel-General" Guid="{a68ca8b7-004f-d7b6-a698-07e2de0f1f5d}"></Provider>
<EventID Qualifiers="">16</EventID>
<Version>0</Version>
<Level>4</Level>
<Task>0</Task>
<Opcode>0</Opcode>
<Keywords>0x8000000000000000</Keywords>
<TimeCreated SystemTime="2024-12-01 17:45:41.461988"></TimeCreated>
<EventRecordID>346</EventRecordID>
<Correlation ActivityID="" RelatedActivityID=""></Correlation>
<Execution ProcessID="4464" ThreadID="1132"></Execution>
<Channel>System</Channel>
<Computer>DESKTOP-DMF0A8P</Computer>
<Security UserID="S-1-5-21-136699128-1468578893-72476632-1001"></Security>
</System>
<EventData><Data Name="HiveNameLength">112</Data>
<Data Name="HiveName">\??\C:\Users\Hacker\AppData\Local\Packages\Microsoft.XboxSpeechToTextOverlay_8wekyb3d8bbwe\Settings\settings.dat</Data>
<Data Name="KeysUpdated">3</Data>
<Data Name="DirtyPages">1</Data>
</EventData>
</Event>

<Event xmlns="http://schemas.microsoft.com/win/2004/08/events/event"><System><Provider Name="Microsoft-Windows-WindowsUpdateClient" Guid="{945a8954-c147-4acd-923f-40c45405a658}"></Provider>
<EventID Qualifiers="">19</EventID>
<Version>1</Version>
<Level>4</Level>
<Task>1</Task>
<Opcode>13</Opcode>
<Keywords>0x8000000000000018</Keywords>
<TimeCreated SystemTime="2024-12-01 17:45:41.840101"></TimeCreated>
<EventRecordID>347</EventRecordID>
<Correlation ActivityID="{16dc60bd-4407-0001-7c93-dc160744db01}" RelatedActivityID=""></Correlation>
<Execution ProcessID="968" ThreadID="5256"></Execution>
<Channel>System</Channel>
<Computer>DESKTOP-DMF0A8P</Computer>
<Security UserID="S-1-5-18"></Security>
</System>
<EventData><Data Name="updateTitle">9P086NHDNB9W-Microsoft.XboxSpeechtoTextOverlay</Data>
<Data Name="updateGuid">{0fe9b276-1904-4c51-a604-b9d791936b3d}</Data>
<Data Name="updateRevisionNumber">1</Data>
<Data Name="serviceGuid">{855e8a7c-ecb4-4ca3-b045-1dfa50104289}</Data>
</EventData>
</Event>

<Event xmlns="http://schemas.microsoft.com/win/2004/08/events/event"><System><Provider Name="Microsoft-Windows-WindowsUpdateClient" Guid="{945a8954-c147-4acd-923f-40c45405a658}"></Provider>
<EventID Qualifiers="">44</EventID>
<Version>1</Version>
<Level>4</Level>
<Task>1</Task>
<Opcode>12</Opcode>
<Keywords>0x8000000000002004</Keywords>
<TimeCreated SystemTime="2024-12-01 17:45:53.626740"></TimeCreated>
<EventRecordID>348</EventRecordID>
<Correlation ActivityID="{16dc60bd-4407-0000-1e96-dc160744db01}" RelatedActivityID=""></Correlation>
<Execution ProcessID="968" ThreadID="2608"></Execution>
<Channel>System</Channel>
<Computer>DESKTOP-DMF0A8P</Computer>
<Security UserID="S-1-5-18"></Security>
</System>
<EventData><Data Name="updateTitle">9NBLGGH3FRZM-Microsoft.VCLibs.140.00</Data>
<Data Name="updateGuid">{7c4b0956-b3f1-40ac-a633-668abc5d6af2}</Data>
<Data Name="updateRevisionNumber">1</Data>
</EventData>
</Event>

<Event xmlns="http://schemas.microsoft.com/win/2004/08/events/event"><System><Provider Name="Microsoft-Windows-WindowsUpdateClient" Guid="{945a8954-c147-4acd-923f-40c45405a658}"></Provider>
<EventID Qualifiers="">44</EventID>
<Version>1</Version>
<Level>4</Level>
<Task>1</Task>
<Opcode>12</Opcode>
<Keywords>0x8000000000002004</Keywords>
<TimeCreated SystemTime="2024-12-01 17:45:53.626741"></TimeCreated>
<EventRecordID>349</EventRecordID>
<Correlation ActivityID="{16dc60bd-4407-0000-1e96-dc160744db01}" RelatedActivityID=""></Correlation>
<Execution ProcessID="968" ThreadID="2608"></Execution>
<Channel>System</Channel>
<Computer>DESKTOP-DMF0A8P</Computer>
<Security UserID="S-1-5-18"></Security>
</System>
<EventData><Data Name="updateTitle">9NKNC0LD5NN6-Microsoft.Xbox.TCUI</Data>
<Data Name="updateGuid">{f97927ad-01c5-4063-87b2-4638508ff2f5}</Data>
<Data Name="updateRevisionNumber">1</Data>
</EventData>
</Event>

<Event xmlns="http://schemas.microsoft.com/win/2004/08/events/event"><System><Provider Name="Microsoft-Windows-WindowsUpdateClient" Guid="{945a8954-c147-4acd-923f-40c45405a658}"></Provider>
<EventID Qualifiers="">44</EventID>
<Version>1</Version>
<Level>4</Level>
<Task>1</Task>
<Opcode>12</Opcode>
<Keywords>0x8000000000002004</Keywords>
<TimeCreated SystemTime="2024-12-01 17:45:53.626743"></TimeCreated>
<EventRecordID>350</EventRecordID>
<Correlation ActivityID="{16dc60bd-4407-0000-1e96-dc160744db01}" RelatedActivityID=""></Correlation>
<Execution ProcessID="968" ThreadID="2608"></Execution>
<Channel>System</Channel>
<Computer>DESKTOP-DMF0A8P</Computer>
<Security UserID="S-1-5-18"></Security>
</System>
<EventData><Data Name="updateTitle">9NBLGGH3FRZM-Microsoft.VCLibs.140.00</Data>
<Data Name="updateGuid">{7c4b0956-b3f1-40ac-a633-668abc5d6af2}</Data>
<Data Name="updateRevisionNumber">1</Data>
</EventData>
</Event>

<Event xmlns="http://schemas.microsoft.com/win/2004/08/events/event"><System><Provider Name="Microsoft-Windows-WindowsUpdateClient" Guid="{945a8954-c147-4acd-923f-40c45405a658}"></Provider>
<EventID Qualifiers="">44</EventID>
<Version>1</Version>
<Level>4</Level>
<Task>1</Task>
<Opcode>12</Opcode>
<Keywords>0x8000000000002004</Keywords>
<TimeCreated SystemTime="2024-12-01 17:45:53.626745"></TimeCreated>
<EventRecordID>351</EventRecordID>
<Correlation ActivityID="{16dc60bd-4407-0000-1e96-dc160744db01}" RelatedActivityID=""></Correlation>
<Execution ProcessID="968" ThreadID="2608"></Execution>
<Channel>System</Channel>
<Computer>DESKTOP-DMF0A8P</Computer>
<Security UserID="S-1-5-18"></Security>
</System>
<EventData><Data Name="updateTitle">9NKNC0LD5NN6-Microsoft.Xbox.TCUI</Data>
<Data Name="updateGuid">{f97927ad-01c5-4063-87b2-4638508ff2f5}</Data>
<Data Name="updateRevisionNumber">1</Data>
</EventData>
</Event>

<Event xmlns="http://schemas.microsoft.com/win/2004/08/events/event"><System><Provider Name="Microsoft-Windows-WindowsUpdateClient" Guid="{945a8954-c147-4acd-923f-40c45405a658}"></Provider>
<EventID Qualifiers="">44</EventID>
<Version>1</Version>
<Level>4</Level>
<Task>1</Task>
<Opcode>12</Opcode>
<Keywords>0x8000000000002004</Keywords>
<TimeCreated SystemTime="2024-12-01 17:45:53.626747"></TimeCreated>
<EventRecordID>352</EventRecordID>
<Correlation ActivityID="{16dc60bd-4407-0000-1e96-dc160744db01}" RelatedActivityID=""></Correlation>
<Execution ProcessID="968" ThreadID="2608"></Execution>
<Channel>System</Channel>
<Computer>DESKTOP-DMF0A8P</Computer>
<Security UserID="S-1-5-18"></Security>
</System>
<EventData><Data Name="updateTitle">9WZDNCRDTBVB-MICROSOFT.WINDOWSMAPS</Data>
<Data Name="updateGuid">{27add8b6-4100-4ab2-a97c-6bd921c838e5}</Data>
<Data Name="updateRevisionNumber">1</Data>
</EventData>
</Event>

<Event xmlns="http://schemas.microsoft.com/win/2004/08/events/event"><System><Provider Name="Microsoft-Windows-Kernel-General" Guid="{a68ca8b7-004f-d7b6-a698-07e2de0f1f5d}"></Provider>
<EventID Qualifiers="">16</EventID>
<Version>0</Version>
<Level>4</Level>
<Task>0</Task>
<Opcode>0</Opcode>
<Keywords>0x8000000000000000</Keywords>
<TimeCreated SystemTime="2024-12-01 17:45:56.801746"></TimeCreated>
<EventRecordID>353</EventRecordID>
<Correlation ActivityID="" RelatedActivityID=""></Correlation>
<Execution ProcessID="4464" ThreadID="2248"></Execution>
<Channel>System</Channel>
<Computer>DESKTOP-DMF0A8P</Computer>
<Security UserID="S-1-5-18"></Security>
</System>
<EventData><Data Name="HiveNameLength">131</Data>
<Data Name="HiveName">\??\C:\ProgramData\Microsoft\Windows\AppRepository\Packages\Microsoft.Xbox.TCUI_1.24.10001.0_x64__8wekyb3d8bbwe\ActivationStore.dat</Data>
<Data Name="KeysUpdated">0</Data>
<Data Name="DirtyPages">0</Data>
</EventData>
</Event>

<Event xmlns="http://schemas.microsoft.com/win/2004/08/events/event"><System><Provider Name="Microsoft-Windows-WindowsUpdateClient" Guid="{945a8954-c147-4acd-923f-40c45405a658}"></Provider>
<EventID Qualifiers="">44</EventID>
<Version>1</Version>
<Level>4</Level>
<Task>1</Task>
<Opcode>12</Opcode>
<Keywords>0x8000000000002004</Keywords>
<TimeCreated SystemTime="2024-12-01 17:45:57.519592"></TimeCreated>
<EventRecordID>354</EventRecordID>
<Correlation ActivityID="{16dc60bd-4407-0000-1e96-dc160744db01}" RelatedActivityID=""></Correlation>
<Execution ProcessID="968" ThreadID="2608"></Execution>
<Channel>System</Channel>
<Computer>DESKTOP-DMF0A8P</Computer>
<Security UserID="S-1-5-18"></Security>
</System>
<EventData><Data Name="updateTitle">9N5TDP8VCMHS-Microsoft.WebMediaExtensions</Data>
<Data Name="updateGuid">{5319d8ab-5fd7-468e-b80d-9b78f53657b1}</Data>
<Data Name="updateRevisionNumber">1</Data>
</EventData>
</Event>

<Event xmlns="http://schemas.microsoft.com/win/2004/08/events/event"><System><Provider Name="Microsoft-Windows-WindowsUpdateClient" Guid="{945a8954-c147-4acd-923f-40c45405a658}"></Provider>
<EventID Qualifiers="">44</EventID>
<Version>1</Version>
<Level>4</Level>
<Task>1</Task>
<Opcode>12</Opcode>
<Keywords>0x8000000000002004</Keywords>
<TimeCreated SystemTime="2024-12-01 17:45:58.529293"></TimeCreated>
<EventRecordID>355</EventRecordID>
<Correlation ActivityID="" RelatedActivityID=""></Correlation>
<Execution ProcessID="968" ThreadID="5480"></Execution>
<Channel>System</Channel>
<Computer>DESKTOP-DMF0A8P</Computer>
<Security UserID="S-1-5-18"></Security>
</System>
<EventData><Data Name="updateTitle">9PG2DK419DRG-Microsoft.WebpImageExtension</Data>
<Data Name="updateGuid">{0d5a662d-006c-4db0-9c9c-a6182cef3eb1}</Data>
<Data Name="updateRevisionNumber">1</Data>
</EventData>
</Event>

<Event xmlns="http://schemas.microsoft.com/win/2004/08/events/event"><System><Provider Name="Microsoft-Windows-WindowsUpdateClient" Guid="{945a8954-c147-4acd-923f-40c45405a658}"></Provider>
<EventID Qualifiers="">43</EventID>
<Version>1</Version>
<Level>4</Level>
<Task>1</Task>
<Opcode>13</Opcode>
<Keywords>0x8000000000002008</Keywords>
<TimeCreated SystemTime="2024-12-01 17:45:58.529398"></TimeCreated>
<EventRecordID>356</EventRecordID>
<Correlation ActivityID="" RelatedActivityID=""></Correlation>
<Execution ProcessID="968" ThreadID="5480"></Execution>
<Channel>System</Channel>
<Computer>DESKTOP-DMF0A8P</Computer>
<Security UserID="S-1-5-18"></Security>
</System>
<EventData><Data Name="updateTitle">9PLL735RFDSM-Microsoft.NET.Native.Runtime.2.2</Data>
<Data Name="updateGuid">{9c137291-4059-4cb8-b650-12b07bbe1da1}</Data>
<Data Name="updateRevisionNumber">1</Data>
</EventData>
</Event>

